#
# There is insufficient memory for the Java Runtime Environment to continue.
# Native memory allocation (malloc) failed to allocate 884496 bytes for Chunk::new
# Possible reasons:
#   The system is out of physical RAM or swap space
#   The process is running with CompressedOops enabled, and the Java Heap may be blocking the growth of the native heap
# Possible solutions:
#   Reduce memory load on the system
#   Increase physical memory or swap space
#   Check if swap backing store is full
#   Decrease Java heap size (-Xmx/-Xms)
#   Decrease number of Java threads
#   Decrease Java thread stack sizes (-Xss)
#   Set larger code cache with -XX:ReservedCodeCacheSize=
#   JVM is running with Zero Based Compressed Oops mode in which the Java heap is
#     placed in the first 32GB address space. The Java Heap base address is the
#     maximum limit for the native heap growth. Please use -XX:HeapBaseMinAddress
#     to set the Java Heap base and to place the Java Heap above 32GB virtual address.
# This output file may be truncated or incomplete.
#
#  Out of Memory Error (arena.cpp:189), pid=2728, tid=19096
#
# JRE version: OpenJDK Runtime Environment (17.0.6) (build 17.0.6+0-b2043.56-10027231)
# Java VM: OpenJDK 64-Bit Server VM (17.0.6+0-b2043.56-10027231, mixed mode, tiered, compressed oops, compressed class ptrs, g1 gc, windows-amd64)
# No core dump will be written. Minidumps are not enabled by default on client versions of Windows
#

---------------  S U M M A R Y ------------

Command Line: --add-opens=java.base/java.io=ALL-UNNAMED --add-opens=java.base/java.util=ALL-UNNAMED --add-opens=java.base/java.lang=ALL-UNNAMED --add-opens=java.base/java.lang.invoke=ALL-UNNAMED --add-opens=java.base/java.util=ALL-UNNAMED --add-opens=java.prefs/java.util.prefs=ALL-UNNAMED --add-opens=java.prefs/java.util.prefs=ALL-UNNAMED --add-opens=java.base/java.nio.charset=ALL-UNNAMED --add-opens=java.base/java.net=ALL-UNNAMED --add-opens=java.base/java.util.concurrent.atomic=ALL-UNNAMED -Dfile.encoding=x-windows-949 -Duser.country=KR -Duser.language=ko -Duser.variant org.gradle.launcher.daemon.bootstrap.GradleDaemon 7.2

Host: Intel(R) Core(TM) i3-10100 CPU @ 3.60GHz, 8 cores, 15G,  Windows 10 , 64 bit Build 19041 (10.0.19041.3155)
Time: Tue Aug 15 16:23:47 2023  Windows 10 , 64 bit Build 19041 (10.0.19041.3155) elapsed time: 41.953251 seconds (0d 0h 0m 41s)

---------------  T H R E A D  ---------------

Current thread (0x00000295740bf3c0):  JavaThread "C2 CompilerThread0" daemon [_thread_in_native, id=19096, stack(0x000000c985e00000,0x000000c985f00000)]


Current CompileTask:
C2:  41953 12498   !   4       org.gradle.api.internal.attributes.DefaultImmutableAttributesFactory::doConcatIsolatable (128 bytes)

Stack: [0x000000c985e00000,0x000000c985f00000]
Native frames: (J=compiled Java code, j=interpreted, Vv=VM code, C=native code)
V  [jvm.dll+0x683c9a]
V  [jvm.dll+0x8427a4]
V  [jvm.dll+0x843f9e]
V  [jvm.dll+0x844603]
V  [jvm.dll+0x249b75]
V  [jvm.dll+0xabcac]
V  [jvm.dll+0xac27c]
V  [jvm.dll+0x2b0eef]
V  [jvm.dll+0x58a267]
V  [jvm.dll+0x2243b2]
V  [jvm.dll+0x21dbe9]
V  [jvm.dll+0x21b51b]
V  [jvm.dll+0x1a4fdd]
V  [jvm.dll+0x22b098]
V  [jvm.dll+0x229159]
V  [jvm.dll+0x7f81ec]
V  [jvm.dll+0x7f274a]
V  [jvm.dll+0x682ad5]
C  [ucrtbase.dll+0x21bb2]
C  [KERNEL32.DLL+0x17614]
C  [ntdll.dll+0x526b1]


---------------  P R O C E S S  ---------------

Threads class SMR info:
_java_thread_list=0x000002957ea40860, length=133, elements={
0x0000029552a28280, 0x000002957403a3c0, 0x000002957403b230, 0x000002957406e900,
0x0000029574070ee0, 0x00000295740738b0, 0x00000295740b4860, 0x00000295740bf3c0,
0x00000295740ca0e0, 0x00000295740ca9e0, 0x00000295740b3520, 0x00000295740b4d30,
0x00000295740b39f0, 0x00000295740b3050, 0x00000295740b26b0, 0x00000295740b3ec0,
0x00000295740b56d0, 0x0000029576f6c680, 0x0000029576f6c1b0, 0x0000029576f64e30,
0x0000029576f657d0, 0x0000029576f69190, 0x0000029576f6b810, 0x0000029576f67e50,
0x0000029576f6a000, 0x0000029576f674b0, 0x0000029576f68320, 0x0000029576f6b340,
0x0000029576f6bce0, 0x0000029579776bc0, 0x0000029579778d70, 0x0000029579777560,
0x0000029579777f00, 0x000002957beb8c00, 0x000002957beb3a30, 0x000002957beb73f0,
0x000002957beb9f40, 0x000002957beb3f00, 0x0000029579d5d540, 0x0000029579d63580,
0x0000029579d62240, 0x0000029579d62710, 0x0000029579d5d070, 0x0000029579d643f0,
0x0000029579d5fbc0, 0x0000029579d61d70, 0x0000029579d5da10, 0x0000029579d5f6f0,
0x0000029579d63f20, 0x0000029579d62be0, 0x0000029579d630b0, 0x0000029574333fe0,
0x0000029579d60090, 0x0000029579d5e880, 0x0000029579d60560, 0x0000029579d5ed50,
0x0000029579d63a50, 0x0000029579d648c0, 0x0000029579d5dee0, 0x0000029579d5e3b0,
0x0000029579d618a0, 0x0000029579d5f220, 0x0000029579d60a30, 0x0000029579d60f00,
0x0000029579d613d0, 0x0000029579775d50, 0x000002957977a580, 0x0000029579775880,
0x0000029579776220, 0x000002957977af20, 0x000002957977b8c0, 0x00000295797783d0,
0x0000029579777090, 0x0000029579779240, 0x0000029579779710, 0x0000029579777a30,
0x0000029579774070, 0x0000029579774540, 0x00000295797766f0, 0x0000029579774a10,
0x0000029579774ee0, 0x00000295797753b0, 0x00000295797788a0, 0x000002957beb5240,
0x000002957beb7d90, 0x000002957beb8260, 0x000002957beb43d0, 0x000002957beb5710,
0x000002957beb78c0, 0x000002957beb8730, 0x000002957beb90d0, 0x000002957beb5be0,
0x000002957beb95a0, 0x000002957beb9a70, 0x000002957beb48a0, 0x000002957beba410,
0x000002957bebadb0, 0x000002957bebb280, 0x000002957beb4d70, 0x000002957beb60b0,
0x000002957beba8e0, 0x0000029576f66b10, 0x0000029576f6a4d0, 0x0000029576f65ca0,
0x0000029576f66fe0, 0x0000029576f67980, 0x0000029576f687f0, 0x0000029576f68cc0,
0x0000029576f69660, 0x0000029576f69b30, 0x00000295740b4390, 0x00000295740b5200,
0x00000295740b5ba0, 0x00000295740b2b80, 0x000002957be67e10, 0x000002957be65790,
0x000002957be682e0, 0x000002957be687b0, 0x000002957be64df0, 0x000002957be652c0,
0x000002957be65c60, 0x000002957be66ad0, 0x000002957be66fa0, 0x000002957be66130,
0x000002957be66600, 0x000002957be67470, 0x000002957be67940, 0x00000295751f6b90,
0x00000295751f5d20, 0x00000295751f5380, 0x00000295751f61f0, 0x00000295751f5850,
0x0000029577a6c350
}

Java Threads: ( => current thread )
  0x0000029552a28280 JavaThread "main" [_thread_blocked, id=21876, stack(0x000000c985100000,0x000000c985200000)]
  0x000002957403a3c0 JavaThread "Reference Handler" daemon [_thread_blocked, id=15628, stack(0x000000c985800000,0x000000c985900000)]
  0x000002957403b230 JavaThread "Finalizer" daemon [_thread_blocked, id=9896, stack(0x000000c985900000,0x000000c985a00000)]
  0x000002957406e900 JavaThread "Signal Dispatcher" daemon [_thread_blocked, id=4556, stack(0x000000c985a00000,0x000000c985b00000)]
  0x0000029574070ee0 JavaThread "Attach Listener" daemon [_thread_blocked, id=23712, stack(0x000000c985b00000,0x000000c985c00000)]
  0x00000295740738b0 JavaThread "Service Thread" daemon [_thread_blocked, id=23064, stack(0x000000c985c00000,0x000000c985d00000)]
  0x00000295740b4860 JavaThread "Monitor Deflation Thread" daemon [_thread_blocked, id=2604, stack(0x000000c985d00000,0x000000c985e00000)]
=>0x00000295740bf3c0 JavaThread "C2 CompilerThread0" daemon [_thread_in_native, id=19096, stack(0x000000c985e00000,0x000000c985f00000)]
  0x00000295740ca0e0 JavaThread "C1 CompilerThread0" daemon [_thread_in_native, id=3988, stack(0x000000c985f00000,0x000000c986000000)]
  0x00000295740ca9e0 JavaThread "Sweeper thread" daemon [_thread_blocked, id=1724, stack(0x000000c986000000,0x000000c986100000)]
  0x00000295740b3520 JavaThread "Common-Cleaner" daemon [_thread_blocked, id=20236, stack(0x000000c986100000,0x000000c986200000)]
  0x00000295740b4d30 JavaThread "Notification Thread" daemon [_thread_blocked, id=18836, stack(0x000000c986200000,0x000000c986300000)]
  0x00000295740b39f0 JavaThread "Daemon health stats" [_thread_blocked, id=14344, stack(0x000000c986b00000,0x000000c986c00000)]
  0x00000295740b3050 JavaThread "Incoming local TCP Connector on port 57461" [_thread_in_native, id=18648, stack(0x000000c986500000,0x000000c986600000)]
  0x00000295740b26b0 JavaThread "Daemon periodic checks" [_thread_blocked, id=23156, stack(0x000000c986c00000,0x000000c986d00000)]
  0x00000295740b3ec0 JavaThread "Daemon" [_thread_blocked, id=22308, stack(0x000000c986d00000,0x000000c986e00000)]
  0x00000295740b56d0 JavaThread "Daemon worker" [_thread_in_Java, id=3896, stack(0x000000c987000000,0x000000c987100000)]
  0x0000029576f6c680 JavaThread "Cache worker for journal cache (C:\Users\lee\.gradle\caches\journal-1)" [_thread_blocked, id=15988, stack(0x000000c987700000,0x000000c987800000)]
  0x0000029576f6c1b0 JavaThread "File lock request listener" [_thread_in_native, id=22428, stack(0x000000c987800000,0x000000c987900000)]
  0x0000029576f64e30 JavaThread "Cache worker for file hash cache (C:\Users\lee\.gradle\caches\7.2\fileHashes)" [_thread_blocked, id=13680, stack(0x000000c987900000,0x000000c987a00000)]
  0x0000029576f657d0 JavaThread "File watcher server" daemon [_thread_in_native, id=25100, stack(0x000000c987c00000,0x000000c987d00000)]
  0x0000029576f69190 JavaThread "File watcher consumer" daemon [_thread_blocked, id=16252, stack(0x000000c987d00000,0x000000c987e00000)]
  0x0000029576f6b810 JavaThread "Cache worker for execution history cache (C:\Users\lee\.gradle\caches\7.2\executionHistory)" [_thread_blocked, id=19752, stack(0x000000c988100000,0x000000c988200000)]
  0x0000029576f67e50 JavaThread "jar transforms" [_thread_blocked, id=8384, stack(0x000000c988200000,0x000000c988300000)]
  0x0000029576f6a000 JavaThread "jar transforms Thread 2" [_thread_blocked, id=16204, stack(0x000000c988300000,0x000000c988400000)]
  0x0000029576f674b0 JavaThread "Cache worker for file content cache (C:\Users\lee\.gradle\caches\7.2\fileContent)" [_thread_blocked, id=22836, stack(0x000000c988500000,0x000000c988600000)]
  0x0000029576f68320 JavaThread "jar transforms Thread 3" [_thread_blocked, id=22744, stack(0x000000c988600000,0x000000c988700000)]
  0x0000029576f6b340 JavaThread "jar transforms Thread 4" [_thread_blocked, id=4824, stack(0x000000c988700000,0x000000c988800000)]
  0x0000029576f6bce0 JavaThread "jar transforms Thread 5" [_thread_blocked, id=23448, stack(0x000000c988900000,0x000000c988a00000)]
  0x0000029579776bc0 JavaThread "jar transforms Thread 6" [_thread_blocked, id=15708, stack(0x000000c98db00000,0x000000c98dc00000)]
  0x0000029579778d70 JavaThread "jar transforms Thread 7" [_thread_blocked, id=24528, stack(0x000000c98dc00000,0x000000c98dd00000)]
  0x0000029579777560 JavaThread "jar transforms Thread 8" [_thread_blocked, id=16352, stack(0x000000c98dd00000,0x000000c98de00000)]
  0x0000029579777f00 JavaThread "Memory manager" [_thread_blocked, id=22288, stack(0x000000c98de00000,0x000000c98df00000)]
  0x000002957beb8c00 JavaThread "RMI Scheduler(0)" daemon [_thread_blocked, id=24676, stack(0x000000c98e700000,0x000000c98e800000)]
  0x000002957beb3a30 JavaThread "RMI GC Daemon" daemon [_thread_blocked, id=20932, stack(0x000000c98e900000,0x000000c98ea00000)]
  0x000002957beb73f0 JavaThread "RMI TCP Accept-0" daemon [_thread_in_native, id=12020, stack(0x000000c98ea00000,0x000000c98eb00000)]
  0x000002957beb9f40 JavaThread "RMI Reaper" [_thread_blocked, id=17944, stack(0x000000c98eb00000,0x000000c98ec00000)]
  0x000002957beb3f00 JavaThread "RMI TCP Connection(idle)" daemon [_thread_blocked, id=15312, stack(0x000000c98ec00000,0x000000c98ed00000)]
  0x0000029579d5d540 JavaThread "RMI RenewClean-[127.0.0.1:17990,org.jetbrains.kotlin.daemon.common.LoopbackNetworkInterface$ClientLoopbackSocketFactory@50d334b7]" daemon [_thread_blocked, id=13660, stack(0x000000c98e800000,0x000000c98e900000)]
  0x0000029579d63580 JavaThread "RMI TCP Connection(idle)" daemon [_thread_blocked, id=24704, stack(0x000000c98ed00000,0x000000c98ee00000)]
  0x0000029579d62240 JavaThread "Handler for socket connection from /127.0.0.1:57461 to /127.0.0.1:57498" [_thread_in_native, id=23564, stack(0x000000c986f00000,0x000000c987000000)]
  0x0000029579d62710 JavaThread "Cancel handler" [_thread_blocked, id=16232, stack(0x000000c987100000,0x000000c987200000)]
  0x0000029579d5d070 JavaThread "Asynchronous log dispatcher for DefaultDaemonConnection: socket connection from /127.0.0.1:57461 to /127.0.0.1:57498" [_thread_blocked, id=18296, stack(0x000000c987200000,0x000000c987300000)]
  0x0000029579d643f0 JavaThread "Stdin handler" [_thread_blocked, id=8804, stack(0x000000c987300000,0x000000c987400000)]
  0x0000029579d5fbc0 JavaThread "Daemon client event forwarder" [_thread_blocked, id=24304, stack(0x000000c987a00000,0x000000c987b00000)]
  0x0000029579d61d70 JavaThread "Cache worker for file hash cache (C:\Users\lee\AndroidStudioProjects\RecyclerViewSample\.gradle\7.2\fileHashes)" [_thread_blocked, id=23340, stack(0x000000c987b00000,0x000000c987c00000)]
  0x0000029579d5da10 JavaThread "Cache worker for checksums cache (C:\Users\lee\AndroidStudioProjects\RecyclerViewSample\.gradle\checksums)" [_thread_blocked, id=10040, stack(0x000000c987e00000,0x000000c987f00000)]
  0x0000029579d5f6f0 JavaThread "Cache worker for cache directory md-supplier (C:\Users\lee\.gradle\caches\7.2\md-supplier)" [_thread_blocked, id=13224, stack(0x000000c987f00000,0x000000c988000000)]
  0x0000029579d63f20 JavaThread "Cache worker for cache directory md-rule (C:\Users\lee\.gradle\caches\7.2\md-rule)" [_thread_blocked, id=24548, stack(0x000000c988000000,0x000000c988100000)]
  0x0000029579d62be0 JavaThread "Cache worker for dependencies-accessors (C:\Users\lee\AndroidStudioProjects\RecyclerViewSample\.gradle\7.2\dependencies-accessors)" [_thread_blocked, id=8428, stack(0x000000c988800000,0x000000c988900000)]
  0x0000029579d630b0 JavaThread "Cache worker for Build Output Cleanup Cache (C:\Users\lee\AndroidStudioProjects\RecyclerViewSample\.gradle\buildOutputCleanup)" [_thread_blocked, id=832, stack(0x000000c988a00000,0x000000c988b00000)]
  0x0000029574333fe0 JavaThread "C2 CompilerThread1" daemon [_thread_in_native, id=24052, stack(0x000000c988b00000,0x000000c988c00000)]
  0x0000029579d60090 JavaThread "Unconstrained build operations" [_thread_blocked, id=11656, stack(0x000000c988c00000,0x000000c988d00000)]
  0x0000029579d5e880 JavaThread "Unconstrained build operations Thread 2" [_thread_blocked, id=12116, stack(0x000000c988d00000,0x000000c988e00000)]
  0x0000029579d60560 JavaThread "Unconstrained build operations Thread 3" [_thread_blocked, id=6608, stack(0x000000c988e00000,0x000000c988f00000)]
  0x0000029579d5ed50 JavaThread "Unconstrained build operations Thread 4" [_thread_blocked, id=12676, stack(0x000000c988f00000,0x000000c989000000)]
  0x0000029579d63a50 JavaThread "Unconstrained build operations Thread 5" [_thread_blocked, id=19964, stack(0x000000c989000000,0x000000c989100000)]
  0x0000029579d648c0 JavaThread "Unconstrained build operations Thread 6" [_thread_blocked, id=19860, stack(0x000000c989100000,0x000000c989200000)]
  0x0000029579d5dee0 JavaThread "Unconstrained build operations Thread 7" [_thread_blocked, id=22624, stack(0x000000c989200000,0x000000c989300000)]
  0x0000029579d5e3b0 JavaThread "Unconstrained build operations Thread 8" [_thread_blocked, id=23484, stack(0x000000c989300000,0x000000c989400000)]
  0x0000029579d618a0 JavaThread "Unconstrained build operations Thread 9" [_thread_blocked, id=21484, stack(0x000000c989400000,0x000000c989500000)]
  0x0000029579d5f220 JavaThread "Unconstrained build operations Thread 10" [_thread_blocked, id=21196, stack(0x000000c989500000,0x000000c989600000)]
  0x0000029579d60a30 JavaThread "Unconstrained build operations Thread 11" [_thread_blocked, id=20660, stack(0x000000c989600000,0x000000c989700000)]
  0x0000029579d60f00 JavaThread "Unconstrained build operations Thread 12" [_thread_blocked, id=8824, stack(0x000000c989700000,0x000000c989800000)]
  0x0000029579d613d0 JavaThread "Unconstrained build operations Thread 13" [_thread_blocked, id=15860, stack(0x000000c989800000,0x000000c989900000)]
  0x0000029579775d50 JavaThread "Unconstrained build operations Thread 14" [_thread_blocked, id=24876, stack(0x000000c989900000,0x000000c989a00000)]
  0x000002957977a580 JavaThread "Unconstrained build operations Thread 15" [_thread_blocked, id=3036, stack(0x000000c989a00000,0x000000c989b00000)]
  0x0000029579775880 JavaThread "Unconstrained build operations Thread 16" [_thread_blocked, id=20880, stack(0x000000c989b00000,0x000000c989c00000)]
  0x0000029579776220 JavaThread "Unconstrained build operations Thread 17" [_thread_blocked, id=24980, stack(0x000000c989c00000,0x000000c989d00000)]
  0x000002957977af20 JavaThread "Unconstrained build operations Thread 18" [_thread_blocked, id=13364, stack(0x000000c989d00000,0x000000c989e00000)]
  0x000002957977b8c0 JavaThread "Unconstrained build operations Thread 19" [_thread_blocked, id=18676, stack(0x000000c989e00000,0x000000c989f00000)]
  0x00000295797783d0 JavaThread "Unconstrained build operations Thread 20" [_thread_blocked, id=10612, stack(0x000000c989f00000,0x000000c98a000000)]
  0x0000029579777090 JavaThread "Unconstrained build operations Thread 21" [_thread_blocked, id=24100, stack(0x000000c98a000000,0x000000c98a100000)]
  0x0000029579779240 JavaThread "Unconstrained build operations Thread 22" [_thread_blocked, id=23220, stack(0x000000c98a100000,0x000000c98a200000)]
  0x0000029579779710 JavaThread "Unconstrained build operations Thread 23" [_thread_blocked, id=17252, stack(0x000000c98a200000,0x000000c98a300000)]
  0x0000029579777a30 JavaThread "Unconstrained build operations Thread 24" [_thread_blocked, id=18780, stack(0x000000c98a300000,0x000000c98a400000)]
  0x0000029579774070 JavaThread "Unconstrained build operations Thread 25" [_thread_blocked, id=19852, stack(0x000000c98a400000,0x000000c98a500000)]
  0x0000029579774540 JavaThread "Unconstrained build operations Thread 26" [_thread_blocked, id=4112, stack(0x000000c98a500000,0x000000c98a600000)]
  0x00000295797766f0 JavaThread "Unconstrained build operations Thread 27" [_thread_blocked, id=14288, stack(0x000000c98a600000,0x000000c98a700000)]
  0x0000029579774a10 JavaThread "Unconstrained build operations Thread 28" [_thread_blocked, id=14624, stack(0x000000c98a700000,0x000000c98a800000)]
  0x0000029579774ee0 JavaThread "Unconstrained build operations Thread 29" [_thread_blocked, id=14632, stack(0x000000c98a800000,0x000000c98a900000)]
  0x00000295797753b0 JavaThread "Unconstrained build operations Thread 30" [_thread_blocked, id=18948, stack(0x000000c98a900000,0x000000c98aa00000)]
  0x00000295797788a0 JavaThread "Unconstrained build operations Thread 31" [_thread_blocked, id=23608, stack(0x000000c98aa00000,0x000000c98ab00000)]
  0x000002957beb5240 JavaThread "Unconstrained build operations Thread 32" [_thread_blocked, id=17296, stack(0x000000c98ab00000,0x000000c98ac00000)]
  0x000002957beb7d90 JavaThread "Unconstrained build operations Thread 33" [_thread_blocked, id=19576, stack(0x000000c98ac00000,0x000000c98ad00000)]
  0x000002957beb8260 JavaThread "Unconstrained build operations Thread 34" [_thread_blocked, id=23796, stack(0x000000c98ad00000,0x000000c98ae00000)]
  0x000002957beb43d0 JavaThread "Unconstrained build operations Thread 35" [_thread_blocked, id=19000, stack(0x000000c98ae00000,0x000000c98af00000)]
  0x000002957beb5710 JavaThread "Unconstrained build operations Thread 36" [_thread_blocked, id=21752, stack(0x000000c98af00000,0x000000c98b000000)]
  0x000002957beb78c0 JavaThread "Unconstrained build operations Thread 37" [_thread_blocked, id=8764, stack(0x000000c98b000000,0x000000c98b100000)]
  0x000002957beb8730 JavaThread "Unconstrained build operations Thread 38" [_thread_blocked, id=7212, stack(0x000000c98b100000,0x000000c98b200000)]
  0x000002957beb90d0 JavaThread "Unconstrained build operations Thread 39" [_thread_blocked, id=21840, stack(0x000000c98b200000,0x000000c98b300000)]
  0x000002957beb5be0 JavaThread "Unconstrained build operations Thread 40" [_thread_blocked, id=20172, stack(0x000000c98b300000,0x000000c98b400000)]
  0x000002957beb95a0 JavaThread "Unconstrained build operations Thread 41" [_thread_blocked, id=3672, stack(0x000000c98b400000,0x000000c98b500000)]
  0x000002957beb9a70 JavaThread "Unconstrained build operations Thread 42" [_thread_blocked, id=23020, stack(0x000000c98b500000,0x000000c98b600000)]
  0x000002957beb48a0 JavaThread "Unconstrained build operations Thread 43" [_thread_blocked, id=24604, stack(0x000000c98b600000,0x000000c98b700000)]
  0x000002957beba410 JavaThread "Unconstrained build operations Thread 44" [_thread_blocked, id=11648, stack(0x000000c98b700000,0x000000c98b800000)]
  0x000002957bebadb0 JavaThread "Unconstrained build operations Thread 45" [_thread_blocked, id=4296, stack(0x000000c98b800000,0x000000c98b900000)]
  0x000002957bebb280 JavaThread "Unconstrained build operations Thread 46" [_thread_blocked, id=3116, stack(0x000000c98b900000,0x000000c98ba00000)]
  0x000002957beb4d70 JavaThread "Unconstrained build operations Thread 47" [_thread_blocked, id=2640, stack(0x000000c98ba00000,0x000000c98bb00000)]
  0x000002957beb60b0 JavaThread "Unconstrained build operations Thread 48" [_thread_blocked, id=19828, stack(0x000000c98bb00000,0x000000c98bc00000)]
  0x000002957beba8e0 JavaThread "Unconstrained build operations Thread 49" [_thread_blocked, id=9372, stack(0x000000c98bc00000,0x000000c98bd00000)]
  0x0000029576f66b10 JavaThread "Unconstrained build operations Thread 50" [_thread_blocked, id=5676, stack(0x000000c98bd00000,0x000000c98be00000)]
  0x0000029576f6a4d0 JavaThread "Unconstrained build operations Thread 51" [_thread_blocked, id=22520, stack(0x000000c98be00000,0x000000c98bf00000)]
  0x0000029576f65ca0 JavaThread "Unconstrained build operations Thread 52" [_thread_blocked, id=18884, stack(0x000000c98bf00000,0x000000c98c000000)]
  0x0000029576f66fe0 JavaThread "Unconstrained build operations Thread 53" [_thread_blocked, id=24532, stack(0x000000c98c000000,0x000000c98c100000)]
  0x0000029576f67980 JavaThread "Unconstrained build operations Thread 54" [_thread_blocked, id=13292, stack(0x000000c98c100000,0x000000c98c200000)]
  0x0000029576f687f0 JavaThread "Unconstrained build operations Thread 55" [_thread_blocked, id=22312, stack(0x000000c98c200000,0x000000c98c300000)]
  0x0000029576f68cc0 JavaThread "Unconstrained build operations Thread 56" [_thread_blocked, id=21736, stack(0x000000c98c300000,0x000000c98c400000)]
  0x0000029576f69660 JavaThread "Unconstrained build operations Thread 57" [_thread_blocked, id=13948, stack(0x000000c98c400000,0x000000c98c500000)]
  0x0000029576f69b30 JavaThread "Unconstrained build operations Thread 58" [_thread_blocked, id=14084, stack(0x000000c98c500000,0x000000c98c600000)]
  0x00000295740b4390 JavaThread "Unconstrained build operations Thread 59" [_thread_blocked, id=24796, stack(0x000000c98c600000,0x000000c98c700000)]
  0x00000295740b5200 JavaThread "Unconstrained build operations Thread 60" [_thread_blocked, id=5416, stack(0x000000c98c700000,0x000000c98c800000)]
  0x00000295740b5ba0 JavaThread "Unconstrained build operations Thread 61" [_thread_blocked, id=24116, stack(0x000000c98c800000,0x000000c98c900000)]
  0x00000295740b2b80 JavaThread "Unconstrained build operations Thread 62" [_thread_blocked, id=17720, stack(0x000000c98c900000,0x000000c98ca00000)]
  0x000002957be67e10 JavaThread "Unconstrained build operations Thread 63" [_thread_blocked, id=8948, stack(0x000000c98ca00000,0x000000c98cb00000)]
  0x000002957be65790 JavaThread "Unconstrained build operations Thread 64" [_thread_blocked, id=9608, stack(0x000000c98cb00000,0x000000c98cc00000)]
  0x000002957be682e0 JavaThread "Unconstrained build operations Thread 65" [_thread_blocked, id=23940, stack(0x000000c98cc00000,0x000000c98cd00000)]
  0x000002957be687b0 JavaThread "Unconstrained build operations Thread 66" [_thread_blocked, id=18348, stack(0x000000c98cd00000,0x000000c98ce00000)]
  0x000002957be64df0 JavaThread "Unconstrained build operations Thread 67" [_thread_blocked, id=9924, stack(0x000000c98ce00000,0x000000c98cf00000)]
  0x000002957be652c0 JavaThread "Unconstrained build operations Thread 68" [_thread_blocked, id=14804, stack(0x000000c98cf00000,0x000000c98d000000)]
  0x000002957be65c60 JavaThread "Unconstrained build operations Thread 69" [_thread_blocked, id=21020, stack(0x000000c98d000000,0x000000c98d100000)]
  0x000002957be66ad0 JavaThread "Unconstrained build operations Thread 70" [_thread_blocked, id=19628, stack(0x000000c98d100000,0x000000c98d200000)]
  0x000002957be66fa0 JavaThread "Unconstrained build operations Thread 71" [_thread_blocked, id=6592, stack(0x000000c98d200000,0x000000c98d300000)]
  0x000002957be66130 JavaThread "Unconstrained build operations Thread 72" [_thread_blocked, id=24392, stack(0x000000c98d300000,0x000000c98d400000)]
  0x000002957be66600 JavaThread "Unconstrained build operations Thread 73" [_thread_blocked, id=25200, stack(0x000000c98d400000,0x000000c98d500000)]
  0x000002957be67470 JavaThread "Unconstrained build operations Thread 74" [_thread_blocked, id=18212, stack(0x000000c98d500000,0x000000c98d600000)]
  0x000002957be67940 JavaThread "Unconstrained build operations Thread 75" [_thread_blocked, id=21712, stack(0x000000c98d600000,0x000000c98d700000)]
  0x00000295751f6b90 JavaThread "Unconstrained build operations Thread 76" [_thread_blocked, id=13476, stack(0x000000c98d700000,0x000000c98d800000)]
  0x00000295751f5d20 JavaThread "Unconstrained build operations Thread 77" [_thread_blocked, id=23208, stack(0x000000c98d800000,0x000000c98d900000)]
  0x00000295751f5380 JavaThread "Unconstrained build operations Thread 78" [_thread_blocked, id=10712, stack(0x000000c98d900000,0x000000c98da00000)]
  0x00000295751f61f0 JavaThread "Unconstrained build operations Thread 79" [_thread_blocked, id=14216, stack(0x000000c98da00000,0x000000c98db00000)]
  0x00000295751f5850 JavaThread "Unconstrained build operations Thread 80" [_thread_blocked, id=18828, stack(0x000000c98df00000,0x000000c98e000000)]
  0x0000029577a6c350 JavaThread "C2 CompilerThread2" daemon [_thread_in_native, id=15212, stack(0x000000c98e000000,0x000000c98e100000)]

Other Threads:
  0x0000029573477840 VMThread "VM Thread" [stack: 0x000000c985700000,0x000000c985800000] [id=2480]
  0x0000029554c08d70 WatcherThread [stack: 0x000000c986300000,0x000000c986400000] [id=21656]
  0x0000029554be65d0 GCTaskThread "GC Thread#0" [stack: 0x000000c985200000,0x000000c985300000] [id=13280]
  0x00000295744d2800 GCTaskThread "GC Thread#1" [stack: 0x000000c986600000,0x000000c986700000] [id=3948]
  0x0000029575224610 GCTaskThread "GC Thread#2" [stack: 0x000000c986700000,0x000000c986800000] [id=18140]
  0x000002957501a9d0 GCTaskThread "GC Thread#3" [stack: 0x000000c986800000,0x000000c986900000] [id=16200]
  0x000002957501ac80 GCTaskThread "GC Thread#4" [stack: 0x000000c986900000,0x000000c986a00000] [id=2996]
  0x0000029575405030 GCTaskThread "GC Thread#5" [stack: 0x000000c986a00000,0x000000c986b00000] [id=16460]
  0x0000029576d52860 GCTaskThread "GC Thread#6" [stack: 0x000000c987400000,0x000000c987500000] [id=5828]
  0x0000029576a903f0 GCTaskThread "GC Thread#7" [stack: 0x000000c987500000,0x000000c987600000] [id=23276]
  0x0000029554bf7260 ConcurrentGCThread "G1 Main Marker" [stack: 0x000000c985300000,0x000000c985400000] [id=17884]
  0x0000029554bf8410 ConcurrentGCThread "G1 Conc#0" [stack: 0x000000c985400000,0x000000c985500000] [id=8488]
  0x000002957701cc10 ConcurrentGCThread "G1 Conc#1" [stack: 0x000000c987600000,0x000000c987700000] [id=24520]
  0x0000029554c4e4e0 ConcurrentGCThread "G1 Refine#0" [stack: 0x000000c985500000,0x000000c985600000] [id=25332]
  0x0000029577896020 ConcurrentGCThread "G1 Refine#1" [stack: 0x000000c988400000,0x000000c988500000] [id=3180]
  0x00000295733144e0 ConcurrentGCThread "G1 Service" [stack: 0x000000c985600000,0x000000c985700000] [id=24864]

Threads with active compile tasks:
C2 CompilerThread0    41988 12498   !   4       org.gradle.api.internal.attributes.DefaultImmutableAttributesFactory::doConcatIsolatable (128 bytes)
C1 CompilerThread0    41988 12654       3       com.android.build.api.component.impl.ComponentPropertiesImpl::computeTaskName (31 bytes)
C2 CompilerThread1    41988 12609       4       java.lang.StringLatin1::toUpperCase (186 bytes)
C2 CompilerThread2    41988 12601       4       org.gradle.internal.instantiation.generator.ParamsMatchingConstructorSelector::forParams (426 bytes)

VM state: not at safepoint (normal execution)

VM Mutex/Monitor currently owned by a thread: None

OutOfMemory and StackOverflow Exception counts:
OutOfMemoryError java_heap_errors=1
LinkageErrors=168

Heap address: 0x0000000702a00000, size: 4054 MB, Compressed Oops mode: Zero based, Oop shift amount: 3

CDS archive(s) not mapped
Compressed class space mapped at: 0x0000000800000000-0x0000000840000000, reserved size: 1073741824
Narrow klass base: 0x0000000800000000, Narrow klass shift: 0, Narrow klass range: 0x40000000

GC Precious Log:
 CPUs: 8 total, 8 available
 Memory: 16210M
 Large Page Support: Disabled
 NUMA Support: Disabled
 Compressed Oops: Enabled (Zero based)
 Heap Region Size: 2M
 Heap Min Capacity: 8M
 Heap Initial Capacity: 254M
 Heap Max Capacity: 4054M
 Pre-touch: Disabled
 Parallel Workers: 8
 Concurrent Workers: 2
 Concurrent Refinement Workers: 8
 Periodic GC: Disabled

Heap:
 garbage-first heap   total 198656K, used 153114K [0x0000000702a00000, 0x0000000800000000)
  region size 2048K, 37 young (75776K), 3 survivors (6144K)
 Metaspace       used 94521K, committed 95232K, reserved 1138688K
  class space    used 12478K, committed 12800K, reserved 1048576K

Heap Regions: E=young(eden), S=young(survivor), O=old, HS=humongous(starts), HC=humongous(continues), CS=collection set, F=free, OA=open archive, CA=closed archive, TAMS=top-at-mark-start (previous, next)
|   0|0x0000000702a00000, 0x0000000702c00000, 0x0000000702c00000|100%| O|  |TAMS 0x0000000702c00000, 0x0000000702a00000| Untracked 
|   1|0x0000000702c00000, 0x0000000702dd4400, 0x0000000702e00000| 91%| O|  |TAMS 0x0000000702dd4400, 0x0000000702c00000| Untracked 
|   2|0x0000000702e00000, 0x0000000703000000, 0x0000000703000000|100%|HS|  |TAMS 0x0000000703000000, 0x0000000702e00000| Complete 
|   3|0x0000000703000000, 0x0000000703200000, 0x0000000703200000|100%|HC|  |TAMS 0x0000000703200000, 0x0000000703000000| Complete 
|   4|0x0000000703200000, 0x0000000703400000, 0x0000000703400000|100%| O|  |TAMS 0x0000000703400000, 0x0000000703200000| Untracked 
|   5|0x0000000703400000, 0x0000000703600000, 0x0000000703600000|100%| O|  |TAMS 0x0000000703600000, 0x0000000703400000| Untracked 
|   6|0x0000000703600000, 0x0000000703800000, 0x0000000703800000|100%| O|  |TAMS 0x0000000703800000, 0x0000000703600000| Untracked 
|   7|0x0000000703800000, 0x0000000703a00000, 0x0000000703a00000|100%| O|  |TAMS 0x0000000703a00000, 0x0000000703800000| Untracked 
|   8|0x0000000703a00000, 0x0000000703c00000, 0x0000000703c00000|100%| O|  |TAMS 0x0000000703c00000, 0x0000000703a00000| Untracked 
|   9|0x0000000703c00000, 0x0000000703e00000, 0x0000000703e00000|100%| O|  |TAMS 0x0000000703e00000, 0x0000000703c00000| Untracked 
|  10|0x0000000703e00000, 0x0000000704000000, 0x0000000704000000|100%| O|  |TAMS 0x0000000704000000, 0x0000000703e00000| Untracked 
|  11|0x0000000704000000, 0x0000000704200000, 0x0000000704200000|100%| O|  |TAMS 0x0000000704200000, 0x0000000704000000| Untracked 
|  12|0x0000000704200000, 0x0000000704400000, 0x0000000704400000|100%| O|  |TAMS 0x0000000704400000, 0x0000000704200000| Untracked 
|  13|0x0000000704400000, 0x0000000704600000, 0x0000000704600000|100%| O|  |TAMS 0x0000000704600000, 0x0000000704400000| Untracked 
|  14|0x0000000704600000, 0x0000000704800000, 0x0000000704800000|100%| O|  |TAMS 0x0000000704800000, 0x0000000704600000| Untracked 
|  15|0x0000000704800000, 0x0000000704a00000, 0x0000000704a00000|100%|HS|  |TAMS 0x0000000704a00000, 0x0000000704800000| Complete 
|  16|0x0000000704a00000, 0x0000000704c00000, 0x0000000704c00000|100%|HC|  |TAMS 0x0000000704c00000, 0x0000000704a00000| Complete 
|  17|0x0000000704c00000, 0x0000000704e00000, 0x0000000704e00000|100%|HS|  |TAMS 0x0000000704e00000, 0x0000000704c00000| Complete 
|  18|0x0000000704e00000, 0x0000000705000000, 0x0000000705000000|100%| O|  |TAMS 0x0000000705000000, 0x0000000704e00000| Untracked 
|  19|0x0000000705000000, 0x0000000705200000, 0x0000000705200000|100%| O|  |TAMS 0x0000000705200000, 0x0000000705000000| Untracked 
|  20|0x0000000705200000, 0x0000000705400000, 0x0000000705400000|100%| O|  |TAMS 0x0000000705400000, 0x0000000705200000| Untracked 
|  21|0x0000000705400000, 0x0000000705600000, 0x0000000705600000|100%| O|  |TAMS 0x0000000705600000, 0x0000000705400000| Untracked 
|  22|0x0000000705600000, 0x0000000705800000, 0x0000000705800000|100%| O|  |TAMS 0x0000000705800000, 0x0000000705600000| Untracked 
|  23|0x0000000705800000, 0x0000000705a00000, 0x0000000705a00000|100%| O|  |TAMS 0x0000000705a00000, 0x0000000705800000| Untracked 
|  24|0x0000000705a00000, 0x0000000705c00000, 0x0000000705c00000|100%| O|  |TAMS 0x0000000705c00000, 0x0000000705a00000| Untracked 
|  25|0x0000000705c00000, 0x0000000705e00000, 0x0000000705e00000|100%| O|  |TAMS 0x0000000705e00000, 0x0000000705c00000| Untracked 
|  26|0x0000000705e00000, 0x0000000706000000, 0x0000000706000000|100%| O|  |TAMS 0x0000000706000000, 0x0000000705e00000| Untracked 
|  27|0x0000000706000000, 0x0000000706200000, 0x0000000706200000|100%| O|  |TAMS 0x0000000706200000, 0x0000000706000000| Untracked 
|  28|0x0000000706200000, 0x0000000706400000, 0x0000000706400000|100%| O|  |TAMS 0x0000000706400000, 0x0000000706200000| Untracked 
|  29|0x0000000706400000, 0x0000000706600000, 0x0000000706600000|100%| O|  |TAMS 0x0000000706600000, 0x0000000706400000| Untracked 
|  30|0x0000000706600000, 0x0000000706800000, 0x0000000706800000|100%| O|  |TAMS 0x0000000706800000, 0x0000000706600000| Untracked 
|  31|0x0000000706800000, 0x0000000706a00000, 0x0000000706a00000|100%| O|  |TAMS 0x0000000706a00000, 0x0000000706800000| Untracked 
|  32|0x0000000706a00000, 0x0000000706c00000, 0x0000000706c00000|100%| O|  |TAMS 0x0000000706c00000, 0x0000000706a00000| Untracked 
|  33|0x0000000706c00000, 0x0000000706e00000, 0x0000000706e00000|100%| O|  |TAMS 0x0000000706e00000, 0x0000000706c00000| Untracked 
|  34|0x0000000706e00000, 0x0000000707000000, 0x0000000707000000|100%| O|  |TAMS 0x0000000707000000, 0x0000000706e00000| Untracked 
|  35|0x0000000707000000, 0x0000000707200000, 0x0000000707200000|100%| O|  |TAMS 0x0000000707160000, 0x0000000707000000| Untracked 
|  36|0x0000000707200000, 0x0000000707400000, 0x0000000707400000|100%| O|  |TAMS 0x0000000707200000, 0x0000000707200000| Untracked 
|  37|0x0000000707400000, 0x0000000707600000, 0x0000000707600000|100%| O|  |TAMS 0x0000000707400000, 0x0000000707400000| Untracked 
|  38|0x0000000707600000, 0x0000000707800000, 0x0000000707800000|100%| O|  |TAMS 0x0000000707600000, 0x0000000707600000| Untracked 
|  39|0x0000000707800000, 0x0000000707a00000, 0x0000000707a00000|100%| O|  |TAMS 0x0000000707800000, 0x0000000707800000| Untracked 
|  40|0x0000000707a00000, 0x0000000707a83600, 0x0000000707c00000| 25%| O|  |TAMS 0x0000000707a00000, 0x0000000707a00000| Untracked 
|  41|0x0000000707c00000, 0x0000000707c00000, 0x0000000707e00000|  0%| F|  |TAMS 0x0000000707c00000, 0x0000000707c00000| Untracked 
|  42|0x0000000707e00000, 0x0000000707e00000, 0x0000000708000000|  0%| F|  |TAMS 0x0000000707e00000, 0x0000000707e00000| Untracked 
|  43|0x0000000708000000, 0x0000000708000000, 0x0000000708200000|  0%| F|  |TAMS 0x0000000708000000, 0x0000000708000000| Untracked 
|  44|0x0000000708200000, 0x0000000708200000, 0x0000000708400000|  0%| F|  |TAMS 0x0000000708200000, 0x0000000708200000| Untracked 
|  45|0x0000000708400000, 0x0000000708400000, 0x0000000708600000|  0%| F|  |TAMS 0x0000000708400000, 0x0000000708400000| Untracked 
|  46|0x0000000708600000, 0x0000000708600000, 0x0000000708800000|  0%| F|  |TAMS 0x0000000708600000, 0x0000000708600000| Untracked 
|  47|0x0000000708800000, 0x0000000708800000, 0x0000000708a00000|  0%| F|  |TAMS 0x0000000708800000, 0x0000000708800000| Untracked 
|  48|0x0000000708a00000, 0x0000000708a00000, 0x0000000708c00000|  0%| F|  |TAMS 0x0000000708a00000, 0x0000000708a00000| Untracked 
|  49|0x0000000708c00000, 0x0000000708c00000, 0x0000000708e00000|  0%| F|  |TAMS 0x0000000708c00000, 0x0000000708c00000| Untracked 
|  50|0x0000000708e00000, 0x0000000708e00000, 0x0000000709000000|  0%| F|  |TAMS 0x0000000708e00000, 0x0000000708e00000| Untracked 
|  51|0x0000000709000000, 0x0000000709000000, 0x0000000709200000|  0%| F|  |TAMS 0x0000000709000000, 0x0000000709000000| Untracked 
|  52|0x0000000709200000, 0x0000000709200000, 0x0000000709400000|  0%| F|  |TAMS 0x0000000709200000, 0x0000000709200000| Untracked 
|  53|0x0000000709400000, 0x0000000709400000, 0x0000000709600000|  0%| F|  |TAMS 0x0000000709400000, 0x0000000709400000| Untracked 
|  54|0x0000000709600000, 0x000000070972f0f0, 0x0000000709800000| 59%| S|CS|TAMS 0x0000000709600000, 0x0000000709600000| Complete 
|  55|0x0000000709800000, 0x0000000709800000, 0x0000000709a00000|  0%| F|  |TAMS 0x0000000709800000, 0x0000000709800000| Untracked 
|  56|0x0000000709a00000, 0x0000000709a00000, 0x0000000709c00000|  0%| F|  |TAMS 0x0000000709a00000, 0x0000000709a00000| Untracked 
|  57|0x0000000709c00000, 0x0000000709c00000, 0x0000000709e00000|  0%| F|  |TAMS 0x0000000709c00000, 0x0000000709c00000| Untracked 
|  58|0x0000000709e00000, 0x0000000709e00000, 0x000000070a000000|  0%| F|  |TAMS 0x0000000709e00000, 0x0000000709e00000| Untracked 
|  59|0x000000070a000000, 0x000000070a000000, 0x000000070a200000|  0%| F|  |TAMS 0x000000070a000000, 0x000000070a000000| Untracked 
|  60|0x000000070a200000, 0x000000070a400000, 0x000000070a400000|100%| S|CS|TAMS 0x000000070a200000, 0x000000070a200000| Complete 
|  61|0x000000070a400000, 0x000000070a600000, 0x000000070a600000|100%| S|CS|TAMS 0x000000070a400000, 0x000000070a400000| Complete 
|  62|0x000000070a600000, 0x000000070a600000, 0x000000070a800000|  0%| F|  |TAMS 0x000000070a600000, 0x000000070a600000| Untracked 
|  63|0x000000070a800000, 0x000000070a9d9060, 0x000000070aa00000| 92%| E|  |TAMS 0x000000070a800000, 0x000000070a800000| Complete 
|  64|0x000000070aa00000, 0x000000070ac00000, 0x000000070ac00000|100%| E|CS|TAMS 0x000000070aa00000, 0x000000070aa00000| Complete 
|  65|0x000000070ac00000, 0x000000070ae00000, 0x000000070ae00000|100%| E|CS|TAMS 0x000000070ac00000, 0x000000070ac00000| Complete 
|  66|0x000000070ae00000, 0x000000070b000000, 0x000000070b000000|100%| E|CS|TAMS 0x000000070ae00000, 0x000000070ae00000| Complete 
|  67|0x000000070b000000, 0x000000070b200000, 0x000000070b200000|100%| E|CS|TAMS 0x000000070b000000, 0x000000070b000000| Complete 
|  68|0x000000070b200000, 0x000000070b400000, 0x000000070b400000|100%| E|CS|TAMS 0x000000070b200000, 0x000000070b200000| Complete 
|  69|0x000000070b400000, 0x000000070b600000, 0x000000070b600000|100%| E|CS|TAMS 0x000000070b400000, 0x000000070b400000| Complete 
|  70|0x000000070b600000, 0x000000070b800000, 0x000000070b800000|100%| E|CS|TAMS 0x000000070b600000, 0x000000070b600000| Complete 
|  71|0x000000070b800000, 0x000000070ba00000, 0x000000070ba00000|100%| E|CS|TAMS 0x000000070b800000, 0x000000070b800000| Complete 
|  72|0x000000070ba00000, 0x000000070bc00000, 0x000000070bc00000|100%| E|CS|TAMS 0x000000070ba00000, 0x000000070ba00000| Complete 
|  73|0x000000070bc00000, 0x000000070be00000, 0x000000070be00000|100%| E|CS|TAMS 0x000000070bc00000, 0x000000070bc00000| Complete 
|  74|0x000000070be00000, 0x000000070c000000, 0x000000070c000000|100%| E|CS|TAMS 0x000000070be00000, 0x000000070be00000| Complete 
|  75|0x000000070c000000, 0x000000070c200000, 0x000000070c200000|100%| E|CS|TAMS 0x000000070c000000, 0x000000070c000000| Complete 
|  76|0x000000070c200000, 0x000000070c400000, 0x000000070c400000|100%| E|  |TAMS 0x000000070c200000, 0x000000070c200000| Complete 
|  77|0x000000070c400000, 0x000000070c600000, 0x000000070c600000|100%| E|CS|TAMS 0x000000070c400000, 0x000000070c400000| Complete 
|  78|0x000000070c600000, 0x000000070c800000, 0x000000070c800000|100%| E|CS|TAMS 0x000000070c600000, 0x000000070c600000| Complete 
|  79|0x000000070c800000, 0x000000070ca00000, 0x000000070ca00000|100%| E|CS|TAMS 0x000000070c800000, 0x000000070c800000| Complete 
|  80|0x000000070ca00000, 0x000000070cc00000, 0x000000070cc00000|100%| E|CS|TAMS 0x000000070ca00000, 0x000000070ca00000| Complete 
|  81|0x000000070cc00000, 0x000000070ce00000, 0x000000070ce00000|100%| E|CS|TAMS 0x000000070cc00000, 0x000000070cc00000| Complete 
|  82|0x000000070ce00000, 0x000000070d000000, 0x000000070d000000|100%| E|CS|TAMS 0x000000070ce00000, 0x000000070ce00000| Complete 
|  83|0x000000070d000000, 0x000000070d200000, 0x000000070d200000|100%| E|CS|TAMS 0x000000070d000000, 0x000000070d000000| Complete 
|  84|0x000000070d200000, 0x000000070d400000, 0x000000070d400000|100%| E|CS|TAMS 0x000000070d200000, 0x000000070d200000| Complete 
|  85|0x000000070d400000, 0x000000070d600000, 0x000000070d600000|100%| E|CS|TAMS 0x000000070d400000, 0x000000070d400000| Complete 
|  86|0x000000070d600000, 0x000000070d800000, 0x000000070d800000|100%| E|CS|TAMS 0x000000070d600000, 0x000000070d600000| Complete 
|  87|0x000000070d800000, 0x000000070da00000, 0x000000070da00000|100%| E|CS|TAMS 0x000000070d800000, 0x000000070d800000| Complete 
|  88|0x000000070da00000, 0x000000070dc00000, 0x000000070dc00000|100%| E|CS|TAMS 0x000000070da00000, 0x000000070da00000| Complete 
|  89|0x000000070dc00000, 0x000000070de00000, 0x000000070de00000|100%| E|CS|TAMS 0x000000070dc00000, 0x000000070dc00000| Complete 
|  90|0x000000070de00000, 0x000000070e000000, 0x000000070e000000|100%| E|CS|TAMS 0x000000070de00000, 0x000000070de00000| Complete 
|  91|0x000000070e000000, 0x000000070e200000, 0x000000070e200000|100%| E|CS|TAMS 0x000000070e000000, 0x000000070e000000| Complete 
|  97|0x000000070ec00000, 0x000000070ee00000, 0x000000070ee00000|100%| E|CS|TAMS 0x000000070ec00000, 0x000000070ec00000| Complete 
|  98|0x000000070ee00000, 0x000000070f000000, 0x000000070f000000|100%| E|CS|TAMS 0x000000070ee00000, 0x000000070ee00000| Complete 
|  99|0x000000070f000000, 0x000000070f200000, 0x000000070f200000|100%| E|CS|TAMS 0x000000070f000000, 0x000000070f000000| Complete 
| 100|0x000000070f200000, 0x000000070f400000, 0x000000070f400000|100%| E|CS|TAMS 0x000000070f200000, 0x000000070f200000| Complete 
| 126|0x0000000712600000, 0x0000000712800000, 0x0000000712800000|100%| E|CS|TAMS 0x0000000712600000, 0x0000000712600000| Complete 

Card table byte_map: [0x0000029567b70000,0x0000029568360000] _byte_map_base: 0x000002956435b000

Marking Bits (Prev, Next): (CMBitMap*) 0x0000029554be6be0, (CMBitMap*) 0x0000029554be6c20
 Prev Bits: [0x0000029568b50000, 0x000002956caa8000)
 Next Bits: [0x000002956cab0000, 0x0000029570a08000)

Polling page: 0x0000029552ac0000

Metaspace:

Usage:
  Non-class:     80.13 MB used.
      Class:     12.19 MB used.
       Both:     92.31 MB used.

Virtual space:
  Non-class space:       88.00 MB reserved,      80.50 MB ( 91%) committed,  11 nodes.
      Class space:        1.00 GB reserved,      12.50 MB (  1%) committed,  1 nodes.
             Both:        1.09 GB reserved,      93.00 MB (  8%) committed. 

Chunk freelists:
   Non-Class:  3.14 MB
       Class:  3.45 MB
        Both:  6.59 MB

MaxMetaspaceSize: unlimited
CompressedClassSpaceSize: 1.00 GB
Initial GC threshold: 21.00 MB
Current GC threshold: 132.75 MB
CDS: off
MetaspaceReclaimPolicy: balanced
 - commit_granule_bytes: 65536.
 - commit_granule_words: 8192.
 - virtual_space_node_default_size: 1048576.
 - enlarge_chunks_in_place: 1.
 - new_chunks_are_fully_committed: 0.
 - uncommit_free_chunks: 1.
 - use_allocation_guard: 0.
 - handle_deallocations: 1.


Internal statistics:

num_allocs_failed_limit: 9.
num_arena_births: 1054.
num_arena_deaths: 0.
num_vsnodes_births: 12.
num_vsnodes_deaths: 0.
num_space_committed: 1488.
num_space_uncommitted: 0.
num_chunks_returned_to_freelist: 9.
num_chunks_taken_from_freelist: 4556.
num_chunk_merges: 0.
num_chunk_splits: 2921.
num_chunks_enlarged: 1858.
num_purges: 0.
num_inconsistent_stats: 0.

CodeHeap 'non-profiled nmethods': size=120000Kb used=6545Kb max_used=6545Kb free=113454Kb
 bounds [0x000002955fb20000, 0x0000029560190000, 0x0000029567050000]
CodeHeap 'profiled nmethods': size=120000Kb used=22166Kb max_used=22166Kb free=97833Kb
 bounds [0x0000029558050000, 0x0000029559600000, 0x000002955f580000]
CodeHeap 'non-nmethods': size=5760Kb used=2404Kb max_used=2498Kb free=3355Kb
 bounds [0x000002955f580000, 0x000002955f820000, 0x000002955fb20000]
 total_blobs=12030 nmethods=11091 adapters=851
 compilation: enabled
              stopped_count=0, restarted_count=0
 full_count=0

Compilation events (20 events):
Event: 41.945 Thread 0x00000295740ca0e0 12569       3       java.io.WinNTFileSystem::canonicalize (372 bytes)
Event: 41.948 Thread 0x00000295740ca0e0 nmethod 12569 0x00000295595b5290 code [0x00000295595b58c0, 0x00000295595b8d18]
Event: 41.948 Thread 0x00000295740ca0e0 12571       3       org.gradle.api.internal.plugins.DefaultPluginRegistry::access$200 (7 bytes)
Event: 41.948 Thread 0x00000295740ca0e0 nmethod 12571 0x00000295595b9e10 code [0x00000295595b9fa0, 0x00000295595ba0c8]
Event: 41.948 Thread 0x00000295740ca0e0 12570       3       org.gradle.api.internal.plugins.DefaultPluginRegistry$RegistryAwarePluginImplementation::isAlsoKnownAs (52 bytes)
Event: 41.948 Thread 0x00000295740ca0e0 nmethod 12570 0x00000295595ba190 code [0x00000295595ba3a0, 0x00000295595bac38]
Event: 41.948 Thread 0x00000295740ca0e0 12572       1       javax.management.MBeanOperationInfo::getImpact (5 bytes)
Event: 41.949 Thread 0x00000295740ca0e0 nmethod 12572 0x000002956017ee10 code [0x000002956017efa0, 0x000002956017f078]
Event: 41.949 Thread 0x00000295740ca0e0 12573       1       org.gradle.api.services.internal.DefaultBuildServicesRegistry$DefaultServiceRegistration::getName (5 bytes)
Event: 41.949 Thread 0x00000295740ca0e0 nmethod 12573 0x000002956017f110 code [0x000002956017f2a0, 0x000002956017f378]
Event: 41.949 Thread 0x00000295740ca0e0 12576       3       org.gradle.api.internal.provider.DefaultProvider::inferTypeFromCallableGenericArgument (92 bytes)
Event: 41.949 Thread 0x00000295740ca0e0 nmethod 12576 0x00000295595baf10 code [0x00000295595bb1a0, 0x00000295595bc068]
Event: 41.949 Thread 0x00000295740ca0e0 12575   !   3       org.gradle.api.internal.provider.DefaultProvider::getType (8 bytes)
Event: 41.949 Thread 0x00000295740ca0e0 nmethod 12575 0x00000295595bc410 code [0x00000295595bc5c0, 0x00000295595bc748]
Event: 41.950 Thread 0x00000295740ca0e0 12577       3       org.gradle.api.internal.collections.CollectionFilter::filtered (10 bytes)
Event: 41.950 Thread 0x00000295740ca0e0 nmethod 12577 0x00000295595bc810 code [0x00000295595bc9c0, 0x00000295595bccb8]
Event: 41.950 Thread 0x00000295740ca0e0 12578       3       org.gradle.api.internal.collections.CollectionFilter$1::<init> (15 bytes)
Event: 41.950 Thread 0x00000295740ca0e0 nmethod 12578 0x00000295595bce10 code [0x00000295595bcfc0, 0x00000295595bd1f8]
Event: 41.950 Thread 0x00000295740ca0e0 12579       3       org.gradle.api.internal.collections.AbstractIterationOrderRetainingElementSource$Element::realize (130 bytes)
Event: 41.951 Thread 0x00000295740ca0e0 nmethod 12579 0x00000295595bd310 code [0x00000295595bd5c0, 0x00000295595be5f8]

GC Heap History (20 events):
Event: 4.900 GC heap before
{Heap before GC invocations=23 (full 0):
 garbage-first heap   total 124928K, used 91704K [0x0000000702a00000, 0x0000000800000000)
  region size 2048K, 20 young (40960K), 1 survivors (2048K)
 Metaspace       used 65517K, committed 65984K, reserved 1114112K
  class space    used 8503K, committed 8704K, reserved 1048576K
}
Event: 4.902 GC heap after
{Heap after GC invocations=24 (full 0):
 garbage-first heap   total 124928K, used 54872K [0x0000000702a00000, 0x0000000800000000)
  region size 2048K, 2 young (4096K), 2 survivors (4096K)
 Metaspace       used 65517K, committed 65984K, reserved 1114112K
  class space    used 8503K, committed 8704K, reserved 1048576K
}
Event: 5.221 GC heap before
{Heap before GC invocations=24 (full 0):
 garbage-first heap   total 124928K, used 93784K [0x0000000702a00000, 0x0000000800000000)
  region size 2048K, 21 young (43008K), 2 survivors (4096K)
 Metaspace       used 68745K, committed 69248K, reserved 1114112K
  class space    used 8960K, committed 9152K, reserved 1048576K
}
Event: 5.225 GC heap after
{Heap after GC invocations=25 (full 0):
 garbage-first heap   total 124928K, used 58754K [0x0000000702a00000, 0x0000000800000000)
  region size 2048K, 3 young (6144K), 3 survivors (6144K)
 Metaspace       used 68745K, committed 69248K, reserved 1114112K
  class space    used 8960K, committed 9152K, reserved 1048576K
}
Event: 5.599 GC heap before
{Heap before GC invocations=25 (full 0):
 garbage-first heap   total 124928K, used 95618K [0x0000000702a00000, 0x0000000800000000)
  region size 2048K, 21 young (43008K), 3 survivors (6144K)
 Metaspace       used 72966K, committed 73536K, reserved 1114112K
  class space    used 9641K, committed 9920K, reserved 1048576K
}
Event: 5.605 GC heap after
{Heap after GC invocations=26 (full 0):
 garbage-first heap   total 124928K, used 61684K [0x0000000702a00000, 0x0000000800000000)
  region size 2048K, 2 young (4096K), 2 survivors (4096K)
 Metaspace       used 72966K, committed 73536K, reserved 1114112K
  class space    used 9641K, committed 9920K, reserved 1048576K
}
Event: 5.988 GC heap before
{Heap before GC invocations=26 (full 0):
 garbage-first heap   total 124928K, used 96500K [0x0000000702a00000, 0x0000000800000000)
  region size 2048K, 19 young (38912K), 2 survivors (4096K)
 Metaspace       used 77299K, committed 77888K, reserved 1122304K
  class space    used 10315K, committed 10624K, reserved 1048576K
}
Event: 5.992 GC heap after
{Heap after GC invocations=27 (full 0):
 garbage-first heap   total 124928K, used 63391K [0x0000000702a00000, 0x0000000800000000)
  region size 2048K, 3 young (6144K), 3 survivors (6144K)
 Metaspace       used 77299K, committed 77888K, reserved 1122304K
  class space    used 10315K, committed 10624K, reserved 1048576K
}
Event: 6.292 GC heap before
{Heap before GC invocations=28 (full 0):
 garbage-first heap   total 124928K, used 98207K [0x0000000702a00000, 0x0000000800000000)
  region size 2048K, 20 young (40960K), 3 survivors (6144K)
 Metaspace       used 78364K, committed 78912K, reserved 1122304K
  class space    used 10480K, committed 10752K, reserved 1048576K
}
Event: 6.297 GC heap after
{Heap after GC invocations=29 (full 0):
 garbage-first heap   total 124928K, used 67749K [0x0000000702a00000, 0x0000000800000000)
  region size 2048K, 3 young (6144K), 3 survivors (6144K)
 Metaspace       used 78364K, committed 78912K, reserved 1122304K
  class space    used 10480K, committed 10752K, reserved 1048576K
}
Event: 6.597 GC heap before
{Heap before GC invocations=29 (full 0):
 garbage-first heap   total 124928K, used 98469K [0x0000000702a00000, 0x0000000800000000)
  region size 2048K, 18 young (36864K), 3 survivors (6144K)
 Metaspace       used 79840K, committed 80448K, reserved 1122304K
  class space    used 10754K, committed 11008K, reserved 1048576K
}
Event: 6.604 GC heap after
{Heap after GC invocations=30 (full 0):
 garbage-first heap   total 124928K, used 73215K [0x0000000702a00000, 0x0000000800000000)
  region size 2048K, 3 young (6144K), 3 survivors (6144K)
 Metaspace       used 79840K, committed 80448K, reserved 1122304K
  class space    used 10754K, committed 11008K, reserved 1048576K
}
Event: 6.812 GC heap before
{Heap before GC invocations=31 (full 0):
 garbage-first heap   total 133120K, used 95743K [0x0000000702a00000, 0x0000000800000000)
  region size 2048K, 15 young (30720K), 3 survivors (6144K)
 Metaspace       used 80523K, committed 81088K, reserved 1122304K
  class space    used 10892K, committed 11136K, reserved 1048576K
}
Event: 6.816 GC heap after
{Heap after GC invocations=32 (full 0):
 garbage-first heap   total 133120K, used 75086K [0x0000000702a00000, 0x0000000800000000)
  region size 2048K, 2 young (4096K), 2 survivors (4096K)
 Metaspace       used 80523K, committed 81088K, reserved 1122304K
  class space    used 10892K, committed 11136K, reserved 1048576K
}
Event: 7.124 GC heap before
{Heap before GC invocations=32 (full 0):
 garbage-first heap   total 133120K, used 103758K [0x0000000702a00000, 0x0000000800000000)
  region size 2048K, 17 young (34816K), 2 survivors (4096K)
 Metaspace       used 80940K, committed 81536K, reserved 1122304K
  class space    used 10914K, committed 11200K, reserved 1048576K
}
Event: 7.128 GC heap after
{Heap after GC invocations=33 (full 0):
 garbage-first heap   total 198656K, used 77449K [0x0000000702a00000, 0x0000000800000000)
  region size 2048K, 3 young (6144K), 3 survivors (6144K)
 Metaspace       used 80940K, committed 81536K, reserved 1122304K
  class space    used 10914K, committed 11200K, reserved 1048576K
}
Event: 7.869 GC heap before
{Heap before GC invocations=34 (full 0):
 garbage-first heap   total 198656K, used 153225K [0x0000000702a00000, 0x0000000800000000)
  region size 2048K, 40 young (81920K), 3 survivors (6144K)
 Metaspace       used 87301K, committed 87872K, reserved 1130496K
  class space    used 11782K, committed 12032K, reserved 1048576K
}
Event: 7.874 GC heap after
{Heap after GC invocations=35 (full 0):
 garbage-first heap   total 198656K, used 82927K [0x0000000702a00000, 0x0000000800000000)
  region size 2048K, 5 young (10240K), 5 survivors (10240K)
 Metaspace       used 87301K, committed 87872K, reserved 1130496K
  class space    used 11782K, committed 12032K, reserved 1048576K
}
Event: 20.105 GC heap before
{Heap before GC invocations=35 (full 0):
 garbage-first heap   total 198656K, used 152559K [0x0000000702a00000, 0x0000000800000000)
  region size 2048K, 40 young (81920K), 5 survivors (10240K)
 Metaspace       used 93448K, committed 94144K, reserved 1138688K
  class space    used 12438K, committed 12800K, reserved 1048576K
}
Event: 20.113 GC heap after
{Heap after GC invocations=36 (full 0):
 garbage-first heap   total 198656K, used 87578K [0x0000000702a00000, 0x0000000800000000)
  region size 2048K, 3 young (6144K), 3 survivors (6144K)
 Metaspace       used 93448K, committed 94144K, reserved 1138688K
  class space    used 12438K, committed 12800K, reserved 1048576K
}

Dll operation events (2 events):
Event: 0.007 Loaded shared library C:\Program Files\Android\Android Studio\jbr\bin\java.dll
Event: 0.267 Loaded shared library C:\Program Files\Android\Android Studio\jbr\bin\verify.dll

Deoptimization events (20 events):
Event: 41.867 Thread 0x00000295740b56d0 DEOPT PACKING pc=0x00000295601145d0 sp=0x000000c9870f8800
Event: 41.867 Thread 0x00000295740b56d0 DEOPT UNPACKING pc=0x000002955f5d69a3 sp=0x000000c9870f8800 mode 2
Event: 41.875 Thread 0x00000295740b56d0 Uncommon trap: trap_request=0xffffffbe fr.pc=0x00000295601145d0 relative=0x0000000000000250
Event: 41.875 Thread 0x00000295740b56d0 Uncommon trap: reason=profile_predicate action=maybe_recompile pc=0x00000295601145d0 method=java.util.Collections.indexedBinarySearch(Ljava/util/List;Ljava/lang/Object;Ljava/util/Comparator;)I @ 15 c2
Event: 41.875 Thread 0x00000295740b56d0 DEOPT PACKING pc=0x00000295601145d0 sp=0x000000c9870f8800
Event: 41.875 Thread 0x00000295740b56d0 DEOPT UNPACKING pc=0x000002955f5d69a3 sp=0x000000c9870f8800 mode 2
Event: 41.882 Thread 0x00000295740b56d0 Uncommon trap: trap_request=0xffffffbe fr.pc=0x00000295601145d0 relative=0x0000000000000250
Event: 41.882 Thread 0x00000295740b56d0 Uncommon trap: reason=profile_predicate action=maybe_recompile pc=0x00000295601145d0 method=java.util.Collections.indexedBinarySearch(Ljava/util/List;Ljava/lang/Object;Ljava/util/Comparator;)I @ 15 c2
Event: 41.882 Thread 0x00000295740b56d0 DEOPT PACKING pc=0x00000295601145d0 sp=0x000000c9870f8800
Event: 41.882 Thread 0x00000295740b56d0 DEOPT UNPACKING pc=0x000002955f5d69a3 sp=0x000000c9870f8800 mode 2
Event: 41.917 Thread 0x0000029579777a30 DEOPT PACKING pc=0x00000295586fa59e sp=0x000000c98a3fec90
Event: 41.918 Thread 0x0000029579777a30 DEOPT UNPACKING pc=0x000002955f5d7143 sp=0x000000c98a3fe1a0 mode 0
Event: 41.918 Thread 0x000002957beba410 Uncommon trap: trap_request=0xffffffde fr.pc=0x000002956002a5d8 relative=0x00000000000002b8
Event: 41.918 Thread 0x000002957beba410 Uncommon trap: reason=class_check action=maybe_recompile pc=0x000002956002a5d8 method=java.util.concurrent.ConcurrentHashMap.get(Ljava/lang/Object;)Ljava/lang/Object; @ 93 c2
Event: 41.918 Thread 0x000002957beba410 DEOPT PACKING pc=0x000002956002a5d8 sp=0x000000c98b7fef70
Event: 41.918 Thread 0x000002957beba410 DEOPT UNPACKING pc=0x000002955f5d69a3 sp=0x000000c98b7feec8 mode 2
Event: 41.928 Thread 0x0000029576f6b340 Uncommon trap: trap_request=0xffffff45 fr.pc=0x000002955fd556ec relative=0x0000000000000a8c
Event: 41.928 Thread 0x0000029576f6b340 Uncommon trap: reason=unstable_if action=reinterpret pc=0x000002955fd556ec method=java.util.concurrent.ConcurrentLinkedQueue.poll()Ljava/lang/Object; @ 24 c2
Event: 41.928 Thread 0x0000029576f6b340 DEOPT PACKING pc=0x000002955fd556ec sp=0x000000c9887fe6f0
Event: 41.928 Thread 0x0000029576f6b340 DEOPT UNPACKING pc=0x000002955f5d69a3 sp=0x000000c9887fe638 mode 2

Classes unloaded (0 events):
No events

Classes redefined (0 events):
No events

Internal exceptions (20 events):
Event: 8.047 Thread 0x000002957beb4d70 Exception <a 'java/lang/NoSuchMethodError'{0x000000070e0441d8}: 'java.lang.Object java.lang.invoke.Invokers$Holder.linkToTargetMethod(java.lang.Object, long, java.lang.Object)'> (0x000000070e0441d8) 
thrown [s\src\hotspot\share\interpreter\linkResolver.cpp, line 771]
Event: 8.078 Thread 0x000002957beb7d90 Implicit null exception at 0x000002955fdb7903 to 0x000002955fdb7b10
Event: 8.116 Thread 0x000002957beb4d70 Exception <a 'java/lang/reflect/InvocationTargetException'{0x000000070e0936b8}> (0x000000070e0936b8) 
thrown [s\src\hotspot\share\runtime\reflection.cpp, line 1127]
Event: 8.124 Thread 0x000002957beb4d70 Exception <a 'java/lang/NoSuchMethodError'{0x000000070e0df6b0}: 'void java.lang.invoke.DirectMethodHandle$Holder.invokeStatic(java.lang.Object, java.lang.Object, java.lang.Object, java.lang.Object, java.lang.Object, java.lang.Object, java.lang.Object)'> (0x000000070e0df6b0) 
thrown [s\src\hotspot\share\interpreter\linkResolver.cpp, line 771]
Event: 8.130 Thread 0x0000029576f687f0 Exception <a 'java/lang/NoSuchMethodError'{0x000000070dea5768}: static Lorg/gradle/internal/build/event/types/DefaultTaskFailureResult;.<clinit>()V> (0x000000070dea5768) 
thrown [s\src\hotspot\share\prims\jni.cpp, line 1108]
Event: 8.131 Thread 0x0000029576f687f0 Exception <a 'java/lang/NoSuchMethodError'{0x000000070dededc0}: static [Ljava/lang/Object;.<clinit>()V> (0x000000070dededc0) 
thrown [s\src\hotspot\share\prims\jni.cpp, line 1108]
Event: 8.132 Thread 0x0000029576f687f0 Exception <a 'java/lang/NoSuchMethodError'{0x000000070def4a00}: static Lorg/gradle/internal/build/event/types/DefaultFailure;.<clinit>()V> (0x000000070def4a00) 
thrown [s\src\hotspot\share\prims\jni.cpp, line 1108]
Event: 8.500 Thread 0x00000295740b56d0 Exception <a 'java/lang/NoSuchMethodError'{0x000000070b9a8730}: 'int java.lang.invoke.DirectMethodHandle$Holder.invokeVirtual(java.lang.Object, java.lang.Object, java.lang.Object)'> (0x000000070b9a8730) 
thrown [s\src\hotspot\share\interpreter\linkResolver.cpp, line 771]
Event: 8.589 Thread 0x00000295740b3ec0 Exception <a 'java/lang/NoSuchMethodError'{0x000000070ac20518}: static Lorg/gradle/tooling/internal/provider/serialization/ClassLoaderDetails;.<clinit>()V> (0x000000070ac20518) 
thrown [s\src\hotspot\share\prims\jni.cpp, line 1108]
Event: 8.590 Thread 0x00000295740b3ec0 Exception <a 'java/lang/NoSuchMethodError'{0x000000070ac31f40}: static Lorg/gradle/tooling/internal/provider/serialization/WellKnownClassLoaderRegistry$KnownClassLoaderSpec;.<clinit>()V> (0x000000070ac31f40) 
thrown [s\src\hotspot\share\prims\jni.cpp, line 1108]
Event: 8.590 Thread 0x00000295740b3ec0 Exception <a 'java/lang/NoSuchMethodError'{0x000000070ac335b8}: static Lorg/gradle/internal/classloader/ClassLoaderSpec;.<clinit>()V> (0x000000070ac335b8) 
thrown [s\src\hotspot\share\prims\jni.cpp, line 1108]
Event: 8.591 Thread 0x00000295740b3ec0 Exception <a 'java/lang/NoSuchMethodError'{0x000000070ac451f0}: static Lorg/gradle/internal/classloader/ClassLoaderSpec;.<clinit>()V> (0x000000070ac451f0) 
thrown [s\src\hotspot\share\prims\jni.cpp, line 1108]
Event: 8.591 Thread 0x00000295740b3ec0 Exception <a 'java/lang/NoSuchMethodError'{0x000000070ac50d38}: static Lorg/gradle/internal/classloader/VisitableURLClassLoader$Spec;.<clinit>()V> (0x000000070ac50d38) 
thrown [s\src\hotspot\share\prims\jni.cpp, line 1108]
Event: 11.255 Thread 0x00000295740b26b0 Implicit null exception at 0x000002955fb76ef2 to 0x000002955fb7754c
Event: 11.255 Thread 0x00000295740b26b0 Implicit null exception at 0x000002955fd85ef2 to 0x000002955fd86644
Event: 20.293 Thread 0x00000295740b56d0 Implicit null exception at 0x00000295600db4a0 to 0x00000295600dbd08
Event: 20.293 Thread 0x00000295740b56d0 Implicit null exception at 0x00000295600ddfc9 to 0x00000295600de314
Event: 20.299 Thread 0x00000295740b56d0 Exception <a 'sun/nio/fs/WindowsException'{0x000000070d8e3178}> (0x000000070d8e3178) 
thrown [s\src\hotspot\share\prims\jni.cpp, line 517]
Event: 20.576 Thread 0x0000029579d5d540 Exception <a 'java/lang/InterruptedException'{0x000000070c42f980}> (0x000000070c42f980) 
thrown [s\src\hotspot\share\runtime\objectMonitor.cpp, line 1648]
Event: 20.700 Thread 0x0000029579d5fbc0 Exception <a 'java/lang/reflect/InvocationTargetException'{0x000000070c5d2818}> (0x000000070c5d2818) 
thrown [s\src\hotspot\share\runtime\reflection.cpp, line 1127]

VM Operations (20 events):
Event: 19.262 Executing VM operation: Cleanup
Event: 19.262 Executing VM operation: Cleanup done
Event: 20.105 Executing VM operation: G1CollectForAllocation
Event: 20.113 Executing VM operation: G1CollectForAllocation done
Event: 20.261 Executing VM operation: ICBufferFull
Event: 20.261 Executing VM operation: ICBufferFull done
Event: 20.386 Executing VM operation: ICBufferFull
Event: 20.387 Executing VM operation: ICBufferFull done
Event: 20.512 Executing VM operation: ICBufferFull
Event: 20.512 Executing VM operation: ICBufferFull done
Event: 21.512 Executing VM operation: Cleanup
Event: 21.512 Executing VM operation: Cleanup done
Event: 22.968 Executing VM operation: HandshakeAllThreads
Event: 22.968 Executing VM operation: HandshakeAllThreads done
Event: 23.968 Executing VM operation: Cleanup
Event: 23.968 Executing VM operation: Cleanup done
Event: 38.977 Executing VM operation: Cleanup
Event: 38.977 Executing VM operation: Cleanup done
Event: 41.947 Executing VM operation: ICBufferFull
Event: 41.947 Executing VM operation: ICBufferFull done

Events (20 events):
Event: 41.907 Thread 0x00000295740b5ba0 Thread added: 0x00000295740b5ba0
Event: 41.907 Thread 0x00000295740b2b80 Thread added: 0x00000295740b2b80
Event: 41.907 Thread 0x000002957be67e10 Thread added: 0x000002957be67e10
Event: 41.907 Thread 0x000002957be65790 Thread added: 0x000002957be65790
Event: 41.907 Thread 0x000002957be682e0 Thread added: 0x000002957be682e0
Event: 41.907 Thread 0x000002957be687b0 Thread added: 0x000002957be687b0
Event: 41.907 Thread 0x000002957be64df0 Thread added: 0x000002957be64df0
Event: 41.908 Thread 0x000002957be652c0 Thread added: 0x000002957be652c0
Event: 41.908 Thread 0x000002957be65c60 Thread added: 0x000002957be65c60
Event: 41.908 Thread 0x000002957be66ad0 Thread added: 0x000002957be66ad0
Event: 41.909 Thread 0x000002957be66fa0 Thread added: 0x000002957be66fa0
Event: 41.909 Thread 0x000002957be66130 Thread added: 0x000002957be66130
Event: 41.909 Thread 0x000002957be66600 Thread added: 0x000002957be66600
Event: 41.910 Thread 0x000002957be67470 Thread added: 0x000002957be67470
Event: 41.910 Thread 0x000002957be67940 Thread added: 0x000002957be67940
Event: 41.910 Thread 0x00000295751f6b90 Thread added: 0x00000295751f6b90
Event: 41.911 Thread 0x00000295751f5d20 Thread added: 0x00000295751f5d20
Event: 41.911 Thread 0x00000295751f5380 Thread added: 0x00000295751f5380
Event: 41.911 Thread 0x00000295751f61f0 Thread added: 0x00000295751f61f0
Event: 41.911 Thread 0x00000295751f5850 Thread added: 0x00000295751f5850


Dynamic libraries:
0x00007ff7226c0000 - 0x00007ff7226ca000 	C:\Program Files\Android\Android Studio\jbr\bin\java.exe
0x00007fff13530000 - 0x00007fff13728000 	C:\WINDOWS\SYSTEM32\ntdll.dll
0x00007fff12470000 - 0x00007fff1252f000 	C:\WINDOWS\System32\KERNEL32.DLL
0x00007fff10c10000 - 0x00007fff10f06000 	C:\WINDOWS\System32\KERNELBASE.dll
0x00007fff11030000 - 0x00007fff11130000 	C:\WINDOWS\System32\ucrtbase.dll
0x00007fff01750000 - 0x00007fff01767000 	C:\Program Files\Android\Android Studio\jbr\bin\jli.dll
0x00007fff02c10000 - 0x00007fff02c2b000 	C:\Program Files\Android\Android Studio\jbr\bin\VCRUNTIME140.dll
0x00007fff12830000 - 0x00007fff129cd000 	C:\WINDOWS\System32\USER32.dll
0x00007fff11130000 - 0x00007fff11152000 	C:\WINDOWS\System32\win32u.dll
0x00007fff12b20000 - 0x00007fff12b4c000 	C:\WINDOWS\System32\GDI32.dll
0x00007fff10f10000 - 0x00007fff11025000 	C:\WINDOWS\System32\gdi32full.dll
0x00007fff03160000 - 0x00007fff033fa000 	C:\WINDOWS\WinSxS\amd64_microsoft.windows.common-controls_6595b64144ccf1df_6.0.19041.1110_none_60b5254171f9507e\COMCTL32.dll
0x00007fff11160000 - 0x00007fff111fd000 	C:\WINDOWS\System32\msvcp_win.dll
0x00007fff11590000 - 0x00007fff1162e000 	C:\WINDOWS\System32\msvcrt.dll
0x00007fff12c60000 - 0x00007fff12c90000 	C:\WINDOWS\System32\IMM32.DLL
0x00007fff0c5a0000 - 0x00007fff0c5ac000 	C:\Program Files\Android\Android Studio\jbr\bin\vcruntime140_1.dll
0x00007fff02b80000 - 0x00007fff02c0d000 	C:\Program Files\Android\Android Studio\jbr\bin\msvcp140.dll
0x00007ffe752e0000 - 0x00007ffe75f4e000 	C:\Program Files\Android\Android Studio\jbr\bin\server\jvm.dll
0x00007fff12a70000 - 0x00007fff12b1f000 	C:\WINDOWS\System32\ADVAPI32.dll
0x00007fff129d0000 - 0x00007fff12a6c000 	C:\WINDOWS\System32\sechost.dll
0x00007fff11720000 - 0x00007fff11846000 	C:\WINDOWS\System32\RPCRT4.dll
0x00007fff05430000 - 0x00007fff05457000 	C:\WINDOWS\SYSTEM32\WINMM.dll
0x00007fff0acb0000 - 0x00007fff0acba000 	C:\WINDOWS\SYSTEM32\VERSION.dll
0x00007ffeefec0000 - 0x00007ffeefec9000 	C:\WINDOWS\SYSTEM32\WSOCK32.dll
0x00007fff12600000 - 0x00007fff1266b000 	C:\WINDOWS\System32\WS2_32.dll
0x00007fff0ead0000 - 0x00007fff0eae2000 	C:\WINDOWS\SYSTEM32\kernel.appcore.dll
0x00007fff0c560000 - 0x00007fff0c56a000 	C:\Program Files\Android\Android Studio\jbr\bin\jimage.dll
0x00007fff071d0000 - 0x00007fff073b4000 	C:\WINDOWS\SYSTEM32\DBGHELP.DLL
0x00007ffee3850000 - 0x00007ffee3884000 	C:\WINDOWS\SYSTEM32\dbgcore.DLL
0x00007fff11500000 - 0x00007fff11582000 	C:\WINDOWS\System32\bcryptPrimitives.dll
0x00007fff03f30000 - 0x00007fff03f55000 	C:\Program Files\Android\Android Studio\jbr\bin\java.dll
0x00007fff07140000 - 0x00007fff07158000 	C:\Program Files\Android\Android Studio\jbr\bin\zip.dll
0x00007fff11cc0000 - 0x00007fff12404000 	C:\WINDOWS\System32\SHELL32.dll
0x00007fff0ecd0000 - 0x00007fff0f463000 	C:\WINDOWS\SYSTEM32\windows.storage.dll
0x00007fff12ca0000 - 0x00007fff12ff4000 	C:\WINDOWS\System32\combase.dll
0x00007fff10580000 - 0x00007fff105ae000 	C:\WINDOWS\SYSTEM32\Wldp.dll
0x00007fff13080000 - 0x00007fff1312d000 	C:\WINDOWS\System32\SHCORE.dll
0x00007fff11630000 - 0x00007fff11685000 	C:\WINDOWS\System32\shlwapi.dll
0x00007fff10b40000 - 0x00007fff10b65000 	C:\WINDOWS\SYSTEM32\profapi.dll
0x00007fff04030000 - 0x00007fff04049000 	C:\Program Files\Android\Android Studio\jbr\bin\net.dll
0x00007fff0b270000 - 0x00007fff0b37a000 	C:\WINDOWS\SYSTEM32\WINHTTP.dll
0x00007fff102e0000 - 0x00007fff1034a000 	C:\WINDOWS\system32\mswsock.dll
0x00007fff03ed0000 - 0x00007fff03ee6000 	C:\Program Files\Android\Android Studio\jbr\bin\nio.dll
0x00007fff0b800000 - 0x00007fff0b810000 	C:\Program Files\Android\Android Studio\jbr\bin\verify.dll
0x00007ffef4d50000 - 0x00007ffef4d77000 	C:\Users\lee\.gradle\native\e1d6ef7f7dcc3fd88c89a11ec53ec762bb8ba0a96d01ffa2cd45eb1d1d8dd5c5\windows-amd64\native-platform.dll
0x00007fff02a30000 - 0x00007fff02b74000 	C:\Users\lee\.gradle\native\5664cfc778a61ccfe75a443a1ab52a65af34e5dc3c78e0209fed803814484fcb\windows-amd64\native-platform-file-events.dll
0x00007fff06bb0000 - 0x00007fff06bb9000 	C:\Program Files\Android\Android Studio\jbr\bin\management.dll
0x00007fff06a80000 - 0x00007fff06a8b000 	C:\Program Files\Android\Android Studio\jbr\bin\management_ext.dll
0x00007fff11710000 - 0x00007fff11718000 	C:\WINDOWS\System32\PSAPI.DLL
0x00007fff104e0000 - 0x00007fff104f8000 	C:\WINDOWS\SYSTEM32\CRYPTSP.dll
0x00007fff0fbf0000 - 0x00007fff0fc24000 	C:\WINDOWS\system32\rsaenh.dll
0x00007fff114d0000 - 0x00007fff114f7000 	C:\WINDOWS\System32\bcrypt.dll
0x00007fff10a70000 - 0x00007fff10a9e000 	C:\WINDOWS\SYSTEM32\USERENV.dll
0x00007fff104d0000 - 0x00007fff104dc000 	C:\WINDOWS\SYSTEM32\CRYPTBASE.dll
0x00007fff0ffd0000 - 0x00007fff1000b000 	C:\WINDOWS\SYSTEM32\IPHLPAPI.DLL
0x00007fff12670000 - 0x00007fff12678000 	C:\WINDOWS\System32\NSI.dll
0x00007fff098e0000 - 0x00007fff098f7000 	C:\WINDOWS\SYSTEM32\dhcpcsvc6.DLL
0x00007fff09870000 - 0x00007fff0988d000 	C:\WINDOWS\SYSTEM32\dhcpcsvc.DLL
0x00007fff10010000 - 0x00007fff100da000 	C:\WINDOWS\SYSTEM32\DNSAPI.dll
0x00007ffe6f560000 - 0x00007ffe6f567000 	C:\WINDOWS\system32\wshunix.dll
0x00007fff0abd0000 - 0x00007fff0abd7000 	C:\Program Files\Android\Android Studio\jbr\bin\rmi.dll
0x00007fff04fb0000 - 0x00007fff04fce000 	C:\Users\lee\AppData\Local\Temp\native-platform6891780250946155853dir\native-platform.dll

dbghelp: loaded successfully - version: 4.0.5 - missing functions: none
symbol engine: initialized successfully - sym options: 0x614 - pdb path: .;C:\Program Files\Android\Android Studio\jbr\bin;C:\WINDOWS\SYSTEM32;C:\WINDOWS\WinSxS\amd64_microsoft.windows.common-controls_6595b64144ccf1df_6.0.19041.1110_none_60b5254171f9507e;C:\Program Files\Android\Android Studio\jbr\bin\server;C:\Users\lee\.gradle\native\e1d6ef7f7dcc3fd88c89a11ec53ec762bb8ba0a96d01ffa2cd45eb1d1d8dd5c5\windows-amd64;C:\Users\lee\.gradle\native\5664cfc778a61ccfe75a443a1ab52a65af34e5dc3c78e0209fed803814484fcb\windows-amd64;C:\Users\lee\AppData\Local\Temp\native-platform6891780250946155853dir

VM Arguments:
jvm_args: --add-opens=java.base/java.io=ALL-UNNAMED --add-opens=java.base/java.util=ALL-UNNAMED --add-opens=java.base/java.lang=ALL-UNNAMED --add-opens=java.base/java.lang.invoke=ALL-UNNAMED --add-opens=java.base/java.util=ALL-UNNAMED --add-opens=java.prefs/java.util.prefs=ALL-UNNAMED --add-opens=java.prefs/java.util.prefs=ALL-UNNAMED --add-opens=java.base/java.nio.charset=ALL-UNNAMED --add-opens=java.base/java.net=ALL-UNNAMED --add-opens=java.base/java.util.concurrent.atomic=ALL-UNNAMED -Dfile.encoding=x-windows-949 -Duser.country=KR -Duser.language=ko -Duser.variant 
java_command: org.gradle.launcher.daemon.bootstrap.GradleDaemon 7.2
java_class_path (initial): C:\Users\lee\.gradle\wrapper\dists\gradle-7.2-bin\2dnblmf4td7x66yl1d74lt32g\gradle-7.2\lib\gradle-launcher-7.2.jar
Launcher Type: SUN_STANDARD

[Global flags]
     intx CICompilerCount                          = 4                                         {product} {ergonomic}
     uint ConcGCThreads                            = 2                                         {product} {ergonomic}
     uint G1ConcRefinementThreads                  = 8                                         {product} {ergonomic}
   size_t G1HeapRegionSize                         = 2097152                                   {product} {ergonomic}
    uintx GCDrainStackTargetSize                   = 64                                        {product} {ergonomic}
   size_t InitialHeapSize                          = 266338304                                 {product} {ergonomic}
   size_t MarkStackSize                            = 4194304                                   {product} {ergonomic}
   size_t MaxHeapSize                              = 4250927104                                {product} {ergonomic}
   size_t MaxNewSize                               = 2550136832                                {product} {ergonomic}
   size_t MinHeapDeltaBytes                        = 2097152                                   {product} {ergonomic}
   size_t MinHeapSize                              = 8388608                                   {product} {ergonomic}
    uintx NonNMethodCodeHeapSize                   = 5839372                                {pd product} {ergonomic}
    uintx NonProfiledCodeHeapSize                  = 122909434                              {pd product} {ergonomic}
    uintx ProfiledCodeHeapSize                     = 122909434                              {pd product} {ergonomic}
    uintx ReservedCodeCacheSize                    = 251658240                              {pd product} {ergonomic}
     bool SegmentedCodeCache                       = true                                      {product} {ergonomic}
   size_t SoftMaxHeapSize                          = 4250927104                             {manageable} {ergonomic}
     bool UseCompressedClassPointers               = true                           {product lp64_product} {ergonomic}
     bool UseCompressedOops                        = true                           {product lp64_product} {ergonomic}
     bool UseG1GC                                  = true                                      {product} {ergonomic}
     bool UseLargePagesIndividualAllocation        = false                                  {pd product} {ergonomic}

Logging:
Log output configuration:
 #0: stdout all=warning uptime,level,tags
 #1: stderr all=off uptime,level,tags

Environment Variables:
PATH=C:\app\lee\product\21c\dbhomeXE\bin;C:\Users\lee\Downloads\WINDOWS.X64_193000_db_home\bin;C:\Windows\system32;C:\Windows;C:\Windows\System32\Wbem;C:\Windows\System32\WindowsPowerShell\v1.0\;C:\Windows\System32\OpenSSH\;C:\Program Files (x86)\NVIDIA Corporation\PhysX\Common;C:\Program Files\NVIDIA Corporation\NVIDIA NvDLISR;C:\WINDOWS\system32;C:\WINDOWS;C:\WINDOWS\System32\Wbem;C:\WINDOWS\System32\WindowsPowerShell\v1.0\;C:\WINDOWS\System32\OpenSSH\;C:\Program Files (x86)\NetSarang\Xshell 7\;C:\Program Files\Bandizip\;C:\Users\lee\AppData\Local\Programs\Python\Python310\Scripts\;C:\Users\lee\AppData\Local\Programs\Python\Python310\;C:\Users\lee\AppData\Local\Microsoft\WindowsApps;C:\Users\lee\AppData\Local\GitHubDesktop\bin;C:\Users\lee\AppData\Local\Programs\Microsoft VS Code\bin
USERNAME=lee
OS=Windows_NT
PROCESSOR_IDENTIFIER=Intel64 Family 6 Model 165 Stepping 3, GenuineIntel
TMP=C:\Users\lee\AppData\Local\Temp
TEMP=C:\Users\lee\AppData\Local\Temp


JNI global refs:
JNI global refs: 29, weak refs: 8

JNI global refs memory usage: 843, weak refs: 841


---------------  S Y S T E M  ---------------

OS:
 Windows 10 , 64 bit Build 19041 (10.0.19041.3155)
OS uptime: 1 days 14:37 hours

CPU: total 8 (initial active 8) (4 cores per cpu, 2 threads per core) family 6 model 165 stepping 3 microcode 0xca, cx8, cmov, fxsr, ht, mmx, 3dnowpref, sse, sse2, sse3, ssse3, sse4.1, sse4.2, popcnt, lzcnt, tsc, tscinvbit, avx, avx2, aes, erms, clmul, bmi1, bmi2, adx, fma, vzeroupper, clflush, clflushopt

Memory: 4k page, system-wide physical 16210M (1936M free)
TotalPageFile size 54113M (AvailPageFile size 3M)
current process WorkingSet (physical memory assigned to process): 440M, peak: 466M
current process commit charge ("private bytes"): 478M, peak: 501M

vm_info: OpenJDK 64-Bit Server VM (17.0.6+0-b2043.56-10027231) for windows-amd64 JRE (17.0.6+0-b2043.56-10027231), built on Apr 28 2023 00:43:19 by "androidbuild" with MS VC++ 16.10 / 16.11 (VS2019)

END.
