#
# There is insufficient memory for the Java Runtime Environment to continue.
# Native memory allocation (malloc) failed to allocate 1234416 bytes for Chunk::new
# Possible reasons:
#   The system is out of physical RAM or swap space
#   The process is running with CompressedOops enabled, and the Java Heap may be blocking the growth of the native heap
# Possible solutions:
#   Reduce memory load on the system
#   Increase physical memory or swap space
#   Check if swap backing store is full
#   Decrease Java heap size (-Xmx/-Xms)
#   Decrease number of Java threads
#   Decrease Java thread stack sizes (-Xss)
#   Set larger code cache with -XX:ReservedCodeCacheSize=
#   JVM is running with Zero Based Compressed Oops mode in which the Java heap is
#     placed in the first 32GB address space. The Java Heap base address is the
#     maximum limit for the native heap growth. Please use -XX:HeapBaseMinAddress
#     to set the Java Heap base and to place the Java Heap above 32GB virtual address.
# This output file may be truncated or incomplete.
#
#  Out of Memory Error (arena.cpp:189), pid=9148, tid=21304
#
# JRE version: OpenJDK Runtime Environment (17.0.6) (build 17.0.6+0-b2043.56-10027231)
# Java VM: OpenJDK 64-Bit Server VM (17.0.6+0-b2043.56-10027231, mixed mode, tiered, compressed oops, compressed class ptrs, g1 gc, windows-amd64)
# No core dump will be written. Minidumps are not enabled by default on client versions of Windows
#

---------------  S U M M A R Y ------------

Command Line: --add-opens=java.base/java.io=ALL-UNNAMED --add-opens=java.base/java.util=ALL-UNNAMED --add-opens=java.base/java.lang=ALL-UNNAMED --add-opens=java.base/java.lang.invoke=ALL-UNNAMED --add-opens=java.base/java.util=ALL-UNNAMED --add-opens=java.prefs/java.util.prefs=ALL-UNNAMED --add-opens=java.prefs/java.util.prefs=ALL-UNNAMED --add-opens=java.base/java.nio.charset=ALL-UNNAMED --add-opens=java.base/java.net=ALL-UNNAMED --add-opens=java.base/java.util.concurrent.atomic=ALL-UNNAMED -Dfile.encoding=x-windows-949 -Duser.country=KR -Duser.language=ko -Duser.variant org.gradle.launcher.daemon.bootstrap.GradleDaemon 7.2

Host: Intel(R) Core(TM) i3-10100 CPU @ 3.60GHz, 8 cores, 15G,  Windows 10 , 64 bit Build 19041 (10.0.19041.3155)
Time: Tue Aug 15 16:24:00 2023  Windows 10 , 64 bit Build 19041 (10.0.19041.3155) elapsed time: 7.257254 seconds (0d 0h 0m 7s)

---------------  T H R E A D  ---------------

Current thread (0x00000290c50ab340):  JavaThread "C2 CompilerThread0" daemon [_thread_in_native, id=21304, stack(0x000000bf67100000,0x000000bf67200000)]


Current CompileTask:
C2:   7257 8611       4       org.gradle.cache.internal.btree.FreeListBlockStore::read (12 bytes)

Stack: [0x000000bf67100000,0x000000bf67200000]
Native frames: (J=compiled Java code, j=interpreted, Vv=VM code, C=native code)
V  [jvm.dll+0x683c9a]
V  [jvm.dll+0x8427a4]
V  [jvm.dll+0x843f9e]
V  [jvm.dll+0x844603]
V  [jvm.dll+0x249b75]
V  [jvm.dll+0xabcac]
V  [jvm.dll+0xac27c]
V  [jvm.dll+0x368802]
V  [jvm.dll+0x332f31]
V  [jvm.dll+0x3323da]
V  [jvm.dll+0x21c201]
V  [jvm.dll+0x21b621]
V  [jvm.dll+0x1a4fdd]
V  [jvm.dll+0x22b098]
V  [jvm.dll+0x229159]
V  [jvm.dll+0x7f81ec]
V  [jvm.dll+0x7f274a]
V  [jvm.dll+0x682ad5]
C  [ucrtbase.dll+0x21bb2]
C  [KERNEL32.DLL+0x17614]
C  [ntdll.dll+0x526b1]


---------------  P R O C E S S  ---------------

Threads class SMR info:
_java_thread_list=0x00000290c94cd950, length=134, elements={
0x00000290a3d38650, 0x00000290c5037510, 0x00000290c5038a30, 0x00000290c508a2f0,
0x00000290c5077450, 0x00000290c508afa0, 0x00000290c50aa2e0, 0x00000290c50ab340,
0x00000290c50b6110, 0x00000290c50baa20, 0x00000290c5238010, 0x00000290c523c570,
0x00000290c54120a0, 0x00000290c6af1b90, 0x00000290c66c85b0, 0x00000290c66c98f0,
0x00000290c66c8f50, 0x00000290c66c7740, 0x00000290c66c7c10, 0x00000290c66c9dc0,
0x00000290c66c80e0, 0x00000290c66c7270, 0x00000290c66c8a80, 0x00000290c66ca290,
0x00000290c66ca760, 0x00000290c66cac30, 0x00000290c66c9420, 0x00000290c95c7210,
0x00000290c8d1c6d0, 0x00000290c8d1da10, 0x00000290c8d19b80, 0x00000290c8d1d540,
0x00000290c8d1b390, 0x00000290c8d16690, 0x00000290c8d16b60, 0x00000290c8d18d10,
0x00000290c8d1cba0, 0x00000290c8d17500, 0x00000290c8d179d0, 0x00000290c8d1d070,
0x00000290c8d1a9f0, 0x00000290c8d1b860, 0x00000290c8d17ea0, 0x00000290c8d1bd30,
0x00000290c8d191e0, 0x00000290c8d18370, 0x00000290c8d1a050, 0x00000290c8d1a520,
0x00000290c8d1aec0, 0x00000290ca75b570, 0x00000290ca75d250, 0x00000290ca75e590,
0x00000290ca757bb0, 0x00000290ca75bf10, 0x00000290ca75b0a0, 0x00000290ca75c3e0,
0x00000290ca75ba40, 0x00000290ca75c8b0, 0x00000290ca75cd80, 0x00000290ca75d720,
0x00000290ca75dbf0, 0x00000290ca75e0c0, 0x00000290ca757210, 0x00000290ca758080,
0x00000290ca75ea60, 0x00000290ca7576e0, 0x00000290ca758550, 0x00000290ca758a20,
0x00000290ca758ef0, 0x00000290ca7593c0, 0x00000290ca759890, 0x00000290ca759d60,
0x00000290ca75a230, 0x00000290ca75a700, 0x00000290ca75abd0, 0x00000290ca0258e0,
0x00000290ca01fd70, 0x00000290ca020240, 0x00000290ca023730, 0x00000290ca01e090,
0x00000290ca0228c0, 0x00000290ca01e560, 0x00000290ca023260, 0x00000290ca0245a0,
0x00000290ca01ea30, 0x00000290ca022d90, 0x00000290ca020710, 0x00000290ca01ef00,
0x00000290ca024a70, 0x00000290ca01f3d0, 0x00000290ca0210b0, 0x00000290ca0240d0,
0x00000290ca023c00, 0x00000290ca01f8a0, 0x00000290ca024f40, 0x00000290ca020be0,
0x00000290ca025410, 0x00000290ca021580, 0x00000290ca021a50, 0x00000290ca021f20,
0x00000290ca0223f0, 0x00000290cb9c80e0, 0x00000290cb9c3d80, 0x00000290cb9c6da0,
0x00000290cb9c2f10, 0x00000290cb9c5590, 0x00000290cb9c0890, 0x00000290cb9c50c0,
0x00000290cb9c38b0, 0x00000290cb9c0d60, 0x00000290cb9c6400, 0x00000290cb9c1230,
0x00000290cb9c4720, 0x00000290cb9c4250, 0x00000290cb9c1700, 0x00000290cb9c68d0,
0x00000290cb9c7270, 0x00000290cb9c1bd0, 0x00000290cb9c2570, 0x00000290cb9c4bf0,
0x00000290cb9c20a0, 0x00000290cb9c2a40, 0x00000290cb9c33e0, 0x00000290cb9c7740,
0x00000290cb9c5a60, 0x00000290cb9c5f30, 0x00000290ca7e19a0, 0x00000290ca7de4b0,
0x00000290ca7dfcc0, 0x00000290ca7db960, 0x00000290ca7dc300, 0x00000290ca7e1000,
0x00000290ca7dcca0, 0x00000290ca7de980
}

Java Threads: ( => current thread )
  0x00000290a3d38650 JavaThread "main" [_thread_blocked, id=19716, stack(0x000000bf66400000,0x000000bf66500000)]
  0x00000290c5037510 JavaThread "Reference Handler" daemon [_thread_blocked, id=1928, stack(0x000000bf66b00000,0x000000bf66c00000)]
  0x00000290c5038a30 JavaThread "Finalizer" daemon [_thread_blocked, id=18152, stack(0x000000bf66c00000,0x000000bf66d00000)]
  0x00000290c508a2f0 JavaThread "Signal Dispatcher" daemon [_thread_blocked, id=8328, stack(0x000000bf66d00000,0x000000bf66e00000)]
  0x00000290c5077450 JavaThread "Attach Listener" daemon [_thread_blocked, id=11740, stack(0x000000bf66e00000,0x000000bf66f00000)]
  0x00000290c508afa0 JavaThread "Service Thread" daemon [_thread_blocked, id=19116, stack(0x000000bf66f00000,0x000000bf67000000)]
  0x00000290c50aa2e0 JavaThread "Monitor Deflation Thread" daemon [_thread_blocked, id=13988, stack(0x000000bf67000000,0x000000bf67100000)]
=>0x00000290c50ab340 JavaThread "C2 CompilerThread0" daemon [_thread_in_native, id=21304, stack(0x000000bf67100000,0x000000bf67200000)]
  0x00000290c50b6110 JavaThread "C1 CompilerThread0" daemon [_thread_in_native, id=19980, stack(0x000000bf67200000,0x000000bf67300000)]
  0x00000290c50baa20 JavaThread "Sweeper thread" daemon [_thread_blocked, id=5060, stack(0x000000bf67300000,0x000000bf67400000)]
  0x00000290c5238010 JavaThread "Common-Cleaner" daemon [_thread_blocked, id=23144, stack(0x000000bf67400000,0x000000bf67500000)]
  0x00000290c523c570 JavaThread "Notification Thread" daemon [_thread_blocked, id=8692, stack(0x000000bf67500000,0x000000bf67600000)]
  0x00000290c54120a0 JavaThread "C2 CompilerThread1" daemon [_thread_in_native, id=20224, stack(0x000000bf67700000,0x000000bf67800000)]
  0x00000290c6af1b90 JavaThread "Daemon health stats" [_thread_blocked, id=4684, stack(0x000000bf67e00000,0x000000bf67f00000)]
  0x00000290c66c85b0 JavaThread "Incoming local TCP Connector on port 57501" [_thread_in_native, id=14068, stack(0x000000bf67d00000,0x000000bf67e00000)]
  0x00000290c66c98f0 JavaThread "Daemon periodic checks" [_thread_blocked, id=11864, stack(0x000000bf67f00000,0x000000bf68000000)]
  0x00000290c66c8f50 JavaThread "Daemon" [_thread_blocked, id=24524, stack(0x000000bf68000000,0x000000bf68100000)]
  0x00000290c66c7740 JavaThread "Handler for socket connection from /127.0.0.1:57501 to /127.0.0.1:57502" [_thread_in_native, id=24104, stack(0x000000bf68100000,0x000000bf68200000)]
  0x00000290c66c7c10 JavaThread "Cancel handler" [_thread_blocked, id=19316, stack(0x000000bf68200000,0x000000bf68300000)]
  0x00000290c66c9dc0 JavaThread "Daemon worker" [_thread_blocked, id=20996, stack(0x000000bf68300000,0x000000bf68400000)]
  0x00000290c66c80e0 JavaThread "Asynchronous log dispatcher for DefaultDaemonConnection: socket connection from /127.0.0.1:57501 to /127.0.0.1:57502" [_thread_blocked, id=9224, stack(0x000000bf68400000,0x000000bf68500000)]
  0x00000290c66c7270 JavaThread "Stdin handler" [_thread_blocked, id=16084, stack(0x000000bf68500000,0x000000bf68600000)]
  0x00000290c66c8a80 JavaThread "Daemon client event forwarder" [_thread_blocked, id=13620, stack(0x000000bf68600000,0x000000bf68700000)]
  0x00000290c66ca290 JavaThread "Cache worker for journal cache (C:\Users\lee\.gradle\caches\journal-1)" [_thread_blocked, id=552, stack(0x000000bf68a00000,0x000000bf68b00000)]
  0x00000290c66ca760 JavaThread "File lock request listener" [_thread_in_native, id=21624, stack(0x000000bf68b00000,0x000000bf68c00000)]
  0x00000290c66cac30 JavaThread "Cache worker for file hash cache (C:\Users\lee\.gradle\caches\7.2\fileHashes)" [_thread_blocked, id=24472, stack(0x000000bf68c00000,0x000000bf68d00000)]
  0x00000290c66c9420 JavaThread "Cache worker for file hash cache (C:\Users\lee\AndroidStudioProjects\RecyclerViewSample\.gradle\7.2\fileHashes)" [_thread_blocked, id=16404, stack(0x000000bf68d00000,0x000000bf68e00000)]
  0x00000290c95c7210 JavaThread "C2 CompilerThread2" daemon [_thread_in_native, id=17340, stack(0x000000bf68e00000,0x000000bf68f00000)]
  0x00000290c8d1c6d0 JavaThread "File watcher server" daemon [_thread_in_native, id=25404, stack(0x000000bf68f00000,0x000000bf69000000)]
  0x00000290c8d1da10 JavaThread "File watcher consumer" daemon [_thread_blocked, id=20764, stack(0x000000bf69000000,0x000000bf69100000)]
  0x00000290c8d19b80 JavaThread "Cache worker for checksums cache (C:\Users\lee\AndroidStudioProjects\RecyclerViewSample\.gradle\checksums)" [_thread_blocked, id=20588, stack(0x000000bf69100000,0x000000bf69200000)]
  0x00000290c8d1d540 JavaThread "Cache worker for cache directory md-supplier (C:\Users\lee\.gradle\caches\7.2\md-supplier)" [_thread_blocked, id=20568, stack(0x000000bf69200000,0x000000bf69300000)]
  0x00000290c8d1b390 JavaThread "Cache worker for cache directory md-rule (C:\Users\lee\.gradle\caches\7.2\md-rule)" [_thread_blocked, id=4072, stack(0x000000bf69300000,0x000000bf69400000)]
  0x00000290c8d16690 JavaThread "Cache worker for execution history cache (C:\Users\lee\.gradle\caches\7.2\executionHistory)" [_thread_blocked, id=19816, stack(0x000000bf69400000,0x000000bf69500000)]
  0x00000290c8d16b60 JavaThread "jar transforms" [_thread_blocked, id=8592, stack(0x000000bf69500000,0x000000bf69600000)]
  0x00000290c8d18d10 JavaThread "jar transforms Thread 2" [_thread_blocked, id=5108, stack(0x000000bf69600000,0x000000bf69700000)]
  0x00000290c8d1cba0 JavaThread "Cache worker for file content cache (C:\Users\lee\.gradle\caches\7.2\fileContent)" [_thread_blocked, id=24652, stack(0x000000bf69700000,0x000000bf69800000)]
  0x00000290c8d17500 JavaThread "jar transforms Thread 3" [_thread_blocked, id=3252, stack(0x000000bf69800000,0x000000bf69900000)]
  0x00000290c8d179d0 JavaThread "jar transforms Thread 4" [_thread_blocked, id=5712, stack(0x000000bf69900000,0x000000bf69a00000)]
  0x00000290c8d1d070 JavaThread "Cache worker for dependencies-accessors (C:\Users\lee\AndroidStudioProjects\RecyclerViewSample\.gradle\7.2\dependencies-accessors)" [_thread_blocked, id=23400, stack(0x000000bf69a00000,0x000000bf69b00000)]
  0x00000290c8d1a9f0 JavaThread "jar transforms Thread 5" [_thread_blocked, id=24484, stack(0x000000bf69b00000,0x000000bf69c00000)]
  0x00000290c8d1b860 JavaThread "Cache worker for Build Output Cleanup Cache (C:\Users\lee\AndroidStudioProjects\RecyclerViewSample\.gradle\buildOutputCleanup)" [_thread_blocked, id=4772, stack(0x000000bf69c00000,0x000000bf69d00000)]
  0x00000290c8d17ea0 JavaThread "Unconstrained build operations" [_thread_blocked, id=18612, stack(0x000000bf69d00000,0x000000bf69e00000)]
  0x00000290c8d1bd30 JavaThread "Unconstrained build operations Thread 2" [_thread_blocked, id=13952, stack(0x000000bf69e00000,0x000000bf69f00000)]
  0x00000290c8d191e0 JavaThread "Unconstrained build operations Thread 3" [_thread_blocked, id=4612, stack(0x000000bf69f00000,0x000000bf6a000000)]
  0x00000290c8d18370 JavaThread "Unconstrained build operations Thread 4" [_thread_blocked, id=21680, stack(0x000000bf6a000000,0x000000bf6a100000)]
  0x00000290c8d1a050 JavaThread "Unconstrained build operations Thread 5" [_thread_blocked, id=24792, stack(0x000000bf6a100000,0x000000bf6a200000)]
  0x00000290c8d1a520 JavaThread "Unconstrained build operations Thread 6" [_thread_blocked, id=21100, stack(0x000000bf6a200000,0x000000bf6a300000)]
  0x00000290c8d1aec0 JavaThread "Unconstrained build operations Thread 7" [_thread_blocked, id=9588, stack(0x000000bf6a300000,0x000000bf6a400000)]
  0x00000290ca75b570 JavaThread "Unconstrained build operations Thread 8" [_thread_blocked, id=19176, stack(0x000000bf6a400000,0x000000bf6a500000)]
  0x00000290ca75d250 JavaThread "Unconstrained build operations Thread 9" [_thread_blocked, id=7984, stack(0x000000bf6a500000,0x000000bf6a600000)]
  0x00000290ca75e590 JavaThread "Unconstrained build operations Thread 10" [_thread_blocked, id=13676, stack(0x000000bf6a600000,0x000000bf6a700000)]
  0x00000290ca757bb0 JavaThread "Unconstrained build operations Thread 11" [_thread_blocked, id=528, stack(0x000000bf6a700000,0x000000bf6a800000)]
  0x00000290ca75bf10 JavaThread "Unconstrained build operations Thread 12" [_thread_blocked, id=19928, stack(0x000000bf6a800000,0x000000bf6a900000)]
  0x00000290ca75b0a0 JavaThread "Unconstrained build operations Thread 13" [_thread_blocked, id=10208, stack(0x000000bf6a900000,0x000000bf6aa00000)]
  0x00000290ca75c3e0 JavaThread "Unconstrained build operations Thread 14" [_thread_blocked, id=12440, stack(0x000000bf6aa00000,0x000000bf6ab00000)]
  0x00000290ca75ba40 JavaThread "Unconstrained build operations Thread 15" [_thread_blocked, id=23128, stack(0x000000bf6ab00000,0x000000bf6ac00000)]
  0x00000290ca75c8b0 JavaThread "Unconstrained build operations Thread 16" [_thread_blocked, id=16744, stack(0x000000bf6ac00000,0x000000bf6ad00000)]
  0x00000290ca75cd80 JavaThread "Unconstrained build operations Thread 17" [_thread_blocked, id=22432, stack(0x000000bf6ad00000,0x000000bf6ae00000)]
  0x00000290ca75d720 JavaThread "Unconstrained build operations Thread 18" [_thread_blocked, id=17684, stack(0x000000bf6ae00000,0x000000bf6af00000)]
  0x00000290ca75dbf0 JavaThread "Unconstrained build operations Thread 19" [_thread_blocked, id=21764, stack(0x000000bf6af00000,0x000000bf6b000000)]
  0x00000290ca75e0c0 JavaThread "Unconstrained build operations Thread 20" [_thread_blocked, id=1976, stack(0x000000bf6b000000,0x000000bf6b100000)]
  0x00000290ca757210 JavaThread "Unconstrained build operations Thread 21" [_thread_blocked, id=18520, stack(0x000000bf6b100000,0x000000bf6b200000)]
  0x00000290ca758080 JavaThread "Unconstrained build operations Thread 22" [_thread_blocked, id=4200, stack(0x000000bf6b200000,0x000000bf6b300000)]
  0x00000290ca75ea60 JavaThread "Unconstrained build operations Thread 23" [_thread_blocked, id=8664, stack(0x000000bf6b300000,0x000000bf6b400000)]
  0x00000290ca7576e0 JavaThread "Unconstrained build operations Thread 24" [_thread_blocked, id=4068, stack(0x000000bf6b400000,0x000000bf6b500000)]
  0x00000290ca758550 JavaThread "Unconstrained build operations Thread 25" [_thread_blocked, id=18280, stack(0x000000bf6b500000,0x000000bf6b600000)]
  0x00000290ca758a20 JavaThread "Unconstrained build operations Thread 26" [_thread_blocked, id=24000, stack(0x000000bf6b600000,0x000000bf6b700000)]
  0x00000290ca758ef0 JavaThread "Unconstrained build operations Thread 27" [_thread_blocked, id=18064, stack(0x000000bf6b700000,0x000000bf6b800000)]
  0x00000290ca7593c0 JavaThread "Unconstrained build operations Thread 28" [_thread_blocked, id=24276, stack(0x000000bf6b800000,0x000000bf6b900000)]
  0x00000290ca759890 JavaThread "Unconstrained build operations Thread 29" [_thread_blocked, id=25176, stack(0x000000bf6b900000,0x000000bf6ba00000)]
  0x00000290ca759d60 JavaThread "Unconstrained build operations Thread 30" [_thread_blocked, id=20688, stack(0x000000bf6ba00000,0x000000bf6bb00000)]
  0x00000290ca75a230 JavaThread "Unconstrained build operations Thread 31" [_thread_blocked, id=11072, stack(0x000000bf6bb00000,0x000000bf6bc00000)]
  0x00000290ca75a700 JavaThread "Unconstrained build operations Thread 32" [_thread_blocked, id=3412, stack(0x000000bf6bc00000,0x000000bf6bd00000)]
  0x00000290ca75abd0 JavaThread "Unconstrained build operations Thread 33" [_thread_blocked, id=22212, stack(0x000000bf6bd00000,0x000000bf6be00000)]
  0x00000290ca0258e0 JavaThread "Unconstrained build operations Thread 34" [_thread_blocked, id=15436, stack(0x000000bf6be00000,0x000000bf6bf00000)]
  0x00000290ca01fd70 JavaThread "Unconstrained build operations Thread 35" [_thread_blocked, id=16016, stack(0x000000bf6bf00000,0x000000bf6c000000)]
  0x00000290ca020240 JavaThread "Unconstrained build operations Thread 36" [_thread_blocked, id=22560, stack(0x000000bf6c000000,0x000000bf6c100000)]
  0x00000290ca023730 JavaThread "Unconstrained build operations Thread 37" [_thread_blocked, id=23860, stack(0x000000bf6c100000,0x000000bf6c200000)]
  0x00000290ca01e090 JavaThread "Unconstrained build operations Thread 38" [_thread_blocked, id=14656, stack(0x000000bf6c200000,0x000000bf6c300000)]
  0x00000290ca0228c0 JavaThread "Unconstrained build operations Thread 39" [_thread_blocked, id=6284, stack(0x000000bf6c300000,0x000000bf6c400000)]
  0x00000290ca01e560 JavaThread "Unconstrained build operations Thread 40" [_thread_blocked, id=21096, stack(0x000000bf6c400000,0x000000bf6c500000)]
  0x00000290ca023260 JavaThread "Unconstrained build operations Thread 41" [_thread_blocked, id=17308, stack(0x000000bf6c500000,0x000000bf6c600000)]
  0x00000290ca0245a0 JavaThread "Unconstrained build operations Thread 42" [_thread_blocked, id=15560, stack(0x000000bf6c600000,0x000000bf6c700000)]
  0x00000290ca01ea30 JavaThread "Unconstrained build operations Thread 43" [_thread_blocked, id=23028, stack(0x000000bf6c700000,0x000000bf6c800000)]
  0x00000290ca022d90 JavaThread "Unconstrained build operations Thread 44" [_thread_blocked, id=8680, stack(0x000000bf6c800000,0x000000bf6c900000)]
  0x00000290ca020710 JavaThread "Unconstrained build operations Thread 45" [_thread_blocked, id=10508, stack(0x000000bf6c900000,0x000000bf6ca00000)]
  0x00000290ca01ef00 JavaThread "Unconstrained build operations Thread 46" [_thread_blocked, id=22120, stack(0x000000bf6ca00000,0x000000bf6cb00000)]
  0x00000290ca024a70 JavaThread "Unconstrained build operations Thread 47" [_thread_blocked, id=22468, stack(0x000000bf6cb00000,0x000000bf6cc00000)]
  0x00000290ca01f3d0 JavaThread "Unconstrained build operations Thread 48" [_thread_blocked, id=22264, stack(0x000000bf6cc00000,0x000000bf6cd00000)]
  0x00000290ca0210b0 JavaThread "Unconstrained build operations Thread 49" [_thread_blocked, id=10600, stack(0x000000bf6cd00000,0x000000bf6ce00000)]
  0x00000290ca0240d0 JavaThread "Unconstrained build operations Thread 50" [_thread_blocked, id=12224, stack(0x000000bf6ce00000,0x000000bf6cf00000)]
  0x00000290ca023c00 JavaThread "Unconstrained build operations Thread 51" [_thread_blocked, id=23724, stack(0x000000bf6cf00000,0x000000bf6d000000)]
  0x00000290ca01f8a0 JavaThread "Unconstrained build operations Thread 52" [_thread_blocked, id=16136, stack(0x000000bf6d000000,0x000000bf6d100000)]
  0x00000290ca024f40 JavaThread "Unconstrained build operations Thread 53" [_thread_blocked, id=25120, stack(0x000000bf6d100000,0x000000bf6d200000)]
  0x00000290ca020be0 JavaThread "Unconstrained build operations Thread 54" [_thread_blocked, id=22760, stack(0x000000bf6d200000,0x000000bf6d300000)]
  0x00000290ca025410 JavaThread "Unconstrained build operations Thread 55" [_thread_blocked, id=11676, stack(0x000000bf6d300000,0x000000bf6d400000)]
  0x00000290ca021580 JavaThread "Unconstrained build operations Thread 56" [_thread_blocked, id=20760, stack(0x000000bf6d400000,0x000000bf6d500000)]
  0x00000290ca021a50 JavaThread "Unconstrained build operations Thread 57" [_thread_blocked, id=21696, stack(0x000000bf6d500000,0x000000bf6d600000)]
  0x00000290ca021f20 JavaThread "Unconstrained build operations Thread 58" [_thread_blocked, id=19104, stack(0x000000bf6d600000,0x000000bf6d700000)]
  0x00000290ca0223f0 JavaThread "Unconstrained build operations Thread 59" [_thread_blocked, id=7804, stack(0x000000bf6d700000,0x000000bf6d800000)]
  0x00000290cb9c80e0 JavaThread "Unconstrained build operations Thread 60" [_thread_blocked, id=24400, stack(0x000000bf6d800000,0x000000bf6d900000)]
  0x00000290cb9c3d80 JavaThread "Unconstrained build operations Thread 61" [_thread_blocked, id=4832, stack(0x000000bf6d900000,0x000000bf6da00000)]
  0x00000290cb9c6da0 JavaThread "Unconstrained build operations Thread 62" [_thread_blocked, id=21912, stack(0x000000bf6da00000,0x000000bf6db00000)]
  0x00000290cb9c2f10 JavaThread "Unconstrained build operations Thread 63" [_thread_blocked, id=7360, stack(0x000000bf6db00000,0x000000bf6dc00000)]
  0x00000290cb9c5590 JavaThread "Unconstrained build operations Thread 64" [_thread_blocked, id=7520, stack(0x000000bf6dc00000,0x000000bf6dd00000)]
  0x00000290cb9c0890 JavaThread "Unconstrained build operations Thread 65" [_thread_blocked, id=24588, stack(0x000000bf6dd00000,0x000000bf6de00000)]
  0x00000290cb9c50c0 JavaThread "Unconstrained build operations Thread 66" [_thread_blocked, id=19660, stack(0x000000bf6de00000,0x000000bf6df00000)]
  0x00000290cb9c38b0 JavaThread "Unconstrained build operations Thread 67" [_thread_blocked, id=7376, stack(0x000000bf6df00000,0x000000bf6e000000)]
  0x00000290cb9c0d60 JavaThread "Unconstrained build operations Thread 68" [_thread_blocked, id=16960, stack(0x000000bf6e000000,0x000000bf6e100000)]
  0x00000290cb9c6400 JavaThread "Unconstrained build operations Thread 69" [_thread_blocked, id=17148, stack(0x000000bf6e100000,0x000000bf6e200000)]
  0x00000290cb9c1230 JavaThread "Unconstrained build operations Thread 70" [_thread_blocked, id=2364, stack(0x000000bf6e200000,0x000000bf6e300000)]
  0x00000290cb9c4720 JavaThread "Unconstrained build operations Thread 71" [_thread_blocked, id=22808, stack(0x000000bf6e300000,0x000000bf6e400000)]
  0x00000290cb9c4250 JavaThread "Unconstrained build operations Thread 72" [_thread_blocked, id=21228, stack(0x000000bf6e400000,0x000000bf6e500000)]
  0x00000290cb9c1700 JavaThread "Unconstrained build operations Thread 73" [_thread_blocked, id=22536, stack(0x000000bf6e500000,0x000000bf6e600000)]
  0x00000290cb9c68d0 JavaThread "Unconstrained build operations Thread 74" [_thread_blocked, id=24448, stack(0x000000bf6e600000,0x000000bf6e700000)]
  0x00000290cb9c7270 JavaThread "Unconstrained build operations Thread 75" [_thread_blocked, id=8672, stack(0x000000bf6e700000,0x000000bf6e800000)]
  0x00000290cb9c1bd0 JavaThread "Unconstrained build operations Thread 76" [_thread_blocked, id=11852, stack(0x000000bf6e800000,0x000000bf6e900000)]
  0x00000290cb9c2570 JavaThread "Unconstrained build operations Thread 77" [_thread_blocked, id=14648, stack(0x000000bf6e900000,0x000000bf6ea00000)]
  0x00000290cb9c4bf0 JavaThread "Unconstrained build operations Thread 78" [_thread_blocked, id=8276, stack(0x000000bf6ea00000,0x000000bf6eb00000)]
  0x00000290cb9c20a0 JavaThread "Unconstrained build operations Thread 79" [_thread_blocked, id=23172, stack(0x000000bf6eb00000,0x000000bf6ec00000)]
  0x00000290cb9c2a40 JavaThread "Unconstrained build operations Thread 80" [_thread_blocked, id=20532, stack(0x000000bf6ec00000,0x000000bf6ed00000)]
  0x00000290cb9c33e0 JavaThread "jar transforms Thread 6" [_thread_blocked, id=24200, stack(0x000000bf6ed00000,0x000000bf6ee00000)]
  0x00000290cb9c7740 JavaThread "jar transforms Thread 7" [_thread_blocked, id=21644, stack(0x000000bf6ee00000,0x000000bf6ef00000)]
  0x00000290cb9c5a60 JavaThread "jar transforms Thread 8" [_thread_blocked, id=24708, stack(0x000000bf6ef00000,0x000000bf6f000000)]
  0x00000290cb9c5f30 JavaThread "Memory manager" [_thread_blocked, id=25096, stack(0x000000bf6f000000,0x000000bf6f100000)]
  0x00000290ca7e19a0 JavaThread "Execution worker for ':'" [_thread_blocked, id=11164, stack(0x000000bf6f200000,0x000000bf6f300000)]
  0x00000290ca7de4b0 JavaThread "Execution worker for ':' Thread 2" [_thread_in_Java, id=17144, stack(0x000000bf6f300000,0x000000bf6f400000)]
  0x00000290ca7dfcc0 JavaThread "Execution worker for ':' Thread 3" [_thread_blocked, id=19960, stack(0x000000bf6f400000,0x000000bf6f500000)]
  0x00000290ca7db960 JavaThread "Execution worker for ':' Thread 4" [_thread_blocked, id=8168, stack(0x000000bf6f500000,0x000000bf6f600000)]
  0x00000290ca7dc300 JavaThread "Execution worker for ':' Thread 5" [_thread_blocked, id=16344, stack(0x000000bf6f600000,0x000000bf6f700000)]
  0x00000290ca7e1000 JavaThread "Execution worker for ':' Thread 6" [_thread_blocked, id=17952, stack(0x000000bf6f700000,0x000000bf6f800000)]
  0x00000290ca7dcca0 JavaThread "Execution worker for ':' Thread 7" [_thread_blocked, id=23972, stack(0x000000bf6f800000,0x000000bf6f900000)]
  0x00000290ca7de980 JavaThread "Cache worker for execution history cache (C:\Users\lee\AndroidStudioProjects\RecyclerViewSample\.gradle\7.2\executionHistory)" [_thread_in_Java, id=21796, stack(0x000000bf6f900000,0x000000bf6fa00000)]

Other Threads:
  0x00000290c46deb90 VMThread "VM Thread" [stack: 0x000000bf66a00000,0x000000bf66b00000] [id=19908]
  0x00000290a5e40580 WatcherThread [stack: 0x000000bf67600000,0x000000bf67700000] [id=19224]
  0x00000290a5e27b10 GCTaskThread "GC Thread#0" [stack: 0x000000bf66500000,0x000000bf66600000] [id=8024]
  0x00000290c5e068d0 GCTaskThread "GC Thread#1" [stack: 0x000000bf67800000,0x000000bf67900000] [id=16712]
  0x00000290c55b79b0 GCTaskThread "GC Thread#2" [stack: 0x000000bf67900000,0x000000bf67a00000] [id=10584]
  0x00000290c5c24db0 GCTaskThread "GC Thread#3" [stack: 0x000000bf67a00000,0x000000bf67b00000] [id=16220]
  0x00000290c5e2d460 GCTaskThread "GC Thread#4" [stack: 0x000000bf67b00000,0x000000bf67c00000] [id=2112]
  0x00000290c5e2d710 GCTaskThread "GC Thread#5" [stack: 0x000000bf67c00000,0x000000bf67d00000] [id=15184]
  0x00000290c83c8bd0 GCTaskThread "GC Thread#6" [stack: 0x000000bf68700000,0x000000bf68800000] [id=11892]
  0x00000290c7ed4630 GCTaskThread "GC Thread#7" [stack: 0x000000bf68800000,0x000000bf68900000] [id=19688]
  0x00000290a5e386b0 ConcurrentGCThread "G1 Main Marker" [stack: 0x000000bf66600000,0x000000bf66700000] [id=1804]
  0x00000290a5e3a780 ConcurrentGCThread "G1 Conc#0" [stack: 0x000000bf66700000,0x000000bf66800000] [id=4520]
  0x00000290c6bcecb0 ConcurrentGCThread "G1 Conc#1" [stack: 0x000000bf68900000,0x000000bf68a00000] [id=23756]
  0x00000290a5e8d180 ConcurrentGCThread "G1 Refine#0" [stack: 0x000000bf66800000,0x000000bf66900000] [id=17500]
  0x00000290cb9469c0 ConcurrentGCThread "G1 Refine#1" [stack: 0x000000bf6f100000,0x000000bf6f200000] [id=24456]
  0x00000290a5e8dab0 ConcurrentGCThread "G1 Service" [stack: 0x000000bf66900000,0x000000bf66a00000] [id=18396]

Threads with active compile tasks:
C2 CompilerThread0     7291 8611       4       org.gradle.cache.internal.btree.FreeListBlockStore::read (12 bytes)
C1 CompilerThread0     7291 8887       3       org.gradle.internal.watch.vfs.impl.WatchingVirtualFileSystem::updateNotifyingListeners (47 bytes)
C2 CompilerThread1     7291 8799       4       java.util.TimSort::binarySort (223 bytes)
C2 CompilerThread2     7292 8629       4       java.lang.reflect.Constructor::newInstanceWithCaller (75 bytes)

VM state: not at safepoint (normal execution)

VM Mutex/Monitor currently owned by a thread: None

Heap address: 0x0000000702a00000, size: 4054 MB, Compressed Oops mode: Zero based, Oop shift amount: 3

CDS archive(s) not mapped
Compressed class space mapped at: 0x0000000800000000-0x0000000840000000, reserved size: 1073741824
Narrow klass base: 0x0000000800000000, Narrow klass shift: 0, Narrow klass range: 0x40000000

GC Precious Log:
 CPUs: 8 total, 8 available
 Memory: 16210M
 Large Page Support: Disabled
 NUMA Support: Disabled
 Compressed Oops: Enabled (Zero based)
 Heap Region Size: 2M
 Heap Min Capacity: 8M
 Heap Initial Capacity: 254M
 Heap Max Capacity: 4054M
 Pre-touch: Disabled
 Parallel Workers: 8
 Concurrent Workers: 2
 Concurrent Refinement Workers: 8
 Periodic GC: Disabled

Heap:
 garbage-first heap   total 202752K, used 143559K [0x0000000702a00000, 0x0000000800000000)
  region size 2048K, 41 young (83968K), 3 survivors (6144K)
 Metaspace       used 80988K, committed 81536K, reserved 1122304K
  class space    used 10952K, committed 11264K, reserved 1048576K

Heap Regions: E=young(eden), S=young(survivor), O=old, HS=humongous(starts), HC=humongous(continues), CS=collection set, F=free, OA=open archive, CA=closed archive, TAMS=top-at-mark-start (previous, next)
|   0|0x0000000702a00000, 0x0000000702c00000, 0x0000000702c00000|100%| O|  |TAMS 0x0000000702c00000, 0x0000000702a00000| Untracked 
|   1|0x0000000702c00000, 0x0000000702e00000, 0x0000000702e00000|100%| O|  |TAMS 0x0000000702e00000, 0x0000000702c00000| Untracked 
|   2|0x0000000702e00000, 0x0000000703000000, 0x0000000703000000|100%|HS|  |TAMS 0x0000000703000000, 0x0000000702e00000| Complete 
|   3|0x0000000703000000, 0x0000000703200000, 0x0000000703200000|100%|HC|  |TAMS 0x0000000703200000, 0x0000000703000000| Complete 
|   4|0x0000000703200000, 0x0000000703400000, 0x0000000703400000|100%| O|  |TAMS 0x0000000703400000, 0x0000000703200000| Untracked 
|   5|0x0000000703400000, 0x0000000703600000, 0x0000000703600000|100%| O|  |TAMS 0x0000000703600000, 0x0000000703400000| Untracked 
|   6|0x0000000703600000, 0x0000000703800000, 0x0000000703800000|100%| O|  |TAMS 0x0000000703800000, 0x0000000703600000| Untracked 
|   7|0x0000000703800000, 0x0000000703a00000, 0x0000000703a00000|100%| O|  |TAMS 0x0000000703a00000, 0x0000000703800000| Untracked 
|   8|0x0000000703a00000, 0x0000000703c00000, 0x0000000703c00000|100%| O|  |TAMS 0x0000000703c00000, 0x0000000703a00000| Untracked 
|   9|0x0000000703c00000, 0x0000000703e00000, 0x0000000703e00000|100%| O|  |TAMS 0x0000000703e00000, 0x0000000703c00000| Untracked 
|  10|0x0000000703e00000, 0x0000000704000000, 0x0000000704000000|100%| O|  |TAMS 0x0000000704000000, 0x0000000703e00000| Untracked 
|  11|0x0000000704000000, 0x0000000704200000, 0x0000000704200000|100%| O|  |TAMS 0x0000000704200000, 0x0000000704000000| Untracked 
|  12|0x0000000704200000, 0x0000000704400000, 0x0000000704400000|100%| O|  |TAMS 0x0000000704400000, 0x0000000704200000| Untracked 
|  13|0x0000000704400000, 0x0000000704600000, 0x0000000704600000|100%| O|  |TAMS 0x0000000704600000, 0x0000000704400000| Untracked 
|  14|0x0000000704600000, 0x0000000704800000, 0x0000000704800000|100%| O|  |TAMS 0x0000000704800000, 0x0000000704600000| Untracked 
|  15|0x0000000704800000, 0x0000000704a00000, 0x0000000704a00000|100%|HS|  |TAMS 0x0000000704a00000, 0x0000000704800000| Complete 
|  16|0x0000000704a00000, 0x0000000704c00000, 0x0000000704c00000|100%|HC|  |TAMS 0x0000000704c00000, 0x0000000704a00000| Complete 
|  17|0x0000000704c00000, 0x0000000704e00000, 0x0000000704e00000|100%|HS|  |TAMS 0x0000000704e00000, 0x0000000704c00000| Complete 
|  18|0x0000000704e00000, 0x0000000705000000, 0x0000000705000000|100%| O|  |TAMS 0x0000000705000000, 0x0000000704e00000| Untracked 
|  19|0x0000000705000000, 0x0000000705200000, 0x0000000705200000|100%| O|  |TAMS 0x0000000705200000, 0x0000000705000000| Untracked 
|  20|0x0000000705200000, 0x0000000705400000, 0x0000000705400000|100%| O|  |TAMS 0x0000000705400000, 0x0000000705200000| Untracked 
|  21|0x0000000705400000, 0x0000000705600000, 0x0000000705600000|100%| O|  |TAMS 0x0000000705600000, 0x0000000705400000| Untracked 
|  22|0x0000000705600000, 0x0000000705800000, 0x0000000705800000|100%| O|  |TAMS 0x0000000705800000, 0x0000000705600000| Untracked 
|  23|0x0000000705800000, 0x0000000705a00000, 0x0000000705a00000|100%| O|  |TAMS 0x0000000705a00000, 0x0000000705800000| Untracked 
|  24|0x0000000705a00000, 0x0000000705c00000, 0x0000000705c00000|100%| O|  |TAMS 0x0000000705c00000, 0x0000000705a00000| Untracked 
|  25|0x0000000705c00000, 0x0000000705e00000, 0x0000000705e00000|100%| O|  |TAMS 0x0000000705e00000, 0x0000000705c00000| Untracked 
|  26|0x0000000705e00000, 0x0000000706000000, 0x0000000706000000|100%| O|  |TAMS 0x0000000705e00000, 0x0000000705e00000| Untracked 
|  27|0x0000000706000000, 0x0000000706200000, 0x0000000706200000|100%| O|  |TAMS 0x0000000706200000, 0x0000000706000000| Untracked 
|  28|0x0000000706200000, 0x0000000706400000, 0x0000000706400000|100%| O|  |TAMS 0x0000000706400000, 0x0000000706200000| Untracked 
|  29|0x0000000706400000, 0x0000000706600000, 0x0000000706600000|100%| O|  |TAMS 0x0000000706600000, 0x0000000706400000| Untracked 
|  30|0x0000000706600000, 0x0000000706800000, 0x0000000706800000|100%| O|  |TAMS 0x00000007066e8c00, 0x0000000706600000| Complete 
|  31|0x0000000706800000, 0x0000000706831e00, 0x0000000706a00000|  9%| O|  |TAMS 0x0000000706800000, 0x0000000706800000| Untracked 
|  32|0x0000000706a00000, 0x0000000706a00000, 0x0000000706c00000|  0%| F|  |TAMS 0x0000000706a00000, 0x0000000706a00000| Untracked 
|  33|0x0000000706c00000, 0x0000000706c00000, 0x0000000706e00000|  0%| F|  |TAMS 0x0000000706c00000, 0x0000000706c00000| Untracked 
|  34|0x0000000706e00000, 0x0000000706e00000, 0x0000000707000000|  0%| F|  |TAMS 0x0000000706e00000, 0x0000000706e00000| Untracked 
|  35|0x0000000707000000, 0x0000000707000000, 0x0000000707200000|  0%| F|  |TAMS 0x0000000707000000, 0x0000000707000000| Untracked 
|  36|0x0000000707200000, 0x0000000707200000, 0x0000000707400000|  0%| F|  |TAMS 0x0000000707200000, 0x0000000707200000| Untracked 
|  37|0x0000000707400000, 0x0000000707400000, 0x0000000707600000|  0%| F|  |TAMS 0x0000000707400000, 0x0000000707400000| Untracked 
|  38|0x0000000707600000, 0x0000000707600000, 0x0000000707800000|  0%| F|  |TAMS 0x0000000707600000, 0x0000000707600000| Untracked 
|  39|0x0000000707800000, 0x0000000707800000, 0x0000000707a00000|  0%| F|  |TAMS 0x0000000707800000, 0x0000000707800000| Untracked 
|  40|0x0000000707a00000, 0x0000000707c00000, 0x0000000707c00000|100%| S|CS|TAMS 0x0000000707a00000, 0x0000000707a00000| Complete 
|  41|0x0000000707c00000, 0x0000000707e00000, 0x0000000707e00000|100%| S|CS|TAMS 0x0000000707c00000, 0x0000000707c00000| Complete 
|  42|0x0000000707e00000, 0x0000000707e00000, 0x0000000708000000|  0%| F|  |TAMS 0x0000000707e00000, 0x0000000707e00000| Untracked 
|  43|0x0000000708000000, 0x0000000708200000, 0x0000000708200000|100%| S|CS|TAMS 0x0000000708000000, 0x0000000708000000| Complete 
|  44|0x0000000708200000, 0x0000000708200000, 0x0000000708400000|  0%| F|  |TAMS 0x0000000708200000, 0x0000000708200000| Untracked 
|  45|0x0000000708400000, 0x0000000708400000, 0x0000000708600000|  0%| F|  |TAMS 0x0000000708400000, 0x0000000708400000| Untracked 
|  46|0x0000000708600000, 0x0000000708600000, 0x0000000708800000|  0%| F|  |TAMS 0x0000000708600000, 0x0000000708600000| Untracked 
|  47|0x0000000708800000, 0x0000000708800000, 0x0000000708a00000|  0%| F|  |TAMS 0x0000000708800000, 0x0000000708800000| Untracked 
|  48|0x0000000708a00000, 0x0000000708a00000, 0x0000000708c00000|  0%| F|  |TAMS 0x0000000708a00000, 0x0000000708a00000| Untracked 
|  49|0x0000000708c00000, 0x0000000708c00000, 0x0000000708e00000|  0%| F|  |TAMS 0x0000000708c00000, 0x0000000708c00000| Untracked 
|  50|0x0000000708e00000, 0x0000000708e00000, 0x0000000709000000|  0%| F|  |TAMS 0x0000000708e00000, 0x0000000708e00000| Untracked 
|  51|0x0000000709000000, 0x0000000709000000, 0x0000000709200000|  0%| F|  |TAMS 0x0000000709000000, 0x0000000709000000| Untracked 
|  52|0x0000000709200000, 0x0000000709200000, 0x0000000709400000|  0%| F|  |TAMS 0x0000000709200000, 0x0000000709200000| Untracked 
|  53|0x0000000709400000, 0x0000000709400000, 0x0000000709600000|  0%| F|  |TAMS 0x0000000709400000, 0x0000000709400000| Untracked 
|  54|0x0000000709600000, 0x0000000709600000, 0x0000000709800000|  0%| F|  |TAMS 0x0000000709600000, 0x0000000709600000| Untracked 
|  55|0x0000000709800000, 0x0000000709800000, 0x0000000709a00000|  0%| F|  |TAMS 0x0000000709800000, 0x0000000709800000| Untracked 
|  56|0x0000000709a00000, 0x0000000709a00000, 0x0000000709c00000|  0%| F|  |TAMS 0x0000000709a00000, 0x0000000709a00000| Untracked 
|  57|0x0000000709c00000, 0x0000000709c00000, 0x0000000709e00000|  0%| F|  |TAMS 0x0000000709c00000, 0x0000000709c00000| Untracked 
|  58|0x0000000709e00000, 0x0000000709e00000, 0x000000070a000000|  0%| F|  |TAMS 0x0000000709e00000, 0x0000000709e00000| Untracked 
|  59|0x000000070a000000, 0x000000070a000000, 0x000000070a200000|  0%| F|  |TAMS 0x000000070a000000, 0x000000070a000000| Untracked 
|  60|0x000000070a200000, 0x000000070a200000, 0x000000070a400000|  0%| F|  |TAMS 0x000000070a200000, 0x000000070a200000| Untracked 
|  61|0x000000070a400000, 0x000000070a57fc20, 0x000000070a600000| 74%| E|  |TAMS 0x000000070a400000, 0x000000070a400000| Complete 
|  62|0x000000070a600000, 0x000000070a800000, 0x000000070a800000|100%| E|CS|TAMS 0x000000070a600000, 0x000000070a600000| Complete 
|  63|0x000000070a800000, 0x000000070aa00000, 0x000000070aa00000|100%| E|CS|TAMS 0x000000070a800000, 0x000000070a800000| Complete 
|  64|0x000000070aa00000, 0x000000070ac00000, 0x000000070ac00000|100%| E|CS|TAMS 0x000000070aa00000, 0x000000070aa00000| Complete 
|  65|0x000000070ac00000, 0x000000070ae00000, 0x000000070ae00000|100%| E|CS|TAMS 0x000000070ac00000, 0x000000070ac00000| Complete 
|  66|0x000000070ae00000, 0x000000070b000000, 0x000000070b000000|100%| E|CS|TAMS 0x000000070ae00000, 0x000000070ae00000| Complete 
|  67|0x000000070b000000, 0x000000070b200000, 0x000000070b200000|100%| E|CS|TAMS 0x000000070b000000, 0x000000070b000000| Complete 
|  68|0x000000070b200000, 0x000000070b400000, 0x000000070b400000|100%| E|CS|TAMS 0x000000070b200000, 0x000000070b200000| Complete 
|  69|0x000000070b400000, 0x000000070b600000, 0x000000070b600000|100%| E|CS|TAMS 0x000000070b400000, 0x000000070b400000| Complete 
|  70|0x000000070b600000, 0x000000070b800000, 0x000000070b800000|100%| E|CS|TAMS 0x000000070b600000, 0x000000070b600000| Complete 
|  71|0x000000070b800000, 0x000000070ba00000, 0x000000070ba00000|100%| E|CS|TAMS 0x000000070b800000, 0x000000070b800000| Complete 
|  72|0x000000070ba00000, 0x000000070bc00000, 0x000000070bc00000|100%| E|CS|TAMS 0x000000070ba00000, 0x000000070ba00000| Complete 
|  73|0x000000070bc00000, 0x000000070be00000, 0x000000070be00000|100%| E|CS|TAMS 0x000000070bc00000, 0x000000070bc00000| Complete 
|  74|0x000000070be00000, 0x000000070c000000, 0x000000070c000000|100%| E|CS|TAMS 0x000000070be00000, 0x000000070be00000| Complete 
|  75|0x000000070c000000, 0x000000070c200000, 0x000000070c200000|100%| E|  |TAMS 0x000000070c000000, 0x000000070c000000| Complete 
|  76|0x000000070c200000, 0x000000070c400000, 0x000000070c400000|100%| E|CS|TAMS 0x000000070c200000, 0x000000070c200000| Complete 
|  77|0x000000070c400000, 0x000000070c600000, 0x000000070c600000|100%| E|CS|TAMS 0x000000070c400000, 0x000000070c400000| Complete 
|  78|0x000000070c600000, 0x000000070c800000, 0x000000070c800000|100%| E|CS|TAMS 0x000000070c600000, 0x000000070c600000| Complete 
|  79|0x000000070c800000, 0x000000070ca00000, 0x000000070ca00000|100%| E|CS|TAMS 0x000000070c800000, 0x000000070c800000| Complete 
|  80|0x000000070ca00000, 0x000000070cc00000, 0x000000070cc00000|100%| E|CS|TAMS 0x000000070ca00000, 0x000000070ca00000| Complete 
|  81|0x000000070cc00000, 0x000000070ce00000, 0x000000070ce00000|100%| E|CS|TAMS 0x000000070cc00000, 0x000000070cc00000| Complete 
|  82|0x000000070ce00000, 0x000000070d000000, 0x000000070d000000|100%| E|CS|TAMS 0x000000070ce00000, 0x000000070ce00000| Complete 
|  83|0x000000070d000000, 0x000000070d200000, 0x000000070d200000|100%| E|CS|TAMS 0x000000070d000000, 0x000000070d000000| Complete 
|  84|0x000000070d200000, 0x000000070d400000, 0x000000070d400000|100%| E|CS|TAMS 0x000000070d200000, 0x000000070d200000| Complete 
|  85|0x000000070d400000, 0x000000070d600000, 0x000000070d600000|100%| E|CS|TAMS 0x000000070d400000, 0x000000070d400000| Complete 
|  86|0x000000070d600000, 0x000000070d800000, 0x000000070d800000|100%| E|CS|TAMS 0x000000070d600000, 0x000000070d600000| Complete 
|  87|0x000000070d800000, 0x000000070da00000, 0x000000070da00000|100%| E|CS|TAMS 0x000000070d800000, 0x000000070d800000| Complete 
|  88|0x000000070da00000, 0x000000070dc00000, 0x000000070dc00000|100%| E|CS|TAMS 0x000000070da00000, 0x000000070da00000| Complete 
|  89|0x000000070dc00000, 0x000000070de00000, 0x000000070de00000|100%| E|CS|TAMS 0x000000070dc00000, 0x000000070dc00000| Complete 
|  90|0x000000070de00000, 0x000000070e000000, 0x000000070e000000|100%| E|CS|TAMS 0x000000070de00000, 0x000000070de00000| Complete 
|  91|0x000000070e000000, 0x000000070e200000, 0x000000070e200000|100%| E|CS|TAMS 0x000000070e000000, 0x000000070e000000| Complete 
|  92|0x000000070e200000, 0x000000070e400000, 0x000000070e400000|100%| E|CS|TAMS 0x000000070e200000, 0x000000070e200000| Complete 
|  93|0x000000070e400000, 0x000000070e600000, 0x000000070e600000|100%| E|CS|TAMS 0x000000070e400000, 0x000000070e400000| Complete 
|  97|0x000000070ec00000, 0x000000070ee00000, 0x000000070ee00000|100%| E|CS|TAMS 0x000000070ec00000, 0x000000070ec00000| Complete 
|  98|0x000000070ee00000, 0x000000070f000000, 0x000000070f000000|100%| E|CS|TAMS 0x000000070ee00000, 0x000000070ee00000| Complete 
|  99|0x000000070f000000, 0x000000070f200000, 0x000000070f200000|100%| E|CS|TAMS 0x000000070f000000, 0x000000070f000000| Complete 
| 100|0x000000070f200000, 0x000000070f400000, 0x000000070f400000|100%| E|CS|TAMS 0x000000070f200000, 0x000000070f200000| Complete 
| 126|0x0000000712600000, 0x0000000712800000, 0x0000000712800000|100%| E|CS|TAMS 0x0000000712600000, 0x0000000712600000| Complete 

Card table byte_map: [0x00000290b8db0000,0x00000290b95a0000] _byte_map_base: 0x00000290b559b000

Marking Bits (Prev, Next): (CMBitMap*) 0x00000290a5e28030, (CMBitMap*) 0x00000290a5e28070
 Prev Bits: [0x00000290b9d90000, 0x00000290bdce8000)
 Next Bits: [0x00000290bdcf0000, 0x00000290c1c48000)

Polling page: 0x00000290a3c10000

Metaspace:

Usage:
  Non-class:     68.40 MB used.
      Class:     10.70 MB used.
       Both:     79.09 MB used.

Virtual space:
  Non-class space:       72.00 MB reserved,      68.62 MB ( 95%) committed,  9 nodes.
      Class space:        1.00 GB reserved,      11.00 MB (  1%) committed,  1 nodes.
             Both:        1.07 GB reserved,      79.62 MB (  7%) committed. 

Chunk freelists:
   Non-Class:  2.81 MB
       Class:  1.05 MB
        Both:  3.86 MB

MaxMetaspaceSize: unlimited
CompressedClassSpaceSize: 1.00 GB
Initial GC threshold: 21.00 MB
Current GC threshold: 128.56 MB
CDS: off
MetaspaceReclaimPolicy: balanced
 - commit_granule_bytes: 65536.
 - commit_granule_words: 8192.
 - virtual_space_node_default_size: 1048576.
 - enlarge_chunks_in_place: 1.
 - new_chunks_are_fully_committed: 0.
 - uncommit_free_chunks: 1.
 - use_allocation_guard: 0.
 - handle_deallocations: 1.


Internal statistics:

num_allocs_failed_limit: 9.
num_arena_births: 704.
num_arena_deaths: 0.
num_vsnodes_births: 10.
num_vsnodes_deaths: 0.
num_space_committed: 1274.
num_space_uncommitted: 0.
num_chunks_returned_to_freelist: 9.
num_chunks_taken_from_freelist: 3540.
num_chunk_merges: 0.
num_chunk_splits: 2316.
num_chunks_enlarged: 1550.
num_purges: 0.
num_inconsistent_stats: 0.

CodeHeap 'non-profiled nmethods': size=120000Kb used=4899Kb max_used=4899Kb free=115100Kb
 bounds [0x00000290b0d60000, 0x00000290b1230000, 0x00000290b8290000]
CodeHeap 'profiled nmethods': size=120000Kb used=16435Kb max_used=16435Kb free=103564Kb
 bounds [0x00000290a9290000, 0x00000290aa2a0000, 0x00000290b07c0000]
CodeHeap 'non-nmethods': size=5760Kb used=2355Kb max_used=2465Kb free=3404Kb
 bounds [0x00000290b07c0000, 0x00000290b0a40000, 0x00000290b0d60000]
 total_blobs=8959 nmethods=8079 adapters=792
 compilation: enabled
              stopped_count=0, restarted_count=0
 full_count=0

Compilation events (20 events):
Event: 7.250 Thread 0x00000290c50b6110 nmethod 8812 0x00000290aa260c90 code [0x00000290aa260e40, 0x00000290aa261128]
Event: 7.250 Thread 0x00000290c50b6110 8813       3       org.gradle.internal.execution.steps.IdentifyStep$$Lambda$920/0x0000000800aa0b90::<init> (10 bytes)
Event: 7.250 Thread 0x00000290c50b6110 nmethod 8813 0x00000290aa261210 code [0x00000290aa2613a0, 0x00000290aa261558]
Event: 7.250 Thread 0x00000290c50b6110 8815       3       org.gradle.api.internal.artifacts.transform.DefaultTransformUpstreamDependenciesResolver$2::computeArtifacts (7 bytes)
Event: 7.251 Thread 0x00000290c50b6110 nmethod 8815 0x00000290aa261610 code [0x00000290aa2617e0, 0x00000290aa261b98]
Event: 7.251 Thread 0x00000290c50b6110 8819   !   3       org.gradle.internal.operations.DefaultBuildOperationQueue$WorkerRunnable::waitForNextOperation (89 bytes)
Event: 7.251 Thread 0x00000290c50b6110 nmethod 8819 0x00000290aa261d10 code [0x00000290aa261fc0, 0x00000290aa262cf8]
Event: 7.251 Thread 0x00000290c50b6110 8820   !   3       org.gradle.internal.operations.DefaultBuildOperationQueue$WorkerRunnable::shutDown (45 bytes)
Event: 7.252 Thread 0x00000290c50b6110 nmethod 8820 0x00000290aa263390 code [0x00000290aa2635c0, 0x00000290aa263fb8]
Event: 7.252 Thread 0x00000290c50b6110 8821   !   3       org.gradle.internal.operations.DefaultBuildOperationQueue$WorkerRunnable::runOperation (26 bytes)
Event: 7.252 Thread 0x00000290c50b6110 nmethod 8821 0x00000290aa264390 code [0x00000290aa264560, 0x00000290aa264958]
Event: 7.252 Thread 0x00000290c50b6110 8822   !   3       java.util.concurrent.ThreadPoolExecutor::getTask (177 bytes)
Event: 7.253 Thread 0x00000290c50b6110 nmethod 8822 0x00000290aa264c10 code [0x00000290aa264ea0, 0x00000290aa265d98]
Event: 7.253 Thread 0x00000290c50b6110 8823       3       org.gradle.internal.classloader.ClassLoaderSpec::<init> (5 bytes)
Event: 7.253 Thread 0x00000290c50b6110 nmethod 8823 0x00000290aa266210 code [0x00000290aa2663a0, 0x00000290aa2664f8]
Event: 7.254 Thread 0x00000290c50b6110 8824       3       java.util.concurrent.ThreadPoolExecutor::afterExecute (1 bytes)
Event: 7.254 Thread 0x00000290c50b6110 nmethod 8824 0x00000290aa266590 code [0x00000290aa266720, 0x00000290aa266838]
Event: 7.254 Thread 0x00000290c50b6110 8825       3       com.google.common.collect.ImmutableSortedMap::createEntrySet (22 bytes)
Event: 7.254 Thread 0x00000290c50b6110 nmethod 8825 0x00000290aa266910 code [0x00000290aa266b00, 0x00000290aa267248]
Event: 7.255 Thread 0x00000290c50b6110 8826   !   3       sun.nio.ch.IOUtil::readIntoNativeBuffer (173 bytes)

GC Heap History (20 events):
Event: 4.184 GC heap before
{Heap before GC invocations=18 (full 0):
 garbage-first heap   total 90112K, used 66442K [0x0000000702a00000, 0x0000000800000000)
  region size 2048K, 9 young (18432K), 1 survivors (2048K)
 Metaspace       used 58124K, committed 58624K, reserved 1105920K
  class space    used 7599K, committed 7808K, reserved 1048576K
}
Event: 4.187 GC heap after
{Heap after GC invocations=19 (full 0):
 garbage-first heap   total 90112K, used 51057K [0x0000000702a00000, 0x0000000800000000)
  region size 2048K, 2 young (4096K), 2 survivors (4096K)
 Metaspace       used 58124K, committed 58624K, reserved 1105920K
  class space    used 7599K, committed 7808K, reserved 1048576K
}
Event: 4.351 GC heap before
{Heap before GC invocations=19 (full 0):
 garbage-first heap   total 90112K, used 67441K [0x0000000702a00000, 0x0000000800000000)
  region size 2048K, 11 young (22528K), 2 survivors (4096K)
 Metaspace       used 60020K, committed 60480K, reserved 1105920K
  class space    used 7847K, committed 8064K, reserved 1048576K
}
Event: 4.354 GC heap after
{Heap after GC invocations=20 (full 0):
 garbage-first heap   total 90112K, used 53094K [0x0000000702a00000, 0x0000000800000000)
  region size 2048K, 2 young (4096K), 2 survivors (4096K)
 Metaspace       used 60020K, committed 60480K, reserved 1105920K
  class space    used 7847K, committed 8064K, reserved 1048576K
}
Event: 4.488 GC heap before
{Heap before GC invocations=21 (full 0):
 garbage-first heap   total 100352K, used 67430K [0x0000000702a00000, 0x0000000800000000)
  region size 2048K, 10 young (20480K), 2 survivors (4096K)
 Metaspace       used 61742K, committed 62144K, reserved 1105920K
  class space    used 8065K, committed 8256K, reserved 1048576K
}
Event: 4.491 GC heap after
{Heap after GC invocations=22 (full 0):
 garbage-first heap   total 100352K, used 54645K [0x0000000702a00000, 0x0000000800000000)
  region size 2048K, 1 young (2048K), 1 survivors (2048K)
 Metaspace       used 61742K, committed 62144K, reserved 1105920K
  class space    used 8065K, committed 8256K, reserved 1048576K
}
Event: 4.520 GC heap before
{Heap before GC invocations=22 (full 0):
 garbage-first heap   total 100352K, used 56693K [0x0000000702a00000, 0x0000000800000000)
  region size 2048K, 2 young (4096K), 1 survivors (2048K)
 Metaspace       used 61939K, committed 62400K, reserved 1105920K
  class space    used 8083K, committed 8256K, reserved 1048576K
}
Event: 4.522 GC heap after
{Heap after GC invocations=23 (full 0):
 garbage-first heap   total 120832K, used 55169K [0x0000000702a00000, 0x0000000800000000)
  region size 2048K, 1 young (2048K), 1 survivors (2048K)
 Metaspace       used 61939K, committed 62400K, reserved 1105920K
  class space    used 8083K, committed 8256K, reserved 1048576K
}
Event: 4.873 GC heap before
{Heap before GC invocations=23 (full 0):
 garbage-first heap   total 120832K, used 92033K [0x0000000702a00000, 0x0000000800000000)
  region size 2048K, 19 young (38912K), 1 survivors (2048K)
 Metaspace       used 66472K, committed 66880K, reserved 1114112K
  class space    used 8636K, committed 8832K, reserved 1048576K
}
Event: 4.875 GC heap after
{Heap after GC invocations=24 (full 0):
 garbage-first heap   total 120832K, used 58273K [0x0000000702a00000, 0x0000000800000000)
  region size 2048K, 2 young (4096K), 2 survivors (4096K)
 Metaspace       used 66472K, committed 66880K, reserved 1114112K
  class space    used 8636K, committed 8832K, reserved 1048576K
}
Event: 5.252 GC heap before
{Heap before GC invocations=25 (full 0):
 garbage-first heap   total 120832K, used 95137K [0x0000000702a00000, 0x0000000800000000)
  region size 2048K, 20 young (40960K), 2 survivors (4096K)
 Metaspace       used 71107K, committed 71552K, reserved 1114112K
  class space    used 9381K, committed 9600K, reserved 1048576K
}
Event: 5.256 GC heap after
{Heap after GC invocations=26 (full 0):
 garbage-first heap   total 120832K, used 60786K [0x0000000702a00000, 0x0000000800000000)
  region size 2048K, 2 young (4096K), 2 survivors (4096K)
 Metaspace       used 71107K, committed 71552K, reserved 1114112K
  class space    used 9381K, committed 9600K, reserved 1048576K
}
Event: 5.272 GC heap before
{Heap before GC invocations=26 (full 0):
 garbage-first heap   total 120832K, used 62834K [0x0000000702a00000, 0x0000000800000000)
  region size 2048K, 3 young (6144K), 2 survivors (4096K)
 Metaspace       used 71272K, committed 71744K, reserved 1114112K
  class space    used 9401K, committed 9600K, reserved 1048576K
}
Event: 5.275 GC heap after
{Heap after GC invocations=27 (full 0):
 garbage-first heap   total 120832K, used 60952K [0x0000000702a00000, 0x0000000800000000)
  region size 2048K, 1 young (2048K), 1 survivors (2048K)
 Metaspace       used 71272K, committed 71744K, reserved 1114112K
  class space    used 9401K, committed 9600K, reserved 1048576K
}
Event: 5.652 GC heap before
{Heap before GC invocations=27 (full 0):
 garbage-first heap   total 120832K, used 93720K [0x0000000702a00000, 0x0000000800000000)
  region size 2048K, 17 young (34816K), 1 survivors (2048K)
 Metaspace       used 75174K, committed 75648K, reserved 1114112K
  class space    used 10025K, committed 10240K, reserved 1048576K
}
Event: 5.654 GC heap after
{Heap after GC invocations=28 (full 0):
 garbage-first heap   total 120832K, used 62530K [0x0000000702a00000, 0x0000000800000000)
  region size 2048K, 2 young (4096K), 2 survivors (4096K)
 Metaspace       used 75174K, committed 75648K, reserved 1114112K
  class space    used 10025K, committed 10240K, reserved 1048576K
}
Event: 6.132 GC heap before
{Heap before GC invocations=29 (full 0):
 garbage-first heap   total 120832K, used 95298K [0x0000000702a00000, 0x0000000800000000)
  region size 2048K, 18 young (36864K), 2 survivors (4096K)
 Metaspace       used 77923K, committed 78400K, reserved 1122304K
  class space    used 10430K, committed 10624K, reserved 1048576K
}
Event: 6.137 GC heap after
{Heap after GC invocations=30 (full 0):
 garbage-first heap   total 120832K, used 65184K [0x0000000702a00000, 0x0000000800000000)
  region size 2048K, 3 young (6144K), 3 survivors (6144K)
 Metaspace       used 77923K, committed 78400K, reserved 1122304K
  class space    used 10430K, committed 10624K, reserved 1048576K
}
Event: 6.384 GC heap before
{Heap before GC invocations=30 (full 0):
 garbage-first heap   total 120832K, used 95904K [0x0000000702a00000, 0x0000000800000000)
  region size 2048K, 18 young (36864K), 3 survivors (6144K)
 Metaspace       used 78469K, committed 78976K, reserved 1122304K
  class space    used 10504K, committed 10752K, reserved 1048576K
}
Event: 6.389 GC heap after
{Heap after GC invocations=31 (full 0):
 garbage-first heap   total 202752K, used 69831K [0x0000000702a00000, 0x0000000800000000)
  region size 2048K, 3 young (6144K), 3 survivors (6144K)
 Metaspace       used 78469K, committed 78976K, reserved 1122304K
  class space    used 10504K, committed 10752K, reserved 1048576K
}

Dll operation events (2 events):
Event: 0.006 Loaded shared library C:\Program Files\Android\Android Studio\jbr\bin\java.dll
Event: 0.259 Loaded shared library C:\Program Files\Android\Android Studio\jbr\bin\verify.dll

Deoptimization events (20 events):
Event: 7.120 Thread 0x00000290c8d16690 DEOPT PACKING pc=0x00000290b117d3d0 sp=0x000000bf694fe5f0
Event: 7.120 Thread 0x00000290c8d16690 DEOPT UNPACKING pc=0x00000290b08169a3 sp=0x000000bf694fe508 mode 2
Event: 7.125 Thread 0x00000290ca7de4b0 Uncommon trap: trap_request=0xffffff45 fr.pc=0x00000290b11e57e0 relative=0x0000000000000540
Event: 7.125 Thread 0x00000290ca7de4b0 Uncommon trap: reason=unstable_if action=reinterpret pc=0x00000290b11e57e0 method=org.gradle.internal.file.DefaultFileHierarchySet$Node.isChildOfOrThis(Ljava/lang/String;I)Z @ 72 c2
Event: 7.125 Thread 0x00000290ca7de4b0 DEOPT PACKING pc=0x00000290b11e57e0 sp=0x000000bf6f3fcc90
Event: 7.125 Thread 0x00000290ca7de4b0 DEOPT UNPACKING pc=0x00000290b08169a3 sp=0x000000bf6f3fcc08 mode 2
Event: 7.137 Thread 0x00000290ca7de980 Uncommon trap: trap_request=0xffffffc6 fr.pc=0x00000290b117e134 relative=0x00000000000001f4
Event: 7.137 Thread 0x00000290ca7de980 Uncommon trap: reason=bimorphic_or_optimized_type_check action=maybe_recompile pc=0x00000290b117e134 method=java.io.BufferedInputStream.read1([BII)I @ 39 c2
Event: 7.137 Thread 0x00000290ca7de980 DEOPT PACKING pc=0x00000290b117e134 sp=0x000000bf6f9fe0c0
Event: 7.137 Thread 0x00000290ca7de980 DEOPT UNPACKING pc=0x00000290b08169a3 sp=0x000000bf6f9fe068 mode 2
Event: 7.215 Thread 0x00000290ca7de4b0 Uncommon trap: trap_request=0xffffffde fr.pc=0x00000290b11eb7e4 relative=0x00000000000010e4
Event: 7.215 Thread 0x00000290ca7de4b0 Uncommon trap: reason=class_check action=maybe_recompile pc=0x00000290b11eb7e4 method=org.gradle.internal.snapshot.ChildMap$Entry.handleAncestorDescendantOrExactMatch(Lorg/gradle/internal/snapshot/VfsRelativePath;Lorg/gradle/internal/snapshot/CaseSensitiv
Event: 7.215 Thread 0x00000290ca7de4b0 DEOPT PACKING pc=0x00000290b11eb7e4 sp=0x000000bf6f3fc5b0
Event: 7.215 Thread 0x00000290ca7de4b0 DEOPT UNPACKING pc=0x00000290b08169a3 sp=0x000000bf6f3fc588 mode 2
Event: 7.216 Thread 0x00000290ca7de4b0 Uncommon trap: trap_request=0xffffffde fr.pc=0x00000290b11eb7e4 relative=0x00000000000010e4
Event: 7.216 Thread 0x00000290ca7de4b0 Uncommon trap: reason=class_check action=maybe_recompile pc=0x00000290b11eb7e4 method=org.gradle.internal.snapshot.ChildMap$Entry.handleAncestorDescendantOrExactMatch(Lorg/gradle/internal/snapshot/VfsRelativePath;Lorg/gradle/internal/snapshot/CaseSensitiv
Event: 7.216 Thread 0x00000290ca7de4b0 DEOPT PACKING pc=0x00000290b11eb7e4 sp=0x000000bf6f3fc5b0
Event: 7.216 Thread 0x00000290ca7de4b0 DEOPT UNPACKING pc=0x00000290b08169a3 sp=0x000000bf6f3fc588 mode 2
Event: 7.217 Thread 0x00000290ca7de4b0 DEOPT PACKING pc=0x00000290a92f2bc4 sp=0x000000bf6f3fdd50
Event: 7.217 Thread 0x00000290ca7de4b0 DEOPT UNPACKING pc=0x00000290b0817143 sp=0x000000bf6f3fd258 mode 0

Classes unloaded (0 events):
No events

Classes redefined (0 events):
No events

Internal exceptions (20 events):
Event: 6.523 Thread 0x00000290c66c8a80 Exception <a 'java/lang/NoSuchMethodError'{0x000000070df1f660}: static Lorg/gradle/internal/build/event/types/DefaultTaskSuccessResult;.<clinit>()V> (0x000000070df1f660) 
thrown [s\src\hotspot\share\prims\jni.cpp, line 1108]
Event: 6.523 Thread 0x00000290c66c8a80 Exception <a 'java/lang/NoSuchMethodError'{0x000000070df20d58}: static Lorg/gradle/internal/build/event/types/AbstractTaskResult;.<clinit>()V> (0x000000070df20d58) 
thrown [s\src\hotspot\share\prims\jni.cpp, line 1108]
Event: 6.531 Thread 0x00000290ca7de4b0 Exception <a 'java/lang/NoSuchMethodError'{0x000000070def72c0}: 'java.lang.Object java.lang.invoke.DirectMethodHandle$Holder.invokeInterface(java.lang.Object, java.lang.Object, int)'> (0x000000070def72c0) 
thrown [s\src\hotspot\share\interpreter\linkResolver.cpp, line 771]
Event: 6.533 Thread 0x00000290ca7de4b0 Exception <a 'java/lang/NoSuchMethodError'{0x000000070df07e58}: 'void java.lang.invoke.DirectMethodHandle$Holder.invokeStatic(java.lang.Object, java.lang.Object, java.lang.Object, int)'> (0x000000070df07e58) 
thrown [s\src\hotspot\share\interpreter\linkResolver.cpp, line 771]
Event: 6.558 Thread 0x00000290ca7de4b0 Exception <a 'java/lang/IncompatibleClassChangeError'{0x000000070df68c58}: Found class java.lang.Object, but interface was expected> (0x000000070df68c58) 
thrown [s\src\hotspot\share\interpreter\linkResolver.cpp, line 838]
Event: 6.580 Thread 0x00000290c66c8a80 Exception <a 'java/lang/NoSuchMethodError'{0x000000070dc75dc0}: static Lorg/gradle/internal/build/event/types/DefaultTaskSkippedResult;.<clinit>()V> (0x000000070dc75dc0) 
thrown [s\src\hotspot\share\prims\jni.cpp, line 1108]
Event: 6.608 Thread 0x00000290ca7de4b0 Exception <a 'java/lang/IncompatibleClassChangeError'{0x000000070dcaa738}: Found class java.lang.Object, but interface was expected> (0x000000070dcaa738) 
thrown [s\src\hotspot\share\interpreter\linkResolver.cpp, line 838]
Event: 6.613 Thread 0x00000290ca7de4b0 Exception <a 'java/lang/IncompatibleClassChangeError'{0x000000070dcc0550}: Found class java.lang.Object, but interface was expected> (0x000000070dcc0550) 
thrown [s\src\hotspot\share\interpreter\linkResolver.cpp, line 838]
Event: 6.656 Thread 0x00000290ca7de4b0 Exception <a 'java/lang/NoSuchMethodError'{0x000000070da72048}: 'int java.lang.invoke.DirectMethodHandle$Holder.invokeStaticInit(java.lang.Object, java.lang.Object, java.lang.Object, java.lang.Object, java.lang.Object)'> (0x000000070da72048) 
thrown [s\src\hotspot\share\interpreter\linkResolver.cpp, line 771]
Event: 6.780 Thread 0x00000290ca7de4b0 Exception <a 'java/lang/NoSuchMethodError'{0x000000070d6fbc28}: 'void java.lang.invoke.DirectMethodHandle$Holder.invokeStatic(java.lang.Object, java.lang.Object, java.lang.Object, java.lang.Object, int, java.lang.Object, java.lang.Object)'> (0x000000070d6fbc28) 
thrown [s\src\hotspot\share\interpreter\linkResolver.cpp, line 771]
Event: 6.804 Thread 0x00000290cb9c4720 Exception <a 'java/lang/NoSuchMethodError'{0x000000070cfc0218}: 'java.lang.Object java.lang.invoke.DirectMethodHandle$Holder.invokeSpecialIFC(java.lang.Object, java.lang.Object, java.lang.Object)'> (0x000000070cfc0218) 
thrown [s\src\hotspot\share\interpreter\linkResolver.cpp, line 771]
Event: 6.804 Thread 0x00000290cb9c3d80 Exception <a 'java/lang/NoSuchMethodError'{0x000000070cc43668}: 'java.lang.Object java.lang.invoke.DirectMethodHandle$Holder.invokeSpecialIFC(java.lang.Object, java.lang.Object, java.lang.Object)'> (0x000000070cc43668) 
thrown [s\src\hotspot\share\interpreter\linkResolver.cpp, line 771]
Event: 6.804 Thread 0x00000290ca020be0 Exception <a 'java/lang/NoSuchMethodError'{0x000000070cfdf190}: 'java.lang.Object java.lang.invoke.DirectMethodHandle$Holder.invokeSpecialIFC(java.lang.Object, java.lang.Object, java.lang.Object)'> (0x000000070cfdf190) 
thrown [s\src\hotspot\share\interpreter\linkResolver.cpp, line 771]
Event: 6.805 Thread 0x00000290c8d1a050 Exception <a 'java/lang/NoSuchMethodError'{0x000000070cfa1bc8}: 'java.lang.Object java.lang.invoke.DirectMethodHandle$Holder.invokeSpecialIFC(java.lang.Object, java.lang.Object, java.lang.Object)'> (0x000000070cfa1bc8) 
thrown [s\src\hotspot\share\interpreter\linkResolver.cpp, line 771]
Event: 6.805 Thread 0x00000290ca021a50 Exception <a 'java/lang/NoSuchMethodError'{0x000000070cc25e88}: 'java.lang.Object java.lang.invoke.DirectMethodHandle$Holder.invokeSpecialIFC(java.lang.Object, java.lang.Object, java.lang.Object)'> (0x000000070cc25e88) 
thrown [s\src\hotspot\share\interpreter\linkResolver.cpp, line 771]
Event: 6.805 Thread 0x00000290ca75d250 Exception <a 'java/lang/NoSuchMethodError'{0x000000070cff14a0}: 'java.lang.Object java.lang.invoke.DirectMethodHandle$Holder.invokeSpecialIFC(java.lang.Object, java.lang.Object, java.lang.Object)'> (0x000000070cff14a0) 
thrown [s\src\hotspot\share\interpreter\linkResolver.cpp, line 771]
Event: 6.805 Thread 0x00000290ca7de4b0 Exception <a 'java/lang/NoSuchMethodError'{0x000000070d78ef30}: 'java.lang.Object java.lang.invoke.DirectMethodHandle$Holder.invokeSpecialIFC(java.lang.Object, java.lang.Object, java.lang.Object)'> (0x000000070d78ef30) 
thrown [s\src\hotspot\share\interpreter\linkResolver.cpp, line 771]
Event: 6.965 Thread 0x00000290ca75abd0 Exception <a 'java/lang/NoSuchMethodError'{0x000000070d23ee38}: 'void java.lang.invoke.DirectMethodHandle$Holder.invokeVirtual(java.lang.Object, java.lang.Object)'> (0x000000070d23ee38) 
thrown [s\src\hotspot\share\interpreter\linkResolver.cpp, line 771]
Event: 6.965 Thread 0x00000290cb9c4250 Exception <a 'java/lang/NoSuchMethodError'{0x000000070d27c730}: 'void java.lang.invoke.DirectMethodHandle$Holder.invokeVirtual(java.lang.Object, java.lang.Object)'> (0x000000070d27c730) 
thrown [s\src\hotspot\share\interpreter\linkResolver.cpp, line 771]
Event: 7.221 Thread 0x00000290ca7de4b0 Exception <a 'java/lang/NoSuchMethodError'{0x000000070aacdae0}: static Lcom/android/build/api/variant/impl/VariantOutputConfigurationImpl;.<clinit>()V> (0x000000070aacdae0) 
thrown [s\src\hotspot\share\prims\jni.cpp, line 1108]

VM Operations (20 events):
Event: 6.502 Executing VM operation: HandshakeAllThreads
Event: 6.502 Executing VM operation: HandshakeAllThreads done
Event: 6.504 Executing VM operation: HandshakeAllThreads
Event: 6.504 Executing VM operation: HandshakeAllThreads done
Event: 6.520 Executing VM operation: HandshakeAllThreads
Event: 6.520 Executing VM operation: HandshakeAllThreads done
Event: 6.542 Executing VM operation: HandshakeAllThreads
Event: 6.542 Executing VM operation: HandshakeAllThreads done
Event: 6.558 Executing VM operation: HandshakeAllThreads
Event: 6.558 Executing VM operation: HandshakeAllThreads done
Event: 6.561 Executing VM operation: HandshakeAllThreads
Event: 6.561 Executing VM operation: HandshakeAllThreads done
Event: 6.574 Executing VM operation: HandshakeAllThreads
Event: 6.574 Executing VM operation: HandshakeAllThreads done
Event: 6.768 Executing VM operation: ICBufferFull
Event: 6.768 Executing VM operation: ICBufferFull done
Event: 7.002 Executing VM operation: ICBufferFull
Event: 7.004 Executing VM operation: ICBufferFull done
Event: 7.171 Executing VM operation: ICBufferFull
Event: 7.171 Executing VM operation: ICBufferFull done

Events (20 events):
Event: 6.508 loading class java/time/Clock$SystemClock
Event: 6.508 loading class java/time/Clock$SystemClock done
Event: 6.517 loading class java/time/Instant$1
Event: 6.517 loading class java/time/Instant$1 done
Event: 6.595 loading class java/util/stream/ReferencePipeline$4
Event: 6.595 loading class java/util/stream/ReferencePipeline$4 done
Event: 6.595 loading class java/util/function/IntBinaryOperator
Event: 6.595 loading class java/util/function/IntBinaryOperator done
Event: 6.595 loading class java/util/stream/ReduceOps$6
Event: 6.596 loading class java/util/stream/ReduceOps$6 done
Event: 6.596 loading class java/util/stream/ReduceOps$5ReducingSink
Event: 6.596 loading class java/util/stream/ReduceOps$5ReducingSink done
Event: 6.596 loading class java/util/stream/ReferencePipeline$4$1
Event: 6.596 loading class java/util/stream/ReferencePipeline$4$1 done
Event: 6.608 loading class java/util/stream/ReferencePipeline$15
Event: 6.609 loading class java/util/stream/ReferencePipeline$15 done
Event: 6.609 loading class java/util/stream/ReferencePipeline$15$1
Event: 6.609 loading class java/util/stream/ReferencePipeline$15$1 done
Event: 7.169 loading class java/util/stream/SortedOps$SizedRefSortingSink
Event: 7.169 loading class java/util/stream/SortedOps$SizedRefSortingSink done


Dynamic libraries:
0x00007ff7226c0000 - 0x00007ff7226ca000 	C:\Program Files\Android\Android Studio\jbr\bin\java.exe
0x00007fff13530000 - 0x00007fff13728000 	C:\WINDOWS\SYSTEM32\ntdll.dll
0x00007fff12470000 - 0x00007fff1252f000 	C:\WINDOWS\System32\KERNEL32.DLL
0x00007fff10c10000 - 0x00007fff10f06000 	C:\WINDOWS\System32\KERNELBASE.dll
0x00007fff11030000 - 0x00007fff11130000 	C:\WINDOWS\System32\ucrtbase.dll
0x00007fff02c10000 - 0x00007fff02c2b000 	C:\Program Files\Android\Android Studio\jbr\bin\VCRUNTIME140.dll
0x00007fff01750000 - 0x00007fff01767000 	C:\Program Files\Android\Android Studio\jbr\bin\jli.dll
0x00007fff12830000 - 0x00007fff129cd000 	C:\WINDOWS\System32\USER32.dll
0x00007fff11130000 - 0x00007fff11152000 	C:\WINDOWS\System32\win32u.dll
0x00007fff12b20000 - 0x00007fff12b4c000 	C:\WINDOWS\System32\GDI32.dll
0x00007fff10f10000 - 0x00007fff11025000 	C:\WINDOWS\System32\gdi32full.dll
0x00007fff03160000 - 0x00007fff033fa000 	C:\WINDOWS\WinSxS\amd64_microsoft.windows.common-controls_6595b64144ccf1df_6.0.19041.1110_none_60b5254171f9507e\COMCTL32.dll
0x00007fff11160000 - 0x00007fff111fd000 	C:\WINDOWS\System32\msvcp_win.dll
0x00007fff11590000 - 0x00007fff1162e000 	C:\WINDOWS\System32\msvcrt.dll
0x00007fff12c60000 - 0x00007fff12c90000 	C:\WINDOWS\System32\IMM32.DLL
0x00007fff0c5a0000 - 0x00007fff0c5ac000 	C:\Program Files\Android\Android Studio\jbr\bin\vcruntime140_1.dll
0x00007fff02b80000 - 0x00007fff02c0d000 	C:\Program Files\Android\Android Studio\jbr\bin\msvcp140.dll
0x00007ffe752e0000 - 0x00007ffe75f4e000 	C:\Program Files\Android\Android Studio\jbr\bin\server\jvm.dll
0x00007fff12a70000 - 0x00007fff12b1f000 	C:\WINDOWS\System32\ADVAPI32.dll
0x00007fff129d0000 - 0x00007fff12a6c000 	C:\WINDOWS\System32\sechost.dll
0x00007fff11720000 - 0x00007fff11846000 	C:\WINDOWS\System32\RPCRT4.dll
0x00007ffeefec0000 - 0x00007ffeefec9000 	C:\WINDOWS\SYSTEM32\WSOCK32.dll
0x00007fff05430000 - 0x00007fff05457000 	C:\WINDOWS\SYSTEM32\WINMM.dll
0x00007fff12600000 - 0x00007fff1266b000 	C:\WINDOWS\System32\WS2_32.dll
0x00007fff0acb0000 - 0x00007fff0acba000 	C:\WINDOWS\SYSTEM32\VERSION.dll
0x00007fff0ead0000 - 0x00007fff0eae2000 	C:\WINDOWS\SYSTEM32\kernel.appcore.dll
0x00007fff0c560000 - 0x00007fff0c56a000 	C:\Program Files\Android\Android Studio\jbr\bin\jimage.dll
0x00007fff071d0000 - 0x00007fff073b4000 	C:\WINDOWS\SYSTEM32\DBGHELP.DLL
0x00007ffee3850000 - 0x00007ffee3884000 	C:\WINDOWS\SYSTEM32\dbgcore.DLL
0x00007fff11500000 - 0x00007fff11582000 	C:\WINDOWS\System32\bcryptPrimitives.dll
0x00007fff03f30000 - 0x00007fff03f55000 	C:\Program Files\Android\Android Studio\jbr\bin\java.dll
0x00007fff07140000 - 0x00007fff07158000 	C:\Program Files\Android\Android Studio\jbr\bin\zip.dll
0x00007fff11cc0000 - 0x00007fff12404000 	C:\WINDOWS\System32\SHELL32.dll
0x00007fff0ecd0000 - 0x00007fff0f463000 	C:\WINDOWS\SYSTEM32\windows.storage.dll
0x00007fff12ca0000 - 0x00007fff12ff4000 	C:\WINDOWS\System32\combase.dll
0x00007fff10580000 - 0x00007fff105ae000 	C:\WINDOWS\SYSTEM32\Wldp.dll
0x00007fff13080000 - 0x00007fff1312d000 	C:\WINDOWS\System32\SHCORE.dll
0x00007fff11630000 - 0x00007fff11685000 	C:\WINDOWS\System32\shlwapi.dll
0x00007fff10b40000 - 0x00007fff10b65000 	C:\WINDOWS\SYSTEM32\profapi.dll
0x00007fff04030000 - 0x00007fff04049000 	C:\Program Files\Android\Android Studio\jbr\bin\net.dll
0x00007fff0b270000 - 0x00007fff0b37a000 	C:\WINDOWS\SYSTEM32\WINHTTP.dll
0x00007fff102e0000 - 0x00007fff1034a000 	C:\WINDOWS\system32\mswsock.dll
0x00007fff03ed0000 - 0x00007fff03ee6000 	C:\Program Files\Android\Android Studio\jbr\bin\nio.dll
0x00007fff0b800000 - 0x00007fff0b810000 	C:\Program Files\Android\Android Studio\jbr\bin\verify.dll
0x00007ffef4d50000 - 0x00007ffef4d77000 	C:\Users\lee\.gradle\native\e1d6ef7f7dcc3fd88c89a11ec53ec762bb8ba0a96d01ffa2cd45eb1d1d8dd5c5\windows-amd64\native-platform.dll
0x00007fff02a30000 - 0x00007fff02b74000 	C:\Users\lee\.gradle\native\5664cfc778a61ccfe75a443a1ab52a65af34e5dc3c78e0209fed803814484fcb\windows-amd64\native-platform-file-events.dll
0x00007fff06bb0000 - 0x00007fff06bb9000 	C:\Program Files\Android\Android Studio\jbr\bin\management.dll
0x00007fff06a80000 - 0x00007fff06a8b000 	C:\Program Files\Android\Android Studio\jbr\bin\management_ext.dll
0x00007fff11710000 - 0x00007fff11718000 	C:\WINDOWS\System32\PSAPI.DLL
0x00007fff104e0000 - 0x00007fff104f8000 	C:\WINDOWS\SYSTEM32\CRYPTSP.dll
0x00007fff0fbf0000 - 0x00007fff0fc24000 	C:\WINDOWS\system32\rsaenh.dll
0x00007fff114d0000 - 0x00007fff114f7000 	C:\WINDOWS\System32\bcrypt.dll
0x00007fff10a70000 - 0x00007fff10a9e000 	C:\WINDOWS\SYSTEM32\USERENV.dll
0x00007fff104d0000 - 0x00007fff104dc000 	C:\WINDOWS\SYSTEM32\CRYPTBASE.dll
0x00007fff0ffd0000 - 0x00007fff1000b000 	C:\WINDOWS\SYSTEM32\IPHLPAPI.DLL
0x00007fff12670000 - 0x00007fff12678000 	C:\WINDOWS\System32\NSI.dll
0x00007fff098e0000 - 0x00007fff098f7000 	C:\WINDOWS\SYSTEM32\dhcpcsvc6.DLL
0x00007fff09870000 - 0x00007fff0988d000 	C:\WINDOWS\SYSTEM32\dhcpcsvc.DLL
0x00007fff10010000 - 0x00007fff100da000 	C:\WINDOWS\SYSTEM32\DNSAPI.dll
0x00007ffe6f560000 - 0x00007ffe6f567000 	C:\WINDOWS\system32\wshunix.dll

dbghelp: loaded successfully - version: 4.0.5 - missing functions: none
symbol engine: initialized successfully - sym options: 0x614 - pdb path: .;C:\Program Files\Android\Android Studio\jbr\bin;C:\WINDOWS\SYSTEM32;C:\WINDOWS\WinSxS\amd64_microsoft.windows.common-controls_6595b64144ccf1df_6.0.19041.1110_none_60b5254171f9507e;C:\Program Files\Android\Android Studio\jbr\bin\server;C:\Users\lee\.gradle\native\e1d6ef7f7dcc3fd88c89a11ec53ec762bb8ba0a96d01ffa2cd45eb1d1d8dd5c5\windows-amd64;C:\Users\lee\.gradle\native\5664cfc778a61ccfe75a443a1ab52a65af34e5dc3c78e0209fed803814484fcb\windows-amd64

VM Arguments:
jvm_args: --add-opens=java.base/java.io=ALL-UNNAMED --add-opens=java.base/java.util=ALL-UNNAMED --add-opens=java.base/java.lang=ALL-UNNAMED --add-opens=java.base/java.lang.invoke=ALL-UNNAMED --add-opens=java.base/java.util=ALL-UNNAMED --add-opens=java.prefs/java.util.prefs=ALL-UNNAMED --add-opens=java.prefs/java.util.prefs=ALL-UNNAMED --add-opens=java.base/java.nio.charset=ALL-UNNAMED --add-opens=java.base/java.net=ALL-UNNAMED --add-opens=java.base/java.util.concurrent.atomic=ALL-UNNAMED -Dfile.encoding=x-windows-949 -Duser.country=KR -Duser.language=ko -Duser.variant 
java_command: org.gradle.launcher.daemon.bootstrap.GradleDaemon 7.2
java_class_path (initial): C:\Users\lee\.gradle\wrapper\dists\gradle-7.2-bin\2dnblmf4td7x66yl1d74lt32g\gradle-7.2\lib\gradle-launcher-7.2.jar
Launcher Type: SUN_STANDARD

[Global flags]
     intx CICompilerCount                          = 4                                         {product} {ergonomic}
     uint ConcGCThreads                            = 2                                         {product} {ergonomic}
     uint G1ConcRefinementThreads                  = 8                                         {product} {ergonomic}
   size_t G1HeapRegionSize                         = 2097152                                   {product} {ergonomic}
    uintx GCDrainStackTargetSize                   = 64                                        {product} {ergonomic}
   size_t InitialHeapSize                          = 266338304                                 {product} {ergonomic}
   size_t MarkStackSize                            = 4194304                                   {product} {ergonomic}
   size_t MaxHeapSize                              = 4250927104                                {product} {ergonomic}
   size_t MaxNewSize                               = 2550136832                                {product} {ergonomic}
   size_t MinHeapDeltaBytes                        = 2097152                                   {product} {ergonomic}
   size_t MinHeapSize                              = 8388608                                   {product} {ergonomic}
    uintx NonNMethodCodeHeapSize                   = 5839372                                {pd product} {ergonomic}
    uintx NonProfiledCodeHeapSize                  = 122909434                              {pd product} {ergonomic}
    uintx ProfiledCodeHeapSize                     = 122909434                              {pd product} {ergonomic}
    uintx ReservedCodeCacheSize                    = 251658240                              {pd product} {ergonomic}
     bool SegmentedCodeCache                       = true                                      {product} {ergonomic}
   size_t SoftMaxHeapSize                          = 4250927104                             {manageable} {ergonomic}
     bool UseCompressedClassPointers               = true                           {product lp64_product} {ergonomic}
     bool UseCompressedOops                        = true                           {product lp64_product} {ergonomic}
     bool UseG1GC                                  = true                                      {product} {ergonomic}
     bool UseLargePagesIndividualAllocation        = false                                  {pd product} {ergonomic}

Logging:
Log output configuration:
 #0: stdout all=warning uptime,level,tags
 #1: stderr all=off uptime,level,tags

Environment Variables:
PATH=C:\app\lee\product\21c\dbhomeXE\bin;C:\Users\lee\Downloads\WINDOWS.X64_193000_db_home\bin;C:\Windows\system32;C:\Windows;C:\Windows\System32\Wbem;C:\Windows\System32\WindowsPowerShell\v1.0\;C:\Windows\System32\OpenSSH\;C:\Program Files (x86)\NVIDIA Corporation\PhysX\Common;C:\Program Files\NVIDIA Corporation\NVIDIA NvDLISR;C:\WINDOWS\system32;C:\WINDOWS;C:\WINDOWS\System32\Wbem;C:\WINDOWS\System32\WindowsPowerShell\v1.0\;C:\WINDOWS\System32\OpenSSH\;C:\Program Files (x86)\NetSarang\Xshell 7\;C:\Program Files\Bandizip\;C:\Users\lee\AppData\Local\Programs\Python\Python310\Scripts\;C:\Users\lee\AppData\Local\Programs\Python\Python310\;C:\Users\lee\AppData\Local\Microsoft\WindowsApps;C:\Users\lee\AppData\Local\GitHubDesktop\bin;C:\Users\lee\AppData\Local\Programs\Microsoft VS Code\bin
USERNAME=lee
OS=Windows_NT
PROCESSOR_IDENTIFIER=Intel64 Family 6 Model 165 Stepping 3, GenuineIntel
TMP=C:\Users\lee\AppData\Local\Temp
TEMP=C:\Users\lee\AppData\Local\Temp


JNI global refs:
JNI global refs: 26, weak refs: 0

JNI global refs memory usage: 843, weak refs: 841


---------------  S Y S T E M  ---------------

OS:
 Windows 10 , 64 bit Build 19041 (10.0.19041.3155)
OS uptime: 1 days 14:37 hours

CPU: total 8 (initial active 8) (4 cores per cpu, 2 threads per core) family 6 model 165 stepping 3 microcode 0xca, cx8, cmov, fxsr, ht, mmx, 3dnowpref, sse, sse2, sse3, ssse3, sse4.1, sse4.2, popcnt, lzcnt, tsc, tscinvbit, avx, avx2, aes, erms, clmul, bmi1, bmi2, adx, fma, vzeroupper, clflush, clflushopt

Memory: 4k page, system-wide physical 16210M (1922M free)
TotalPageFile size 54113M (AvailPageFile size 56M)
current process WorkingSet (physical memory assigned to process): 428M, peak: 428M
current process commit charge ("private bytes"): 486M, peak: 492M

vm_info: OpenJDK 64-Bit Server VM (17.0.6+0-b2043.56-10027231) for windows-amd64 JRE (17.0.6+0-b2043.56-10027231), built on Apr 28 2023 00:43:19 by "androidbuild" with MS VC++ 16.10 / 16.11 (VS2019)

END.
