#
# There is insufficient memory for the Java Runtime Environment to continue.
# Native memory allocation (mmap) failed to map 62914560 bytes for G1 virtual space
# Possible reasons:
#   The system is out of physical RAM or swap space
#   The process is running with CompressedOops enabled, and the Java Heap may be blocking the growth of the native heap
# Possible solutions:
#   Reduce memory load on the system
#   Increase physical memory or swap space
#   Check if swap backing store is full
#   Decrease Java heap size (-Xmx/-Xms)
#   Decrease number of Java threads
#   Decrease Java thread stack sizes (-Xss)
#   Set larger code cache with -XX:ReservedCodeCacheSize=
#   JVM is running with Zero Based Compressed Oops mode in which the Java heap is
#     placed in the first 32GB address space. The Java Heap base address is the
#     maximum limit for the native heap growth. Please use -XX:HeapBaseMinAddress
#     to set the Java Heap base and to place the Java Heap above 32GB virtual address.
# This output file may be truncated or incomplete.
#
#  Out of Memory Error (os_windows.cpp:3769), pid=13692, tid=4664
#
# JRE version: OpenJDK Runtime Environment (17.0.6) (build 17.0.6+0-b2043.56-10027231)
# Java VM: OpenJDK 64-Bit Server VM (17.0.6+0-b2043.56-10027231, mixed mode, tiered, compressed oops, compressed class ptrs, g1 gc, windows-amd64)
# No core dump will be written. Minidumps are not enabled by default on client versions of Windows
#

---------------  S U M M A R Y ------------

Command Line: --add-opens=java.base/java.io=ALL-UNNAMED --add-opens=java.base/java.util=ALL-UNNAMED --add-opens=java.base/java.lang=ALL-UNNAMED --add-opens=java.base/java.lang.invoke=ALL-UNNAMED --add-opens=java.base/java.util=ALL-UNNAMED --add-opens=java.prefs/java.util.prefs=ALL-UNNAMED --add-opens=java.prefs/java.util.prefs=ALL-UNNAMED --add-opens=java.base/java.nio.charset=ALL-UNNAMED --add-opens=java.base/java.net=ALL-UNNAMED --add-opens=java.base/java.util.concurrent.atomic=ALL-UNNAMED -Dfile.encoding=x-windows-949 -Duser.country=KR -Duser.language=ko -Duser.variant org.gradle.launcher.daemon.bootstrap.GradleDaemon 7.2

Host: Intel(R) Core(TM) i3-10100 CPU @ 3.60GHz, 8 cores, 15G,  Windows 10 , 64 bit Build 19041 (10.0.19041.3155)
Time: Tue Aug 15 16:45:42 2023  Windows 10 , 64 bit Build 19041 (10.0.19041.3155) elapsed time: 5.116496 seconds (0d 0h 0m 5s)

---------------  T H R E A D  ---------------

Current thread (0x00000242a3c5fb70):  VMThread "VM Thread" [stack: 0x000000d0d4700000,0x000000d0d4800000] [id=4664]

Stack: [0x000000d0d4700000,0x000000d0d4800000]
Native frames: (J=compiled Java code, j=interpreted, Vv=VM code, C=native code)
V  [jvm.dll+0x683c9a]
V  [jvm.dll+0x8427a4]
V  [jvm.dll+0x843f9e]
V  [jvm.dll+0x844603]
V  [jvm.dll+0x249b75]
V  [jvm.dll+0x680b69]
V  [jvm.dll+0x67505a]
V  [jvm.dll+0x309acb]
V  [jvm.dll+0x310f86]
V  [jvm.dll+0x3608ee]
V  [jvm.dll+0x360b1f]
V  [jvm.dll+0x2dfbf8]
V  [jvm.dll+0x2ddec4]
V  [jvm.dll+0x2dd4cc]
V  [jvm.dll+0x321f3b]
V  [jvm.dll+0x848ccb]
V  [jvm.dll+0x849a04]
V  [jvm.dll+0x849f1d]
V  [jvm.dll+0x84a2f4]
V  [jvm.dll+0x84a3c0]
V  [jvm.dll+0x7f274a]
V  [jvm.dll+0x682ad5]
C  [ucrtbase.dll+0x21bb2]
C  [KERNEL32.DLL+0x17614]
C  [ntdll.dll+0x526b1]

VM_Operation (0x000000d0d61f6eb0): G1CollectForAllocation, mode: safepoint, requested by thread 0x00000242a6480800


---------------  P R O C E S S  ---------------

Threads class SMR info:
_java_thread_list=0x00000242aac905a0, length=126, elements={
0x0000024284970a10, 0x00000242a3c83260, 0x00000242a3c83ff0, 0x00000242a3cd8010,
0x00000242a3cd88d0, 0x00000242a3cd9190, 0x00000242a3ce5a70, 0x00000242a3cea430,
0x00000242a3ceda10, 0x00000242a3ceef00, 0x00000242a3e59050, 0x00000242a3e681d0,
0x00000242a3f44410, 0x00000242a4352e40, 0x00000242a68a1ae0, 0x00000242a6287170,
0x00000242a6185fb0, 0x00000242a4f9d2f0, 0x00000242a66b1000, 0x00000242a4f55b70,
0x00000242a6480800, 0x00000242a66c5020, 0x00000242a6a68fe0, 0x00000242a5694830,
0x00000242a5690ed0, 0x00000242a5692bb0, 0x00000242a5690530, 0x00000242a5691d40,
0x00000242a5692210, 0x00000242a5693550, 0x00000242a5690a00, 0x00000242a56926e0,
0x00000242a56913a0, 0x00000242a5690060, 0x00000242a981f890, 0x00000242a981fd60,
0x00000242a9820700, 0x00000242a981e080, 0x00000242a9821570, 0x00000242a9821a40,
0x00000242a981e550, 0x00000242a981ea20, 0x00000242a981eef0, 0x00000242a981f3c0,
0x00000242a640b6e0, 0x00000242a640a3a0, 0x00000242a640ad40, 0x00000242a6408b90,
0x00000242a6404d00, 0x00000242a6406040, 0x00000242a6407d20, 0x00000242a64086c0,
0x00000242a640a870, 0x00000242a64081f0, 0x00000242a6405b70, 0x00000242a6404830,
0x00000242a64056a0, 0x00000242a6409060, 0x00000242a640bbb0, 0x00000242a64051d0,
0x00000242a6409530, 0x00000242a6407380, 0x00000242a640b210, 0x00000242a6404360,
0x00000242a6406510, 0x00000242a6409a00, 0x00000242a64069e0, 0x00000242a6407850,
0x00000242a6409ed0, 0x00000242a6406eb0, 0x00000242aa0df550, 0x00000242aa0e1230,
0x00000242aa0e20a0, 0x00000242aa0dd3a0, 0x00000242aa0e38b0, 0x00000242aa0dd870,
0x00000242aa0e2570, 0x00000242aa0dced0, 0x00000242aa0e2a40, 0x00000242aa0ddd40,
0x00000242aa0e2f10, 0x00000242aa0df080, 0x00000242aa0e33e0, 0x00000242aa0e1bd0,
0x00000242aa0dc060, 0x00000242aa0de210, 0x00000242aa0dc530, 0x00000242aa0de6e0,
0x00000242aa0debb0, 0x00000242aa0dca00, 0x00000242aa0dfa20, 0x00000242aa0dfef0,
0x00000242aa0e03c0, 0x00000242aa0e0d60, 0x00000242aa0e0890, 0x00000242aa0e1700,
0x00000242aa354430, 0x00000242aa356f80, 0x00000242aa3518e0, 0x00000242aa356110,
0x00000242aa355c40, 0x00000242aa3552a0, 0x00000242aa3565e0, 0x00000242aa357920,
0x00000242aa352c20, 0x00000242aa352750, 0x00000242aa354900, 0x00000242aa3535c0,
0x00000242aa356ab0, 0x00000242aa350f40, 0x00000242aa351db0, 0x00000242aa357450,
0x00000242aa354dd0, 0x00000242aa353a90, 0x00000242aa3500d0, 0x00000242aa3530f0,
0x00000242aa355770, 0x00000242aa3505a0, 0x00000242aa350a70, 0x00000242aa351410,
0x00000242aa353f60, 0x00000242aa352280, 0x00000242a6efb9d0, 0x00000242a6ef6cd0,
0x00000242a6efc370, 0x00000242a6ef4ff0
}

Java Threads: ( => current thread )
  0x0000024284970a10 JavaThread "main" [_thread_blocked, id=19528, stack(0x000000d0d4100000,0x000000d0d4200000)]
  0x00000242a3c83260 JavaThread "Reference Handler" daemon [_thread_blocked, id=9284, stack(0x000000d0d4800000,0x000000d0d4900000)]
  0x00000242a3c83ff0 JavaThread "Finalizer" daemon [_thread_blocked, id=23524, stack(0x000000d0d4900000,0x000000d0d4a00000)]
  0x00000242a3cd8010 JavaThread "Signal Dispatcher" daemon [_thread_blocked, id=19480, stack(0x000000d0d4a00000,0x000000d0d4b00000)]
  0x00000242a3cd88d0 JavaThread "Attach Listener" daemon [_thread_blocked, id=24304, stack(0x000000d0d4b00000,0x000000d0d4c00000)]
  0x00000242a3cd9190 JavaThread "Service Thread" daemon [_thread_blocked, id=8592, stack(0x000000d0d4c00000,0x000000d0d4d00000)]
  0x00000242a3ce5a70 JavaThread "Monitor Deflation Thread" daemon [_thread_blocked, id=20364, stack(0x000000d0d4d00000,0x000000d0d4e00000)]
  0x00000242a3cea430 JavaThread "C2 CompilerThread0" daemon [_thread_blocked, id=20260, stack(0x000000d0d4e00000,0x000000d0d4f00000)]
  0x00000242a3ceda10 JavaThread "C1 CompilerThread0" daemon [_thread_blocked, id=2040, stack(0x000000d0d4f00000,0x000000d0d5000000)]
  0x00000242a3ceef00 JavaThread "Sweeper thread" daemon [_thread_blocked, id=17640, stack(0x000000d0d5000000,0x000000d0d5100000)]
  0x00000242a3e59050 JavaThread "Common-Cleaner" daemon [_thread_blocked, id=12416, stack(0x000000d0d5100000,0x000000d0d5200000)]
  0x00000242a3e681d0 JavaThread "Notification Thread" daemon [_thread_blocked, id=5276, stack(0x000000d0d5200000,0x000000d0d5300000)]
  0x00000242a3f44410 JavaThread "C2 CompilerThread1" daemon [_thread_blocked, id=22884, stack(0x000000d0d5400000,0x000000d0d5500000)]
  0x00000242a4352e40 JavaThread "C2 CompilerThread2" daemon [_thread_blocked, id=15448, stack(0x000000d0d5500000,0x000000d0d5600000)]
  0x00000242a68a1ae0 JavaThread "Daemon health stats" [_thread_blocked, id=21040, stack(0x000000d0d5b00000,0x000000d0d5c00000)]
  0x00000242a6287170 JavaThread "Incoming local TCP Connector on port 58137" [_thread_in_native, id=21592, stack(0x000000d0d5c00000,0x000000d0d5d00000)]
  0x00000242a6185fb0 JavaThread "Daemon periodic checks" [_thread_blocked, id=23044, stack(0x000000d0d5d00000,0x000000d0d5e00000)]
  0x00000242a4f9d2f0 JavaThread "Daemon" [_thread_blocked, id=15280, stack(0x000000d0d5e00000,0x000000d0d5f00000)]
  0x00000242a66b1000 JavaThread "Handler for socket connection from /127.0.0.1:58137 to /127.0.0.1:58138" [_thread_in_native, id=17476, stack(0x000000d0d5f00000,0x000000d0d6000000)]
  0x00000242a4f55b70 JavaThread "Cancel handler" [_thread_blocked, id=1880, stack(0x000000d0d6000000,0x000000d0d6100000)]
  0x00000242a6480800 JavaThread "Daemon worker" [_thread_blocked, id=22808, stack(0x000000d0d6100000,0x000000d0d6200000)]
  0x00000242a66c5020 JavaThread "Asynchronous log dispatcher for DefaultDaemonConnection: socket connection from /127.0.0.1:58137 to /127.0.0.1:58138" [_thread_blocked, id=23864, stack(0x000000d0d6200000,0x000000d0d6300000)]
  0x00000242a6a68fe0 JavaThread "Stdin handler" [_thread_blocked, id=9028, stack(0x000000d0d6300000,0x000000d0d6400000)]
  0x00000242a5694830 JavaThread "Daemon client event forwarder" [_thread_blocked, id=18960, stack(0x000000d0d6400000,0x000000d0d6500000)]
  0x00000242a5690ed0 JavaThread "Cache worker for journal cache (C:\Users\lee\.gradle\caches\journal-1)" [_thread_blocked, id=19728, stack(0x000000d0d6800000,0x000000d0d6900000)]
  0x00000242a5692bb0 JavaThread "File lock request listener" [_thread_in_native, id=18380, stack(0x000000d0d6900000,0x000000d0d6a00000)]
  0x00000242a5690530 JavaThread "Cache worker for file hash cache (C:\Users\lee\.gradle\caches\7.2\fileHashes)" [_thread_blocked, id=23388, stack(0x000000d0d6a00000,0x000000d0d6b00000)]
  0x00000242a5691d40 JavaThread "Cache worker for file hash cache (C:\Users\lee\AndroidStudioProjects\RecyclerViewSample\.gradle\7.2\fileHashes)" [_thread_blocked, id=7472, stack(0x000000d0d6b00000,0x000000d0d6c00000)]
  0x00000242a5692210 JavaThread "File watcher server" daemon [_thread_in_native, id=18712, stack(0x000000d0d6d00000,0x000000d0d6e00000)]
  0x00000242a5693550 JavaThread "File watcher consumer" daemon [_thread_blocked, id=10620, stack(0x000000d0d6e00000,0x000000d0d6f00000)]
  0x00000242a5690a00 JavaThread "Cache worker for checksums cache (C:\Users\lee\AndroidStudioProjects\RecyclerViewSample\.gradle\checksums)" [_thread_blocked, id=21220, stack(0x000000d0d6f00000,0x000000d0d7000000)]
  0x00000242a56926e0 JavaThread "Cache worker for cache directory md-supplier (C:\Users\lee\.gradle\caches\7.2\md-supplier)" [_thread_blocked, id=24812, stack(0x000000d0d7000000,0x000000d0d7100000)]
  0x00000242a56913a0 JavaThread "Cache worker for cache directory md-rule (C:\Users\lee\.gradle\caches\7.2\md-rule)" [_thread_blocked, id=20456, stack(0x000000d0d7100000,0x000000d0d7200000)]
  0x00000242a5690060 JavaThread "Cache worker for execution history cache (C:\Users\lee\.gradle\caches\7.2\executionHistory)" [_thread_blocked, id=3412, stack(0x000000d0d7200000,0x000000d0d7300000)]
  0x00000242a981f890 JavaThread "jar transforms" [_thread_blocked, id=14660, stack(0x000000d0d7300000,0x000000d0d7400000)]
  0x00000242a981fd60 JavaThread "jar transforms Thread 2" [_thread_blocked, id=24364, stack(0x000000d0d7400000,0x000000d0d7500000)]
  0x00000242a9820700 JavaThread "Cache worker for file content cache (C:\Users\lee\.gradle\caches\7.2\fileContent)" [_thread_blocked, id=25064, stack(0x000000d0d7500000,0x000000d0d7600000)]
  0x00000242a981e080 JavaThread "jar transforms Thread 3" [_thread_blocked, id=12020, stack(0x000000d0d7600000,0x000000d0d7700000)]
  0x00000242a9821570 JavaThread "jar transforms Thread 4" [_thread_blocked, id=23332, stack(0x000000d0d7700000,0x000000d0d7800000)]
  0x00000242a9821a40 JavaThread "Cache worker for dependencies-accessors (C:\Users\lee\AndroidStudioProjects\RecyclerViewSample\.gradle\7.2\dependencies-accessors)" [_thread_blocked, id=22792, stack(0x000000d0d7800000,0x000000d0d7900000)]
  0x00000242a981e550 JavaThread "jar transforms Thread 5" [_thread_blocked, id=17388, stack(0x000000d0d7900000,0x000000d0d7a00000)]
  0x00000242a981ea20 JavaThread "Cache worker for Build Output Cleanup Cache (C:\Users\lee\AndroidStudioProjects\RecyclerViewSample\.gradle\buildOutputCleanup)" [_thread_blocked, id=24752, stack(0x000000d0d7a00000,0x000000d0d7b00000)]
  0x00000242a981eef0 JavaThread "Unconstrained build operations" [_thread_blocked, id=17676, stack(0x000000d0d7b00000,0x000000d0d7c00000)]
  0x00000242a981f3c0 JavaThread "Unconstrained build operations Thread 2" [_thread_blocked, id=14416, stack(0x000000d0d7c00000,0x000000d0d7d00000)]
  0x00000242a640b6e0 JavaThread "Unconstrained build operations Thread 3" [_thread_blocked, id=20832, stack(0x000000d0d7d00000,0x000000d0d7e00000)]
  0x00000242a640a3a0 JavaThread "Unconstrained build operations Thread 4" [_thread_blocked, id=21768, stack(0x000000d0d7e00000,0x000000d0d7f00000)]
  0x00000242a640ad40 JavaThread "Unconstrained build operations Thread 5" [_thread_blocked, id=16308, stack(0x000000d0d7f00000,0x000000d0d8000000)]
  0x00000242a6408b90 JavaThread "Unconstrained build operations Thread 6" [_thread_blocked, id=3720, stack(0x000000d0d8000000,0x000000d0d8100000)]
  0x00000242a6404d00 JavaThread "Unconstrained build operations Thread 7" [_thread_blocked, id=1620, stack(0x000000d0d8100000,0x000000d0d8200000)]
  0x00000242a6406040 JavaThread "Unconstrained build operations Thread 8" [_thread_blocked, id=12088, stack(0x000000d0d8200000,0x000000d0d8300000)]
  0x00000242a6407d20 JavaThread "Unconstrained build operations Thread 9" [_thread_blocked, id=18152, stack(0x000000d0d8300000,0x000000d0d8400000)]
  0x00000242a64086c0 JavaThread "Unconstrained build operations Thread 10" [_thread_blocked, id=15708, stack(0x000000d0d8400000,0x000000d0d8500000)]
  0x00000242a640a870 JavaThread "Unconstrained build operations Thread 11" [_thread_blocked, id=19076, stack(0x000000d0d8500000,0x000000d0d8600000)]
  0x00000242a64081f0 JavaThread "Unconstrained build operations Thread 12" [_thread_blocked, id=15664, stack(0x000000d0d8600000,0x000000d0d8700000)]
  0x00000242a6405b70 JavaThread "Unconstrained build operations Thread 13" [_thread_blocked, id=17260, stack(0x000000d0d8700000,0x000000d0d8800000)]
  0x00000242a6404830 JavaThread "Unconstrained build operations Thread 14" [_thread_blocked, id=12136, stack(0x000000d0d8800000,0x000000d0d8900000)]
  0x00000242a64056a0 JavaThread "Unconstrained build operations Thread 15" [_thread_blocked, id=16868, stack(0x000000d0d8900000,0x000000d0d8a00000)]
  0x00000242a6409060 JavaThread "Unconstrained build operations Thread 16" [_thread_blocked, id=20928, stack(0x000000d0d8a00000,0x000000d0d8b00000)]
  0x00000242a640bbb0 JavaThread "Unconstrained build operations Thread 17" [_thread_blocked, id=9384, stack(0x000000d0d8b00000,0x000000d0d8c00000)]
  0x00000242a64051d0 JavaThread "Unconstrained build operations Thread 18" [_thread_blocked, id=24408, stack(0x000000d0d8c00000,0x000000d0d8d00000)]
  0x00000242a6409530 JavaThread "Unconstrained build operations Thread 19" [_thread_blocked, id=3840, stack(0x000000d0d8d00000,0x000000d0d8e00000)]
  0x00000242a6407380 JavaThread "Unconstrained build operations Thread 20" [_thread_blocked, id=17704, stack(0x000000d0d8e00000,0x000000d0d8f00000)]
  0x00000242a640b210 JavaThread "Unconstrained build operations Thread 21" [_thread_blocked, id=13480, stack(0x000000d0d8f00000,0x000000d0d9000000)]
  0x00000242a6404360 JavaThread "Unconstrained build operations Thread 22" [_thread_blocked, id=20016, stack(0x000000d0d9000000,0x000000d0d9100000)]
  0x00000242a6406510 JavaThread "Unconstrained build operations Thread 23" [_thread_blocked, id=24244, stack(0x000000d0d9100000,0x000000d0d9200000)]
  0x00000242a6409a00 JavaThread "Unconstrained build operations Thread 24" [_thread_blocked, id=10340, stack(0x000000d0d9200000,0x000000d0d9300000)]
  0x00000242a64069e0 JavaThread "Unconstrained build operations Thread 25" [_thread_blocked, id=24912, stack(0x000000d0d9300000,0x000000d0d9400000)]
  0x00000242a6407850 JavaThread "Unconstrained build operations Thread 26" [_thread_blocked, id=16220, stack(0x000000d0d9400000,0x000000d0d9500000)]
  0x00000242a6409ed0 JavaThread "Unconstrained build operations Thread 27" [_thread_blocked, id=11168, stack(0x000000d0d9500000,0x000000d0d9600000)]
  0x00000242a6406eb0 JavaThread "Unconstrained build operations Thread 28" [_thread_blocked, id=16016, stack(0x000000d0d9600000,0x000000d0d9700000)]
  0x00000242aa0df550 JavaThread "Unconstrained build operations Thread 29" [_thread_blocked, id=16732, stack(0x000000d0d9700000,0x000000d0d9800000)]
  0x00000242aa0e1230 JavaThread "Unconstrained build operations Thread 30" [_thread_blocked, id=2112, stack(0x000000d0d9800000,0x000000d0d9900000)]
  0x00000242aa0e20a0 JavaThread "Unconstrained build operations Thread 31" [_thread_blocked, id=2468, stack(0x000000d0d9900000,0x000000d0d9a00000)]
  0x00000242aa0dd3a0 JavaThread "Unconstrained build operations Thread 32" [_thread_blocked, id=17368, stack(0x000000d0d9a00000,0x000000d0d9b00000)]
  0x00000242aa0e38b0 JavaThread "Unconstrained build operations Thread 33" [_thread_blocked, id=16368, stack(0x000000d0d9b00000,0x000000d0d9c00000)]
  0x00000242aa0dd870 JavaThread "Unconstrained build operations Thread 34" [_thread_blocked, id=20708, stack(0x000000d0d9c00000,0x000000d0d9d00000)]
  0x00000242aa0e2570 JavaThread "Unconstrained build operations Thread 35" [_thread_blocked, id=22148, stack(0x000000d0d9d00000,0x000000d0d9e00000)]
  0x00000242aa0dced0 JavaThread "Unconstrained build operations Thread 36" [_thread_blocked, id=24472, stack(0x000000d0d9e00000,0x000000d0d9f00000)]
  0x00000242aa0e2a40 JavaThread "Unconstrained build operations Thread 37" [_thread_blocked, id=20580, stack(0x000000d0d9f00000,0x000000d0da000000)]
  0x00000242aa0ddd40 JavaThread "Unconstrained build operations Thread 38" [_thread_blocked, id=18348, stack(0x000000d0da000000,0x000000d0da100000)]
  0x00000242aa0e2f10 JavaThread "Unconstrained build operations Thread 39" [_thread_blocked, id=20684, stack(0x000000d0da100000,0x000000d0da200000)]
  0x00000242aa0df080 JavaThread "Unconstrained build operations Thread 40" [_thread_blocked, id=19344, stack(0x000000d0da200000,0x000000d0da300000)]
  0x00000242aa0e33e0 JavaThread "Unconstrained build operations Thread 41" [_thread_blocked, id=25372, stack(0x000000d0da300000,0x000000d0da400000)]
  0x00000242aa0e1bd0 JavaThread "Unconstrained build operations Thread 42" [_thread_blocked, id=18156, stack(0x000000d0da400000,0x000000d0da500000)]
  0x00000242aa0dc060 JavaThread "Unconstrained build operations Thread 43" [_thread_blocked, id=10060, stack(0x000000d0da500000,0x000000d0da600000)]
  0x00000242aa0de210 JavaThread "Unconstrained build operations Thread 44" [_thread_blocked, id=14000, stack(0x000000d0da600000,0x000000d0da700000)]
  0x00000242aa0dc530 JavaThread "Unconstrained build operations Thread 45" [_thread_blocked, id=3176, stack(0x000000d0da700000,0x000000d0da800000)]
  0x00000242aa0de6e0 JavaThread "Unconstrained build operations Thread 46" [_thread_blocked, id=23948, stack(0x000000d0da800000,0x000000d0da900000)]
  0x00000242aa0debb0 JavaThread "Unconstrained build operations Thread 47" [_thread_blocked, id=22368, stack(0x000000d0da900000,0x000000d0daa00000)]
  0x00000242aa0dca00 JavaThread "Unconstrained build operations Thread 48" [_thread_blocked, id=8856, stack(0x000000d0daa00000,0x000000d0dab00000)]
  0x00000242aa0dfa20 JavaThread "Unconstrained build operations Thread 49" [_thread_blocked, id=21440, stack(0x000000d0dab00000,0x000000d0dac00000)]
  0x00000242aa0dfef0 JavaThread "Unconstrained build operations Thread 50" [_thread_blocked, id=5436, stack(0x000000d0dac00000,0x000000d0dad00000)]
  0x00000242aa0e03c0 JavaThread "Unconstrained build operations Thread 51" [_thread_blocked, id=8432, stack(0x000000d0dad00000,0x000000d0dae00000)]
  0x00000242aa0e0d60 JavaThread "Unconstrained build operations Thread 52" [_thread_blocked, id=22880, stack(0x000000d0dae00000,0x000000d0daf00000)]
  0x00000242aa0e0890 JavaThread "Unconstrained build operations Thread 53" [_thread_blocked, id=6716, stack(0x000000d0daf00000,0x000000d0db000000)]
  0x00000242aa0e1700 JavaThread "Unconstrained build operations Thread 54" [_thread_blocked, id=11172, stack(0x000000d0db000000,0x000000d0db100000)]
  0x00000242aa354430 JavaThread "Unconstrained build operations Thread 55" [_thread_blocked, id=7172, stack(0x000000d0db100000,0x000000d0db200000)]
  0x00000242aa356f80 JavaThread "Unconstrained build operations Thread 56" [_thread_blocked, id=11420, stack(0x000000d0db200000,0x000000d0db300000)]
  0x00000242aa3518e0 JavaThread "Unconstrained build operations Thread 57" [_thread_blocked, id=21724, stack(0x000000d0db300000,0x000000d0db400000)]
  0x00000242aa356110 JavaThread "Unconstrained build operations Thread 58" [_thread_blocked, id=19904, stack(0x000000d0db400000,0x000000d0db500000)]
  0x00000242aa355c40 JavaThread "Unconstrained build operations Thread 59" [_thread_blocked, id=16712, stack(0x000000d0db500000,0x000000d0db600000)]
  0x00000242aa3552a0 JavaThread "Unconstrained build operations Thread 60" [_thread_blocked, id=21704, stack(0x000000d0db600000,0x000000d0db700000)]
  0x00000242aa3565e0 JavaThread "Unconstrained build operations Thread 61" [_thread_blocked, id=23252, stack(0x000000d0db700000,0x000000d0db800000)]
  0x00000242aa357920 JavaThread "Unconstrained build operations Thread 62" [_thread_blocked, id=24392, stack(0x000000d0db800000,0x000000d0db900000)]
  0x00000242aa352c20 JavaThread "Unconstrained build operations Thread 63" [_thread_blocked, id=2172, stack(0x000000d0db900000,0x000000d0dba00000)]
  0x00000242aa352750 JavaThread "Unconstrained build operations Thread 64" [_thread_blocked, id=22992, stack(0x000000d0dba00000,0x000000d0dbb00000)]
  0x00000242aa354900 JavaThread "Unconstrained build operations Thread 65" [_thread_blocked, id=9056, stack(0x000000d0dbb00000,0x000000d0dbc00000)]
  0x00000242aa3535c0 JavaThread "Unconstrained build operations Thread 66" [_thread_blocked, id=20484, stack(0x000000d0dbc00000,0x000000d0dbd00000)]
  0x00000242aa356ab0 JavaThread "Unconstrained build operations Thread 67" [_thread_blocked, id=13696, stack(0x000000d0dbd00000,0x000000d0dbe00000)]
  0x00000242aa350f40 JavaThread "Unconstrained build operations Thread 68" [_thread_blocked, id=4568, stack(0x000000d0dbe00000,0x000000d0dbf00000)]
  0x00000242aa351db0 JavaThread "Unconstrained build operations Thread 69" [_thread_blocked, id=21668, stack(0x000000d0dbf00000,0x000000d0dc000000)]
  0x00000242aa357450 JavaThread "Unconstrained build operations Thread 70" [_thread_blocked, id=11076, stack(0x000000d0dc000000,0x000000d0dc100000)]
  0x00000242aa354dd0 JavaThread "Unconstrained build operations Thread 71" [_thread_blocked, id=13920, stack(0x000000d0dc100000,0x000000d0dc200000)]
  0x00000242aa353a90 JavaThread "Unconstrained build operations Thread 72" [_thread_blocked, id=25412, stack(0x000000d0dc200000,0x000000d0dc300000)]
  0x00000242aa3500d0 JavaThread "Unconstrained build operations Thread 73" [_thread_blocked, id=23968, stack(0x000000d0dc300000,0x000000d0dc400000)]
  0x00000242aa3530f0 JavaThread "Unconstrained build operations Thread 74" [_thread_blocked, id=6152, stack(0x000000d0dc400000,0x000000d0dc500000)]
  0x00000242aa355770 JavaThread "Unconstrained build operations Thread 75" [_thread_blocked, id=15556, stack(0x000000d0dc500000,0x000000d0dc600000)]
  0x00000242aa3505a0 JavaThread "Unconstrained build operations Thread 76" [_thread_blocked, id=528, stack(0x000000d0dc600000,0x000000d0dc700000)]
  0x00000242aa350a70 JavaThread "Unconstrained build operations Thread 77" [_thread_blocked, id=10616, stack(0x000000d0dc700000,0x000000d0dc800000)]
  0x00000242aa351410 JavaThread "Unconstrained build operations Thread 78" [_thread_blocked, id=7032, stack(0x000000d0dc800000,0x000000d0dc900000)]
  0x00000242aa353f60 JavaThread "Unconstrained build operations Thread 79" [_thread_blocked, id=14636, stack(0x000000d0dc900000,0x000000d0dca00000)]
  0x00000242aa352280 JavaThread "Unconstrained build operations Thread 80" [_thread_blocked, id=24276, stack(0x000000d0dca00000,0x000000d0dcb00000)]
  0x00000242a6efb9d0 JavaThread "jar transforms Thread 6" [_thread_blocked, id=2740, stack(0x000000d0dcb00000,0x000000d0dcc00000)]
  0x00000242a6ef6cd0 JavaThread "jar transforms Thread 7" [_thread_blocked, id=1332, stack(0x000000d0dcc00000,0x000000d0dcd00000)]
  0x00000242a6efc370 JavaThread "jar transforms Thread 8" [_thread_blocked, id=15908, stack(0x000000d0dcd00000,0x000000d0dce00000)]
  0x00000242a6ef4ff0 JavaThread "Memory manager" [_thread_blocked, id=25268, stack(0x000000d0dce00000,0x000000d0dcf00000)]

Other Threads:
=>0x00000242a3c5fb70 VMThread "VM Thread" [stack: 0x000000d0d4700000,0x000000d0d4800000] [id=4664]
  0x00000242849f4fc0 WatcherThread [stack: 0x000000d0d5300000,0x000000d0d5400000] [id=9156]
  0x00000242849dc600 GCTaskThread "GC Thread#0" [stack: 0x000000d0d4200000,0x000000d0d4300000] [id=8400]
  0x00000242a4763760 GCTaskThread "GC Thread#1" [stack: 0x000000d0d5600000,0x000000d0d5700000] [id=18908]
  0x00000242a4763a10 GCTaskThread "GC Thread#2" [stack: 0x000000d0d5700000,0x000000d0d5800000] [id=4192]
  0x00000242a4763cc0 GCTaskThread "GC Thread#3" [stack: 0x000000d0d5800000,0x000000d0d5900000] [id=4704]
  0x00000242a4d547d0 GCTaskThread "GC Thread#4" [stack: 0x000000d0d5900000,0x000000d0d5a00000] [id=13768]
  0x00000242a4d82360 GCTaskThread "GC Thread#5" [stack: 0x000000d0d5a00000,0x000000d0d5b00000] [id=24456]
  0x00000242a67be830 GCTaskThread "GC Thread#6" [stack: 0x000000d0d6500000,0x000000d0d6600000] [id=20568]
  0x00000242a67be580 GCTaskThread "GC Thread#7" [stack: 0x000000d0d6600000,0x000000d0d6700000] [id=5544]
  0x00000242849ed1a0 ConcurrentGCThread "G1 Main Marker" [stack: 0x000000d0d4300000,0x000000d0d4400000] [id=23368]
  0x00000242849edac0 ConcurrentGCThread "G1 Conc#0" [stack: 0x000000d0d4400000,0x000000d0d4500000] [id=1928]
  0x00000242a67beae0 ConcurrentGCThread "G1 Conc#1" [stack: 0x000000d0d6700000,0x000000d0d6800000] [id=21484]
  0x00000242a2bf5b90 ConcurrentGCThread "G1 Refine#0" [stack: 0x000000d0d4500000,0x000000d0d4600000] [id=23812]
  0x00000242a8fcecf0 ConcurrentGCThread "G1 Refine#1" [stack: 0x000000d0d6c00000,0x000000d0d6d00000] [id=21348]
  0x0000024284a30210 ConcurrentGCThread "G1 Service" [stack: 0x000000d0d4600000,0x000000d0d4700000] [id=21536]

Threads with active compile tasks:
C1 CompilerThread0     5139 6230   !   3       com.sun.jmx.mbeanserver.Introspector::descriptorForAnnotations (242 bytes)
C2 CompilerThread2     5139 6229       4       java.lang.Integer::getChars (131 bytes)

VM state: at safepoint (normal execution)

VM Mutex/Monitor currently owned by a thread:  ([mutex/lock_event])
[0x000002428496fde0] Threads_lock - owner thread: 0x00000242a3c5fb70
[0x000002428496ff90] Heap_lock - owner thread: 0x00000242a6480800

Heap address: 0x0000000702a00000, size: 4054 MB, Compressed Oops mode: Zero based, Oop shift amount: 3

CDS archive(s) not mapped
Compressed class space mapped at: 0x0000000800000000-0x0000000840000000, reserved size: 1073741824
Narrow klass base: 0x0000000800000000, Narrow klass shift: 0, Narrow klass range: 0x40000000

GC Precious Log:
 CPUs: 8 total, 8 available
 Memory: 16210M
 Large Page Support: Disabled
 NUMA Support: Disabled
 Compressed Oops: Enabled (Zero based)
 Heap Region Size: 2M
 Heap Min Capacity: 8M
 Heap Initial Capacity: 254M
 Heap Max Capacity: 4054M
 Pre-touch: Disabled
 Parallel Workers: 8
 Concurrent Workers: 2
 Concurrent Refinement Workers: 8
 Periodic GC: Disabled

Heap:
 garbage-first heap   total 100352K, used 53906K [0x0000000702a00000, 0x0000000800000000)
  region size 2048K, 1 young (2048K), 1 survivors (2048K)
 Metaspace       used 65176K, committed 65600K, reserved 1114112K
  class space    used 8480K, committed 8704K, reserved 1048576K

Heap Regions: E=young(eden), S=young(survivor), O=old, HS=humongous(starts), HC=humongous(continues), CS=collection set, F=free, OA=open archive, CA=closed archive, TAMS=top-at-mark-start (previous, next)
|   0|0x0000000702a00000, 0x0000000702c00000, 0x0000000702c00000|100%| O|  |TAMS 0x0000000702c00000, 0x0000000702a00000| Untracked 
|   1|0x0000000702c00000, 0x0000000702e00000, 0x0000000702e00000|100%| O|  |TAMS 0x0000000702e00000, 0x0000000702c00000| Untracked 
|   2|0x0000000702e00000, 0x0000000703000000, 0x0000000703000000|100%|HS|  |TAMS 0x0000000703000000, 0x0000000702e00000| Complete 
|   3|0x0000000703000000, 0x0000000703200000, 0x0000000703200000|100%|HC|  |TAMS 0x0000000703200000, 0x0000000703000000| Complete 
|   4|0x0000000703200000, 0x0000000703400000, 0x0000000703400000|100%| O|  |TAMS 0x0000000703400000, 0x0000000703200000| Untracked 
|   5|0x0000000703400000, 0x0000000703600000, 0x0000000703600000|100%| O|  |TAMS 0x0000000703600000, 0x0000000703400000| Untracked 
|   6|0x0000000703600000, 0x0000000703800000, 0x0000000703800000|100%| O|  |TAMS 0x0000000703800000, 0x0000000703600000| Untracked 
|   7|0x0000000703800000, 0x0000000703a00000, 0x0000000703a00000|100%| O|  |TAMS 0x0000000703a00000, 0x0000000703800000| Untracked 
|   8|0x0000000703a00000, 0x0000000703c00000, 0x0000000703c00000|100%| O|  |TAMS 0x0000000703c00000, 0x0000000703a00000| Untracked 
|   9|0x0000000703c00000, 0x0000000703e00000, 0x0000000703e00000|100%| O|  |TAMS 0x0000000703e00000, 0x0000000703c00000| Untracked 
|  10|0x0000000703e00000, 0x0000000704000000, 0x0000000704000000|100%| O|  |TAMS 0x0000000703e00000, 0x0000000703e00000| Untracked 
|  11|0x0000000704000000, 0x0000000704200000, 0x0000000704200000|100%| O|  |TAMS 0x0000000704200000, 0x0000000704000000| Untracked 
|  12|0x0000000704200000, 0x0000000704400000, 0x0000000704400000|100%| O|  |TAMS 0x0000000704400000, 0x0000000704200000| Untracked 
|  13|0x0000000704400000, 0x0000000704600000, 0x0000000704600000|100%| O|  |TAMS 0x0000000704600000, 0x0000000704400000| Untracked 
|  14|0x0000000704600000, 0x0000000704800000, 0x0000000704800000|100%|HS|  |TAMS 0x0000000704800000, 0x0000000704600000| Complete 
|  15|0x0000000704800000, 0x0000000704a00000, 0x0000000704a00000|100%|HC|  |TAMS 0x0000000704a00000, 0x0000000704800000| Complete 
|  16|0x0000000704a00000, 0x0000000704c00000, 0x0000000704c00000|100%| O|  |TAMS 0x0000000704c00000, 0x0000000704a00000| Untracked 
|  17|0x0000000704c00000, 0x0000000704e00000, 0x0000000704e00000|100%| O|  |TAMS 0x0000000704e00000, 0x0000000704c00000| Untracked 
|  18|0x0000000704e00000, 0x0000000705000000, 0x0000000705000000|100%|HS|  |TAMS 0x0000000705000000, 0x0000000704e00000| Complete 
|  19|0x0000000705000000, 0x0000000705200000, 0x0000000705200000|100%| O|  |TAMS 0x0000000705200000, 0x0000000705000000| Untracked 
|  20|0x0000000705200000, 0x0000000705400000, 0x0000000705400000|100%| O|  |TAMS 0x0000000705400000, 0x0000000705200000| Untracked 
|  21|0x0000000705400000, 0x0000000705600000, 0x0000000705600000|100%| O|  |TAMS 0x0000000705600000, 0x0000000705400000| Untracked 
|  22|0x0000000705600000, 0x0000000705800000, 0x0000000705800000|100%| O|  |TAMS 0x0000000705800000, 0x0000000705600000| Untracked 
|  23|0x0000000705800000, 0x0000000705a00000, 0x0000000705a00000|100%| O|  |TAMS 0x0000000705a00000, 0x0000000705800000| Untracked 
|  24|0x0000000705a00000, 0x0000000705a00000, 0x0000000705c00000|  0%| F|  |TAMS 0x0000000705a00000, 0x0000000705a00000| Untracked 
|  25|0x0000000705c00000, 0x0000000705e00000, 0x0000000705e00000|100%| O|  |TAMS 0x0000000705e00000, 0x0000000705c00000| Untracked 
|  26|0x0000000705e00000, 0x0000000706000000, 0x0000000706000000|100%| O|  |TAMS 0x0000000705e61a00, 0x0000000705e00000| Untracked 
|  27|0x0000000706000000, 0x000000070605b800, 0x0000000706200000| 17%| O|  |TAMS 0x0000000706000000, 0x0000000706000000| Untracked 
|  28|0x0000000706200000, 0x0000000706200000, 0x0000000706400000|  0%| F|  |TAMS 0x0000000706200000, 0x0000000706200000| Untracked 
|  29|0x0000000706400000, 0x0000000706400000, 0x0000000706600000|  0%| F|  |TAMS 0x0000000706400000, 0x0000000706400000| Untracked 
|  30|0x0000000706600000, 0x0000000706600000, 0x0000000706800000|  0%| F|  |TAMS 0x0000000706600000, 0x0000000706600000| Untracked 
|  31|0x0000000706800000, 0x0000000706800000, 0x0000000706a00000|  0%| F|  |TAMS 0x0000000706800000, 0x0000000706800000| Untracked 
|  32|0x0000000706a00000, 0x0000000706a00000, 0x0000000706c00000|  0%| F|  |TAMS 0x0000000706a00000, 0x0000000706a00000| Untracked 
|  33|0x0000000706c00000, 0x0000000706c00000, 0x0000000706e00000|  0%| F|  |TAMS 0x0000000706c00000, 0x0000000706c00000| Untracked 
|  34|0x0000000706e00000, 0x0000000706e00000, 0x0000000707000000|  0%| F|  |TAMS 0x0000000706e00000, 0x0000000706e00000| Untracked 
|  35|0x0000000707000000, 0x0000000707000000, 0x0000000707200000|  0%| F|  |TAMS 0x0000000707000000, 0x0000000707000000| Untracked 
|  36|0x0000000707200000, 0x0000000707200000, 0x0000000707400000|  0%| F|  |TAMS 0x0000000707200000, 0x0000000707200000| Untracked 
|  37|0x0000000707400000, 0x0000000707400000, 0x0000000707600000|  0%| F|  |TAMS 0x0000000707400000, 0x0000000707400000| Untracked 
|  38|0x0000000707600000, 0x0000000707600000, 0x0000000707800000|  0%| F|  |TAMS 0x0000000707600000, 0x0000000707600000| Untracked 
|  39|0x0000000707800000, 0x0000000707800000, 0x0000000707a00000|  0%| F|  |TAMS 0x0000000707800000, 0x0000000707800000| Untracked 
|  40|0x0000000707a00000, 0x0000000707a00000, 0x0000000707c00000|  0%| F|  |TAMS 0x0000000707a00000, 0x0000000707a00000| Untracked 
|  41|0x0000000707c00000, 0x0000000707c00000, 0x0000000707e00000|  0%| F|  |TAMS 0x0000000707c00000, 0x0000000707c00000| Untracked 
|  42|0x0000000707e00000, 0x0000000707e00000, 0x0000000708000000|  0%| F|  |TAMS 0x0000000707e00000, 0x0000000707e00000| Untracked 
|  43|0x0000000708000000, 0x0000000708000000, 0x0000000708200000|  0%| F|  |TAMS 0x0000000708000000, 0x0000000708000000| Untracked 
|  97|0x000000070ec00000, 0x000000070ec00000, 0x000000070ee00000|  0%| F|  |TAMS 0x000000070ec00000, 0x000000070ec00000| Untracked 
|  98|0x000000070ee00000, 0x000000070ee00000, 0x000000070f000000|  0%| F|  |TAMS 0x000000070ee00000, 0x000000070ee00000| Untracked 
|  99|0x000000070f000000, 0x000000070f000000, 0x000000070f200000|  0%| F|  |TAMS 0x000000070f000000, 0x000000070f000000| Untracked 
| 100|0x000000070f200000, 0x000000070f2492f0, 0x000000070f400000| 14%| S|CS|TAMS 0x000000070f200000, 0x000000070f200000| Complete 
| 126|0x0000000712600000, 0x0000000712600000, 0x0000000712800000|  0%| F|  |TAMS 0x0000000712600000, 0x0000000712600000| Untracked 

Card table byte_map: [0x0000024297960000,0x0000024298150000] _byte_map_base: 0x000002429414b000

Marking Bits (Prev, Next): (CMBitMap*) 0x00000242849dcb60, (CMBitMap*) 0x00000242849dcb20
 Prev Bits: [0x000002429c8a0000, 0x00000242a07f8000)
 Next Bits: [0x0000024298940000, 0x000002429c898000)

Polling page: 0x0000024284140000

Metaspace:

Usage:
  Non-class:     55.37 MB used.
      Class:      8.28 MB used.
       Both:     63.65 MB used.

Virtual space:
  Non-class space:       64.00 MB reserved,      55.56 MB ( 87%) committed,  8 nodes.
      Class space:        1.00 GB reserved,       8.50 MB ( <1%) committed,  1 nodes.
             Both:        1.06 GB reserved,      64.06 MB (  6%) committed. 

Chunk freelists:
   Non-Class:  3.95 MB
       Class:  3.48 MB
        Both:  7.44 MB

MaxMetaspaceSize: unlimited
CompressedClassSpaceSize: 1.00 GB
Initial GC threshold: 21.00 MB
Current GC threshold: 101.38 MB
CDS: off
MetaspaceReclaimPolicy: balanced
 - commit_granule_bytes: 65536.
 - commit_granule_words: 8192.
 - virtual_space_node_default_size: 1048576.
 - enlarge_chunks_in_place: 1.
 - new_chunks_are_fully_committed: 0.
 - uncommit_free_chunks: 1.
 - use_allocation_guard: 0.
 - handle_deallocations: 1.


Internal statistics:

num_allocs_failed_limit: 9.
num_arena_births: 524.
num_arena_deaths: 0.
num_vsnodes_births: 9.
num_vsnodes_deaths: 0.
num_space_committed: 1025.
num_space_uncommitted: 0.
num_chunks_returned_to_freelist: 9.
num_chunks_taken_from_freelist: 2572.
num_chunk_merges: 0.
num_chunk_splits: 1715.
num_chunks_enlarged: 1196.
num_purges: 0.
num_inconsistent_stats: 0.

CodeHeap 'non-profiled nmethods': size=120000Kb used=3097Kb max_used=3212Kb free=116902Kb
 bounds [0x000002428f910000, 0x000002428fc40000, 0x0000024296e40000]
CodeHeap 'profiled nmethods': size=120000Kb used=10782Kb max_used=10932Kb free=109217Kb
 bounds [0x0000024287e40000, 0x0000024288910000, 0x000002428f370000]
CodeHeap 'non-nmethods': size=5760Kb used=2340Kb max_used=2452Kb free=3419Kb
 bounds [0x000002428f370000, 0x000002428f5e0000, 0x000002428f910000]
 total_blobs=6304 nmethods=5442 adapters=774
 compilation: enabled
              stopped_count=0, restarted_count=0
 full_count=0

Compilation events (20 events):
Event: 5.096 Thread 0x00000242a3ceda10 6221       3       org.codehaus.groovy.reflection.CachedClass$1$$Lambda$342/0x00000008004db440::apply (12 bytes)
Event: 5.096 Thread 0x00000242a4352e40 nmethod 6220 0x000002428f97bd90 code [0x000002428f97bf20, 0x000002428f97bfc8]
Event: 5.096 Thread 0x00000242a3ceda10 nmethod 6221 0x0000024287eff490 code [0x0000024287eff660, 0x0000024287effb58]
Event: 5.096 Thread 0x00000242a3ceda10 6222       3       org.codehaus.groovy.reflection.CachedField::<init> (18 bytes)
Event: 5.096 Thread 0x00000242a3ceda10 nmethod 6222 0x0000024287efec90 code [0x0000024287efee40, 0x0000024287eff178]
Event: 5.097 Thread 0x00000242a3ceda10 6223       1       java.lang.reflect.AccessibleObject::isAccessible (5 bytes)
Event: 5.098 Thread 0x00000242a3ceda10 nmethod 6223 0x000002428f97ba90 code [0x000002428f97bc20, 0x000002428f97bcf8]
Event: 5.100 Thread 0x00000242a3f44410 nmethod 6201 0x000002428fa6c810 code [0x000002428fa6caa0, 0x000002428fa6f4e0]
Event: 5.102 Thread 0x00000242a3f44410 6224       4       org.objectweb.asm.Attribute::computeAttributesSize (62 bytes)
Event: 5.102 Thread 0x00000242a4352e40 6225       4       org.objectweb.asm.Attribute::putAttributes (78 bytes)
Event: 5.102 Thread 0x00000242a3f44410 nmethod 6224 0x000002428f97b690 code [0x000002428f97b820, 0x000002428f97b948]
Event: 5.102 Thread 0x00000242a3ceda10 6226       1       org.gradle.internal.metaobject.BeanDynamicObject::access$500 (5 bytes)
Event: 5.102 Thread 0x00000242a3ceda10 nmethod 6226 0x000002428f97b390 code [0x000002428f97b520, 0x000002428f97b5d8]
Event: 5.103 Thread 0x00000242a3ceda10 6227       3       org.gradle.internal.instantiation.generator.AbstractClassGenerator$InjectionAnnotationValidator::validateMethod (502 bytes)
Event: 5.103 Thread 0x00000242a3f44410 6228       4       org.gradle.internal.instantiation.generator.AbstractClassGenerator::assertNotAbstract (61 bytes)
Event: 5.104 Thread 0x00000242a3f44410 nmethod 6228 0x000002428f97b010 code [0x000002428f97b180, 0x000002428f97b278]
Event: 5.104 Thread 0x00000242a4352e40 nmethod 6225 0x000002428f97a610 code [0x000002428f97a7c0, 0x000002428f97ac48]
Event: 5.105 Thread 0x00000242a3ceda10 nmethod 6227 0x00000242888fff10 code [0x00000242889007e0, 0x0000024288906648]
Event: 5.111 Thread 0x00000242a4352e40 6229       4       java.lang.Integer::getChars (131 bytes)
Event: 5.111 Thread 0x00000242a3ceda10 6230   !   3       com.sun.jmx.mbeanserver.Introspector::descriptorForAnnotations (242 bytes)

GC Heap History (20 events):
Event: 3.019 GC heap after
{Heap after GC invocations=12 (full 0):
 garbage-first heap   total 69632K, used 28470K [0x0000000702a00000, 0x0000000800000000)
  region size 2048K, 2 young (4096K), 2 survivors (4096K)
 Metaspace       used 41448K, committed 41728K, reserved 1089536K
  class space    used 5399K, committed 5504K, reserved 1048576K
}
Event: 3.259 GC heap before
{Heap before GC invocations=12 (full 0):
 garbage-first heap   total 69632K, used 48950K [0x0000000702a00000, 0x0000000800000000)
  region size 2048K, 13 young (26624K), 2 survivors (4096K)
 Metaspace       used 44224K, committed 44544K, reserved 1089536K
  class space    used 5715K, committed 5888K, reserved 1048576K
}
Event: 3.261 GC heap after
{Heap after GC invocations=13 (full 0):
 garbage-first heap   total 90112K, used 30308K [0x0000000702a00000, 0x0000000800000000)
  region size 2048K, 1 young (2048K), 1 survivors (2048K)
 Metaspace       used 44224K, committed 44544K, reserved 1089536K
  class space    used 5715K, committed 5888K, reserved 1048576K
}
Event: 3.660 GC heap before
{Heap before GC invocations=13 (full 0):
 garbage-first heap   total 90112K, used 67172K [0x0000000702a00000, 0x0000000800000000)
  region size 2048K, 19 young (38912K), 1 survivors (2048K)
 Metaspace       used 47728K, committed 48064K, reserved 1097728K
  class space    used 6264K, committed 6400K, reserved 1048576K
}
Event: 3.663 GC heap after
{Heap after GC invocations=14 (full 0):
 garbage-first heap   total 90112K, used 32207K [0x0000000702a00000, 0x0000000800000000)
  region size 2048K, 2 young (4096K), 2 survivors (4096K)
 Metaspace       used 47728K, committed 48064K, reserved 1097728K
  class space    used 6264K, committed 6400K, reserved 1048576K
}
Event: 4.067 GC heap before
{Heap before GC invocations=14 (full 0):
 garbage-first heap   total 90112K, used 71119K [0x0000000702a00000, 0x0000000800000000)
  region size 2048K, 20 young (40960K), 2 survivors (4096K)
 Metaspace       used 49321K, committed 49728K, reserved 1097728K
  class space    used 6475K, committed 6656K, reserved 1048576K
}
Event: 4.071 GC heap after
{Heap after GC invocations=15 (full 0):
 garbage-first heap   total 90112K, used 42375K [0x0000000702a00000, 0x0000000800000000)
  region size 2048K, 3 young (6144K), 3 survivors (6144K)
 Metaspace       used 49321K, committed 49728K, reserved 1097728K
  class space    used 6475K, committed 6656K, reserved 1048576K
}
Event: 4.273 GC heap before
{Heap before GC invocations=15 (full 0):
 garbage-first heap   total 90112K, used 66951K [0x0000000702a00000, 0x0000000800000000)
  region size 2048K, 15 young (30720K), 3 survivors (6144K)
 Metaspace       used 52205K, committed 52608K, reserved 1097728K
  class space    used 6881K, committed 7104K, reserved 1048576K
}
Event: 4.276 GC heap after
{Heap after GC invocations=16 (full 0):
 garbage-first heap   total 90112K, used 48504K [0x0000000702a00000, 0x0000000800000000)
  region size 2048K, 2 young (4096K), 2 survivors (4096K)
 Metaspace       used 52205K, committed 52608K, reserved 1097728K
  class space    used 6881K, committed 7104K, reserved 1048576K
}
Event: 4.500 GC heap before
{Heap before GC invocations=16 (full 0):
 garbage-first heap   total 90112K, used 68984K [0x0000000702a00000, 0x0000000800000000)
  region size 2048K, 12 young (24576K), 2 survivors (4096K)
 Metaspace       used 56790K, committed 57216K, reserved 1105920K
  class space    used 7403K, committed 7616K, reserved 1048576K
}
Event: 4.502 GC heap after
{Heap after GC invocations=17 (full 0):
 garbage-first heap   total 90112K, used 49691K [0x0000000702a00000, 0x0000000800000000)
  region size 2048K, 1 young (2048K), 1 survivors (2048K)
 Metaspace       used 56790K, committed 57216K, reserved 1105920K
  class space    used 7403K, committed 7616K, reserved 1048576K
}
Event: 4.700 GC heap before
{Heap before GC invocations=18 (full 0):
 garbage-first heap   total 92160K, used 68123K [0x0000000702a00000, 0x0000000800000000)
  region size 2048K, 11 young (22528K), 1 survivors (2048K)
 Metaspace       used 59232K, committed 59648K, reserved 1105920K
  class space    used 7744K, committed 7936K, reserved 1048576K
}
Event: 4.703 GC heap after
{Heap after GC invocations=19 (full 0):
 garbage-first heap   total 92160K, used 52066K [0x0000000702a00000, 0x0000000800000000)
  region size 2048K, 2 young (4096K), 2 survivors (4096K)
 Metaspace       used 59232K, committed 59648K, reserved 1105920K
  class space    used 7744K, committed 7936K, reserved 1048576K
}
Event: 4.721 GC heap before
{Heap before GC invocations=19 (full 0):
 garbage-first heap   total 92160K, used 54114K [0x0000000702a00000, 0x0000000800000000)
  region size 2048K, 3 young (6144K), 2 survivors (4096K)
 Metaspace       used 59435K, committed 59840K, reserved 1105920K
  class space    used 7768K, committed 7936K, reserved 1048576K
}
Event: 4.726 GC heap after
{Heap after GC invocations=20 (full 0):
 garbage-first heap   total 92160K, used 52168K [0x0000000702a00000, 0x0000000800000000)
  region size 2048K, 1 young (2048K), 1 survivors (2048K)
 Metaspace       used 59435K, committed 59840K, reserved 1105920K
  class space    used 7768K, committed 7936K, reserved 1048576K
}
Event: 4.878 GC heap before
{Heap before GC invocations=20 (full 0):
 garbage-first heap   total 92160K, used 70600K [0x0000000702a00000, 0x0000000800000000)
  region size 2048K, 10 young (20480K), 1 survivors (2048K)
 Metaspace       used 61526K, committed 61952K, reserved 1105920K
  class space    used 8048K, committed 8256K, reserved 1048576K
}
Event: 4.880 GC heap after
{Heap after GC invocations=21 (full 0):
 garbage-first heap   total 92160K, used 52963K [0x0000000702a00000, 0x0000000800000000)
  region size 2048K, 1 young (2048K), 1 survivors (2048K)
 Metaspace       used 61526K, committed 61952K, reserved 1105920K
  class space    used 8048K, committed 8256K, reserved 1048576K
}
Event: 5.093 GC heap before
{Heap before GC invocations=22 (full 0):
 garbage-first heap   total 100352K, used 69347K [0x0000000702a00000, 0x0000000800000000)
  region size 2048K, 10 young (20480K), 1 survivors (2048K)
 Metaspace       used 64946K, committed 65408K, reserved 1105920K
  class space    used 8437K, committed 8640K, reserved 1048576K
}
Event: 5.095 GC heap after
{Heap after GC invocations=23 (full 0):
 garbage-first heap   total 100352K, used 54088K [0x0000000702a00000, 0x0000000800000000)
  region size 2048K, 2 young (4096K), 2 survivors (4096K)
 Metaspace       used 64946K, committed 65408K, reserved 1105920K
  class space    used 8437K, committed 8640K, reserved 1048576K
}
Event: 5.111 GC heap before
{Heap before GC invocations=23 (full 0):
 garbage-first heap   total 100352K, used 56136K [0x0000000702a00000, 0x0000000800000000)
  region size 2048K, 3 young (6144K), 2 survivors (4096K)
 Metaspace       used 65176K, committed 65600K, reserved 1114112K
  class space    used 8480K, committed 8704K, reserved 1048576K
}

Dll operation events (2 events):
Event: 0.008 Loaded shared library C:\Program Files\Android\Android Studio\jbr\bin\java.dll
Event: 0.301 Loaded shared library C:\Program Files\Android\Android Studio\jbr\bin\verify.dll

Deoptimization events (20 events):
Event: 5.073 Thread 0x00000242a6480800 Uncommon trap: trap_request=0xffffff45 fr.pc=0x000002428f9eece0 relative=0x0000000000000240
Event: 5.073 Thread 0x00000242a6480800 Uncommon trap: reason=unstable_if action=reinterpret pc=0x000002428f9eece0 method=java.util.StringTokenizer.skipDelimiters(I)I @ 21 c2
Event: 5.073 Thread 0x00000242a6480800 DEOPT PACKING pc=0x000002428f9eece0 sp=0x000000d0d61f6f30
Event: 5.073 Thread 0x00000242a6480800 DEOPT UNPACKING pc=0x000002428f3c69a3 sp=0x000000d0d61f6ed0 mode 2
Event: 5.073 Thread 0x00000242a6480800 Uncommon trap: trap_request=0xffffff45 fr.pc=0x000002428f9ee594 relative=0x0000000000000274
Event: 5.073 Thread 0x00000242a6480800 Uncommon trap: reason=unstable_if action=reinterpret pc=0x000002428f9ee594 method=java.util.StringTokenizer.scanToken(I)I @ 96 c2
Event: 5.073 Thread 0x00000242a6480800 DEOPT PACKING pc=0x000002428f9ee594 sp=0x000000d0d61f6f30
Event: 5.073 Thread 0x00000242a6480800 DEOPT UNPACKING pc=0x000002428f3c69a3 sp=0x000000d0d61f6ed0 mode 2
Event: 5.081 Thread 0x00000242a6480800 DEOPT PACKING pc=0x0000024288151f66 sp=0x000000d0d61f7930
Event: 5.081 Thread 0x00000242a6480800 DEOPT UNPACKING pc=0x000002428f3c7143 sp=0x000000d0d61f6df8 mode 0
Event: 5.081 Thread 0x00000242a6480800 DEOPT PACKING pc=0x00000242884200e5 sp=0x000000d0d61f7900
Event: 5.081 Thread 0x00000242a6480800 DEOPT UNPACKING pc=0x000002428f3c7143 sp=0x000000d0d61f6df0 mode 0
Event: 5.082 Thread 0x00000242a6480800 DEOPT PACKING pc=0x0000024288151f66 sp=0x000000d0d61f7930
Event: 5.082 Thread 0x00000242a6480800 DEOPT UNPACKING pc=0x000002428f3c7143 sp=0x000000d0d61f6df8 mode 0
Event: 5.082 Thread 0x00000242a6480800 DEOPT PACKING pc=0x00000242884200e5 sp=0x000000d0d61f7900
Event: 5.082 Thread 0x00000242a6480800 DEOPT UNPACKING pc=0x000002428f3c7143 sp=0x000000d0d61f6df0 mode 0
Event: 5.083 Thread 0x00000242a6480800 Uncommon trap: trap_request=0xffffff45 fr.pc=0x000002428f9d07b0 relative=0x0000000000000590
Event: 5.083 Thread 0x00000242a6480800 Uncommon trap: reason=unstable_if action=reinterpret pc=0x000002428f9d07b0 method=java.lang.String.replace(CC)Ljava/lang/String; @ 2 c2
Event: 5.083 Thread 0x00000242a6480800 DEOPT PACKING pc=0x000002428f9d07b0 sp=0x000000d0d61f7a10
Event: 5.083 Thread 0x00000242a6480800 DEOPT UNPACKING pc=0x000002428f3c69a3 sp=0x000000d0d61f79c0 mode 2

Classes unloaded (0 events):
No events

Classes redefined (0 events):
No events

Internal exceptions (20 events):
Event: 4.228 Thread 0x00000242a6480800 Exception <a 'java/lang/NoSuchMethodError'{0x0000000706f8ebf0}: 'java.lang.Object java.lang.invoke.DirectMethodHandle$Holder.newInvokeSpecial(java.lang.Object, java.lang.Object, java.lang.Object, java.lang.Object, int)'> (0x0000000706f8ebf0) 
thrown [s\src\hotspot\share\interpreter\linkResolver.cpp, line 771]
Event: 4.228 Thread 0x00000242a6480800 Exception <a 'java/lang/NoSuchMethodError'{0x0000000706f941c0}: 'java.lang.Object java.lang.invoke.DirectMethodHandle$Holder.invokeSpecial(java.lang.Object, java.lang.Object, java.lang.Object, java.lang.Object, java.lang.Object, int)'> (0x0000000706f941c0) 
thrown [s\src\hotspot\share\interpreter\linkResolver.cpp, line 771]
Event: 4.229 Thread 0x00000242a6480800 Exception <a 'java/lang/NoSuchMethodError'{0x0000000706f99380}: 'java.lang.Object java.lang.invoke.Invokers$Holder.linkToTargetMethod(java.lang.Object, java.lang.Object, java.lang.Object, int, java.lang.Object)'> (0x0000000706f99380) 
thrown [s\src\hotspot\share\interpreter\linkResolver.cpp, line 771]
Event: 4.366 Thread 0x00000242a6480800 Exception <a 'java/lang/IncompatibleClassChangeError'{0x000000070efebfd0}: Found class java.lang.Object, but interface was expected> (0x000000070efebfd0) 
thrown [s\src\hotspot\share\interpreter\linkResolver.cpp, line 838]
Event: 4.468 Thread 0x00000242a6480800 Exception <a 'java/lang/NoSuchMethodError'{0x00000007070c2f40}: 'void java.lang.invoke.DirectMethodHandle$Holder.invokeInterface(java.lang.Object, java.lang.Object, java.lang.Object, java.lang.Object)'> (0x00000007070c2f40) 
thrown [s\src\hotspot\share\interpreter\linkResolver.cpp, line 771]
Event: 4.545 Thread 0x00000242a6480800 Implicit null exception at 0x000002428fb6e660 to 0x000002428fb6e820
Event: 4.545 Thread 0x00000242a6480800 Implicit null exception at 0x000002428fb3fb89 to 0x000002428fb418f0
Event: 4.618 Thread 0x00000242a6480800 Implicit null exception at 0x000002428fad458c to 0x000002428fad46c6
Event: 5.043 Thread 0x00000242a6480800 Exception <a 'java/lang/NoSuchMethodError'{0x0000000707e14388}: 'int java.lang.invoke.DirectMethodHandle$Holder.invokeInterface(java.lang.Object, java.lang.Object, java.lang.Object, java.lang.Object)'> (0x0000000707e14388) 
thrown [s\src\hotspot\share\interpreter\linkResolver.cpp, line 771]
Event: 5.070 Thread 0x00000242a6480800 Exception <a 'java/lang/IncompatibleClassChangeError'{0x0000000707c65e90}: Found class java.lang.Object, but interface was expected> (0x0000000707c65e90) 
thrown [s\src\hotspot\share\interpreter\linkResolver.cpp, line 838]
Event: 5.086 Thread 0x00000242a6480800 Exception <a 'java/lang/ClassNotFoundException'{0x0000000707def338}: org/gradle/api/internal/project/DefaultAntBuilderBeanInfo> (0x0000000707def338) 
thrown [s\src\hotspot\share\classfile\systemDictionary.cpp, line 256]
Event: 5.086 Thread 0x00000242a6480800 Exception <a 'java/lang/ClassNotFoundException'{0x0000000707a03180}: org/gradle/api/internal/project/ant/BasicAntBuilderBeanInfo> (0x0000000707a03180) 
thrown [s\src\hotspot\share\classfile\systemDictionary.cpp, line 256]
Event: 5.087 Thread 0x00000242a6480800 Exception <a 'java/lang/ClassNotFoundException'{0x0000000707a16030}: org/gradle/api/AntBuilderBeanInfo> (0x0000000707a16030) 
thrown [s\src\hotspot\share\classfile\systemDictionary.cpp, line 256]
Event: 5.087 Thread 0x00000242a6480800 Exception <a 'java/lang/ClassNotFoundException'{0x0000000707a7a460}: groovy/util/AntBuilderBeanInfo> (0x0000000707a7a460) 
thrown [s\src\hotspot\share\classfile\systemDictionary.cpp, line 256]
Event: 5.088 Thread 0x00000242a6480800 Exception <a 'java/lang/ClassNotFoundException'{0x0000000707ade9d8}: groovy/util/BuilderSupportBeanInfo> (0x0000000707ade9d8) 
thrown [s\src\hotspot\share\classfile\systemDictionary.cpp, line 256]
Event: 5.089 Thread 0x00000242a6480800 Exception <a 'java/lang/ClassNotFoundException'{0x0000000707b42f00}: groovy/util/BuilderSupportCustomizer> (0x0000000707b42f00) 
thrown [s\src\hotspot\share\classfile\systemDictionary.cpp, line 256]
Event: 5.090 Thread 0x00000242a6480800 Exception <a 'java/lang/ClassNotFoundException'{0x0000000707ba9658}: groovy/util/AntBuilderCustomizer> (0x0000000707ba9658) 
thrown [s\src\hotspot\share\classfile\systemDictionary.cpp, line 256]
Event: 5.091 Thread 0x00000242a6480800 Exception <a 'java/lang/ClassNotFoundException'{0x0000000707bc18d8}: org/gradle/api/AntBuilderCustomizer> (0x0000000707bc18d8) 
thrown [s\src\hotspot\share\classfile\systemDictionary.cpp, line 256]
Event: 5.092 Thread 0x00000242a6480800 Exception <a 'java/lang/ClassNotFoundException'{0x0000000707be0388}: org/gradle/api/internal/project/ant/BasicAntBuilderCustomizer> (0x0000000707be0388) 
thrown [s\src\hotspot\share\classfile\systemDictionary.cpp, line 256]
Event: 5.095 Thread 0x00000242a6480800 Exception <a 'java/lang/ClassNotFoundException'{0x0000000712606b08}: org/gradle/api/internal/project/DefaultAntBuilderCustomizer> (0x0000000712606b08) 
thrown [s\src\hotspot\share\classfile\systemDictionary.cpp, line 256]

VM Operations (20 events):
Event: 4.703 Executing VM operation: G1CollectForAllocation done
Event: 4.721 Executing VM operation: G1CollectForAllocation
Event: 4.726 Executing VM operation: G1CollectForAllocation done
Event: 4.878 Executing VM operation: G1CollectForAllocation
Event: 4.880 Executing VM operation: G1CollectForAllocation done
Event: 4.901 Executing VM operation: G1Concurrent
Event: 4.903 Executing VM operation: G1Concurrent done
Event: 4.914 Executing VM operation: G1Concurrent
Event: 4.915 Executing VM operation: G1Concurrent done
Event: 4.981 Executing VM operation: HandshakeAllThreads
Event: 4.981 Executing VM operation: HandshakeAllThreads done
Event: 5.038 Executing VM operation: HandshakeAllThreads
Event: 5.039 Executing VM operation: HandshakeAllThreads done
Event: 5.043 Executing VM operation: HandshakeAllThreads
Event: 5.043 Executing VM operation: HandshakeAllThreads done
Event: 5.059 Executing VM operation: HandshakeAllThreads
Event: 5.059 Executing VM operation: HandshakeAllThreads done
Event: 5.093 Executing VM operation: G1CollectForAllocation
Event: 5.095 Executing VM operation: G1CollectForAllocation done
Event: 5.111 Executing VM operation: G1CollectForAllocation

Events (20 events):
Event: 5.014 loading class com/sun/org/apache/xerces/internal/dom/AttrImpl done
Event: 5.014 loading class com/sun/org/apache/xerces/internal/dom/DeferredAttrImpl done
Event: 5.059 loading class java/net/SocketTimeoutException
Event: 5.059 loading class java/net/SocketTimeoutException done
Event: 5.069 loading class org/xml/sax/ContentHandler
Event: 5.069 loading class org/xml/sax/ContentHandler done
Event: 5.069 loading class org/xml/sax/EntityResolver
Event: 5.069 loading class org/xml/sax/EntityResolver done
Event: 5.069 loading class org/xml/sax/ErrorHandler
Event: 5.069 loading class org/xml/sax/ErrorHandler done
Event: 5.069 loading class org/xml/sax/DTDHandler
Event: 5.069 loading class org/xml/sax/DTDHandler done
Event: 5.073 loading class java/util/Spliterators$IntArraySpliterator
Event: 5.073 loading class java/util/Spliterators$IntArraySpliterator done
Event: 5.075 loading class java/text/ParsePosition
Event: 5.075 loading class java/text/ParsePosition done
Event: 5.079 loading class java/text/CharacterIterator
Event: 5.079 loading class java/text/CharacterIterator done
Event: 5.106 loading class java/time/format/DateTimeFormatterBuilder$WeekBasedFieldPrinterParser
Event: 5.106 loading class java/time/format/DateTimeFormatterBuilder$WeekBasedFieldPrinterParser done


Dynamic libraries:
0x00007ff7226c0000 - 0x00007ff7226ca000 	C:\Program Files\Android\Android Studio\jbr\bin\java.exe
0x00007fff13530000 - 0x00007fff13728000 	C:\WINDOWS\SYSTEM32\ntdll.dll
0x00007fff12470000 - 0x00007fff1252f000 	C:\WINDOWS\System32\KERNEL32.DLL
0x00007fff10c10000 - 0x00007fff10f06000 	C:\WINDOWS\System32\KERNELBASE.dll
0x00007fff11030000 - 0x00007fff11130000 	C:\WINDOWS\System32\ucrtbase.dll
0x00007fff07140000 - 0x00007fff07157000 	C:\Program Files\Android\Android Studio\jbr\bin\jli.dll
0x00007fff0aea0000 - 0x00007fff0aebb000 	C:\Program Files\Android\Android Studio\jbr\bin\VCRUNTIME140.dll
0x00007fff12830000 - 0x00007fff129cd000 	C:\WINDOWS\System32\USER32.dll
0x00007fff11130000 - 0x00007fff11152000 	C:\WINDOWS\System32\win32u.dll
0x00007fff12b20000 - 0x00007fff12b4c000 	C:\WINDOWS\System32\GDI32.dll
0x00007fff10f10000 - 0x00007fff11025000 	C:\WINDOWS\System32\gdi32full.dll
0x00007fff03160000 - 0x00007fff033fa000 	C:\WINDOWS\WinSxS\amd64_microsoft.windows.common-controls_6595b64144ccf1df_6.0.19041.1110_none_60b5254171f9507e\COMCTL32.dll
0x00007fff11160000 - 0x00007fff111fd000 	C:\WINDOWS\System32\msvcp_win.dll
0x00007fff11590000 - 0x00007fff1162e000 	C:\WINDOWS\System32\msvcrt.dll
0x00007fff12c60000 - 0x00007fff12c90000 	C:\WINDOWS\System32\IMM32.DLL
0x00007fff0b730000 - 0x00007fff0b73c000 	C:\Program Files\Android\Android Studio\jbr\bin\vcruntime140_1.dll
0x00007fff02ed0000 - 0x00007fff02f5d000 	C:\Program Files\Android\Android Studio\jbr\bin\msvcp140.dll
0x00007ffe953b0000 - 0x00007ffe9601e000 	C:\Program Files\Android\Android Studio\jbr\bin\server\jvm.dll
0x00007fff12a70000 - 0x00007fff12b1f000 	C:\WINDOWS\System32\ADVAPI32.dll
0x00007fff129d0000 - 0x00007fff12a6c000 	C:\WINDOWS\System32\sechost.dll
0x00007fff11720000 - 0x00007fff11846000 	C:\WINDOWS\System32\RPCRT4.dll
0x00007fff05430000 - 0x00007fff05457000 	C:\WINDOWS\SYSTEM32\WINMM.dll
0x00007ffeefec0000 - 0x00007ffeefec9000 	C:\WINDOWS\SYSTEM32\WSOCK32.dll
0x00007fff0acb0000 - 0x00007fff0acba000 	C:\WINDOWS\SYSTEM32\VERSION.dll
0x00007fff12600000 - 0x00007fff1266b000 	C:\WINDOWS\System32\WS2_32.dll
0x00007fff0ead0000 - 0x00007fff0eae2000 	C:\WINDOWS\SYSTEM32\kernel.appcore.dll
0x00007fff0e1f0000 - 0x00007fff0e1fa000 	C:\Program Files\Android\Android Studio\jbr\bin\jimage.dll
0x00007fff071d0000 - 0x00007fff073b4000 	C:\WINDOWS\SYSTEM32\DBGHELP.DLL
0x00007ffee3850000 - 0x00007ffee3884000 	C:\WINDOWS\SYSTEM32\dbgcore.DLL
0x00007fff11500000 - 0x00007fff11582000 	C:\WINDOWS\System32\bcryptPrimitives.dll
0x00007fff09160000 - 0x00007fff09185000 	C:\Program Files\Android\Android Studio\jbr\bin\java.dll
0x00007fff0b830000 - 0x00007fff0b848000 	C:\Program Files\Android\Android Studio\jbr\bin\zip.dll
0x00007fff11cc0000 - 0x00007fff12404000 	C:\WINDOWS\System32\SHELL32.dll
0x00007fff0ecd0000 - 0x00007fff0f463000 	C:\WINDOWS\SYSTEM32\windows.storage.dll
0x00007fff12ca0000 - 0x00007fff12ff4000 	C:\WINDOWS\System32\combase.dll
0x00007fff10580000 - 0x00007fff105ae000 	C:\WINDOWS\SYSTEM32\Wldp.dll
0x00007fff13080000 - 0x00007fff1312d000 	C:\WINDOWS\System32\SHCORE.dll
0x00007fff11630000 - 0x00007fff11685000 	C:\WINDOWS\System32\shlwapi.dll
0x00007fff10b40000 - 0x00007fff10b65000 	C:\WINDOWS\SYSTEM32\profapi.dll
0x00007fff0ae80000 - 0x00007fff0ae99000 	C:\Program Files\Android\Android Studio\jbr\bin\net.dll
0x00007fff0b270000 - 0x00007fff0b37a000 	C:\WINDOWS\SYSTEM32\WINHTTP.dll
0x00007fff102e0000 - 0x00007fff1034a000 	C:\WINDOWS\system32\mswsock.dll
0x00007fff092a0000 - 0x00007fff092b6000 	C:\Program Files\Android\Android Studio\jbr\bin\nio.dll
0x00007fff0c5a0000 - 0x00007fff0c5b0000 	C:\Program Files\Android\Android Studio\jbr\bin\verify.dll
0x00007fff04060000 - 0x00007fff04087000 	C:\Users\lee\.gradle\native\e1d6ef7f7dcc3fd88c89a11ec53ec762bb8ba0a96d01ffa2cd45eb1d1d8dd5c5\windows-amd64\native-platform.dll
0x00007ffeca6f0000 - 0x00007ffeca834000 	C:\Users\lee\.gradle\native\5664cfc778a61ccfe75a443a1ab52a65af34e5dc3c78e0209fed803814484fcb\windows-amd64\native-platform-file-events.dll
0x00007fff0ba10000 - 0x00007fff0ba19000 	C:\Program Files\Android\Android Studio\jbr\bin\management.dll
0x00007fff0b800000 - 0x00007fff0b80b000 	C:\Program Files\Android\Android Studio\jbr\bin\management_ext.dll
0x00007fff11710000 - 0x00007fff11718000 	C:\WINDOWS\System32\PSAPI.DLL
0x00007fff104e0000 - 0x00007fff104f8000 	C:\WINDOWS\SYSTEM32\CRYPTSP.dll
0x00007fff0fbf0000 - 0x00007fff0fc24000 	C:\WINDOWS\system32\rsaenh.dll
0x00007fff114d0000 - 0x00007fff114f7000 	C:\WINDOWS\System32\bcrypt.dll
0x00007fff10a70000 - 0x00007fff10a9e000 	C:\WINDOWS\SYSTEM32\USERENV.dll
0x00007fff104d0000 - 0x00007fff104dc000 	C:\WINDOWS\SYSTEM32\CRYPTBASE.dll
0x00007fff0ffd0000 - 0x00007fff1000b000 	C:\WINDOWS\SYSTEM32\IPHLPAPI.DLL
0x00007fff12670000 - 0x00007fff12678000 	C:\WINDOWS\System32\NSI.dll
0x00007fff098e0000 - 0x00007fff098f7000 	C:\WINDOWS\SYSTEM32\dhcpcsvc6.DLL
0x00007fff09870000 - 0x00007fff0988d000 	C:\WINDOWS\SYSTEM32\dhcpcsvc.DLL
0x00007fff10010000 - 0x00007fff100da000 	C:\WINDOWS\SYSTEM32\DNSAPI.dll
0x00007ffe6f560000 - 0x00007ffe6f567000 	C:\WINDOWS\system32\wshunix.dll

dbghelp: loaded successfully - version: 4.0.5 - missing functions: none
symbol engine: initialized successfully - sym options: 0x614 - pdb path: .;C:\Program Files\Android\Android Studio\jbr\bin;C:\WINDOWS\SYSTEM32;C:\WINDOWS\WinSxS\amd64_microsoft.windows.common-controls_6595b64144ccf1df_6.0.19041.1110_none_60b5254171f9507e;C:\Program Files\Android\Android Studio\jbr\bin\server;C:\Users\lee\.gradle\native\e1d6ef7f7dcc3fd88c89a11ec53ec762bb8ba0a96d01ffa2cd45eb1d1d8dd5c5\windows-amd64;C:\Users\lee\.gradle\native\5664cfc778a61ccfe75a443a1ab52a65af34e5dc3c78e0209fed803814484fcb\windows-amd64

VM Arguments:
jvm_args: --add-opens=java.base/java.io=ALL-UNNAMED --add-opens=java.base/java.util=ALL-UNNAMED --add-opens=java.base/java.lang=ALL-UNNAMED --add-opens=java.base/java.lang.invoke=ALL-UNNAMED --add-opens=java.base/java.util=ALL-UNNAMED --add-opens=java.prefs/java.util.prefs=ALL-UNNAMED --add-opens=java.prefs/java.util.prefs=ALL-UNNAMED --add-opens=java.base/java.nio.charset=ALL-UNNAMED --add-opens=java.base/java.net=ALL-UNNAMED --add-opens=java.base/java.util.concurrent.atomic=ALL-UNNAMED -Dfile.encoding=x-windows-949 -Duser.country=KR -Duser.language=ko -Duser.variant 
java_command: org.gradle.launcher.daemon.bootstrap.GradleDaemon 7.2
java_class_path (initial): C:\Users\lee\.gradle\wrapper\dists\gradle-7.2-bin\2dnblmf4td7x66yl1d74lt32g\gradle-7.2\lib\gradle-launcher-7.2.jar
Launcher Type: SUN_STANDARD

[Global flags]
     intx CICompilerCount                          = 4                                         {product} {ergonomic}
     uint ConcGCThreads                            = 2                                         {product} {ergonomic}
     uint G1ConcRefinementThreads                  = 8                                         {product} {ergonomic}
   size_t G1HeapRegionSize                         = 2097152                                   {product} {ergonomic}
    uintx GCDrainStackTargetSize                   = 64                                        {product} {ergonomic}
   size_t InitialHeapSize                          = 266338304                                 {product} {ergonomic}
   size_t MarkStackSize                            = 4194304                                   {product} {ergonomic}
   size_t MaxHeapSize                              = 4250927104                                {product} {ergonomic}
   size_t MaxNewSize                               = 2550136832                                {product} {ergonomic}
   size_t MinHeapDeltaBytes                        = 2097152                                   {product} {ergonomic}
   size_t MinHeapSize                              = 8388608                                   {product} {ergonomic}
    uintx NonNMethodCodeHeapSize                   = 5839372                                {pd product} {ergonomic}
    uintx NonProfiledCodeHeapSize                  = 122909434                              {pd product} {ergonomic}
    uintx ProfiledCodeHeapSize                     = 122909434                              {pd product} {ergonomic}
    uintx ReservedCodeCacheSize                    = 251658240                              {pd product} {ergonomic}
     bool SegmentedCodeCache                       = true                                      {product} {ergonomic}
   size_t SoftMaxHeapSize                          = 4250927104                             {manageable} {ergonomic}
     bool UseCompressedClassPointers               = true                           {product lp64_product} {ergonomic}
     bool UseCompressedOops                        = true                           {product lp64_product} {ergonomic}
     bool UseG1GC                                  = true                                      {product} {ergonomic}
     bool UseLargePagesIndividualAllocation        = false                                  {pd product} {ergonomic}

Logging:
Log output configuration:
 #0: stdout all=warning uptime,level,tags
 #1: stderr all=off uptime,level,tags

Environment Variables:
PATH=C:\app\lee\product\21c\dbhomeXE\bin;C:\Users\lee\Downloads\WINDOWS.X64_193000_db_home\bin;C:\Windows\system32;C:\Windows;C:\Windows\System32\Wbem;C:\Windows\System32\WindowsPowerShell\v1.0\;C:\Windows\System32\OpenSSH\;C:\Program Files (x86)\NVIDIA Corporation\PhysX\Common;C:\Program Files\NVIDIA Corporation\NVIDIA NvDLISR;C:\WINDOWS\system32;C:\WINDOWS;C:\WINDOWS\System32\Wbem;C:\WINDOWS\System32\WindowsPowerShell\v1.0\;C:\WINDOWS\System32\OpenSSH\;C:\Program Files (x86)\NetSarang\Xshell 7\;C:\Program Files\Bandizip\;C:\Users\lee\AppData\Local\Programs\Python\Python310\Scripts\;C:\Users\lee\AppData\Local\Programs\Python\Python310\;C:\Users\lee\AppData\Local\Microsoft\WindowsApps;C:\Users\lee\AppData\Local\GitHubDesktop\bin;C:\Users\lee\AppData\Local\Programs\Microsoft VS Code\bin
USERNAME=lee
OS=Windows_NT
PROCESSOR_IDENTIFIER=Intel64 Family 6 Model 165 Stepping 3, GenuineIntel
TMP=C:\Users\lee\AppData\Local\Temp
TEMP=C:\Users\lee\AppData\Local\Temp


JNI global refs:
JNI global refs: 25, weak refs: 0

JNI global refs memory usage: 843, weak refs: 841


---------------  S Y S T E M  ---------------

OS:
 Windows 10 , 64 bit Build 19041 (10.0.19041.3155)
OS uptime: 1 days 14:59 hours

CPU: total 8 (initial active 8) (4 cores per cpu, 2 threads per core) family 6 model 165 stepping 3 microcode 0xca, cx8, cmov, fxsr, ht, mmx, 3dnowpref, sse, sse2, sse3, ssse3, sse4.1, sse4.2, popcnt, lzcnt, tsc, tscinvbit, avx, avx2, aes, erms, clmul, bmi1, bmi2, adx, fma, vzeroupper, clflush, clflushopt

Memory: 4k page, system-wide physical 16210M (1957M free)
TotalPageFile size 54113M (AvailPageFile size 46M)
current process WorkingSet (physical memory assigned to process): 302M, peak: 302M
current process commit charge ("private bytes"): 336M, peak: 396M

vm_info: OpenJDK 64-Bit Server VM (17.0.6+0-b2043.56-10027231) for windows-amd64 JRE (17.0.6+0-b2043.56-10027231), built on Apr 28 2023 00:43:19 by "androidbuild" with MS VC++ 16.10 / 16.11 (VS2019)

END.
