#
# There is insufficient memory for the Java Runtime Environment to continue.
# Native memory allocation (malloc) failed to allocate 1875856 bytes for Chunk::new
# Possible reasons:
#   The system is out of physical RAM or swap space
#   The process is running with CompressedOops enabled, and the Java Heap may be blocking the growth of the native heap
# Possible solutions:
#   Reduce memory load on the system
#   Increase physical memory or swap space
#   Check if swap backing store is full
#   Decrease Java heap size (-Xmx/-Xms)
#   Decrease number of Java threads
#   Decrease Java thread stack sizes (-Xss)
#   Set larger code cache with -XX:ReservedCodeCacheSize=
#   JVM is running with Zero Based Compressed Oops mode in which the Java heap is
#     placed in the first 32GB address space. The Java Heap base address is the
#     maximum limit for the native heap growth. Please use -XX:HeapBaseMinAddress
#     to set the Java Heap base and to place the Java Heap above 32GB virtual address.
# This output file may be truncated or incomplete.
#
#  Out of Memory Error (arena.cpp:189), pid=21356, tid=21996
#
# JRE version: OpenJDK Runtime Environment (17.0.6) (build 17.0.6+0-b2043.56-10027231)
# Java VM: OpenJDK 64-Bit Server VM (17.0.6+0-b2043.56-10027231, mixed mode, tiered, compressed oops, compressed class ptrs, g1 gc, windows-amd64)
# No core dump will be written. Minidumps are not enabled by default on client versions of Windows
#

---------------  S U M M A R Y ------------

Command Line: --add-opens=java.base/java.io=ALL-UNNAMED --add-opens=java.base/java.util=ALL-UNNAMED --add-opens=java.base/java.lang=ALL-UNNAMED --add-opens=java.base/java.lang.invoke=ALL-UNNAMED --add-opens=java.base/java.util=ALL-UNNAMED --add-opens=java.prefs/java.util.prefs=ALL-UNNAMED --add-opens=java.prefs/java.util.prefs=ALL-UNNAMED --add-opens=java.base/java.nio.charset=ALL-UNNAMED --add-opens=java.base/java.net=ALL-UNNAMED --add-opens=java.base/java.util.concurrent.atomic=ALL-UNNAMED -Dfile.encoding=x-windows-949 -Duser.country=KR -Duser.language=ko -Duser.variant org.gradle.launcher.daemon.bootstrap.GradleDaemon 7.2

Host: Intel(R) Core(TM) i3-10100 CPU @ 3.60GHz, 8 cores, 15G,  Windows 10 , 64 bit Build 19041 (10.0.19041.3155)
Time: Tue Aug 15 16:22:58 2023  Windows 10 , 64 bit Build 19041 (10.0.19041.3155) elapsed time: 10042.669028 seconds (0d 2h 47m 22s)

---------------  T H R E A D  ---------------

Current thread (0x00000278a7dbecc0):  JavaThread "C2 CompilerThread1" daemon [_thread_in_native, id=21996, stack(0x0000007de6700000,0x0000007de6800000)]


Current CompileTask:
C2:10042669 24961   !   4       org.gradle.internal.event.DefaultListenerManager::getBroadcasterInternal (155 bytes)

Stack: [0x0000007de6700000,0x0000007de6800000]
Native frames: (J=compiled Java code, j=interpreted, Vv=VM code, C=native code)
V  [jvm.dll+0x683c9a]
V  [jvm.dll+0x8427a4]
V  [jvm.dll+0x843f9e]
V  [jvm.dll+0x844603]
V  [jvm.dll+0x249b75]
V  [jvm.dll+0xabcac]
V  [jvm.dll+0xac27c]
V  [jvm.dll+0x368802]
V  [jvm.dll+0x332f31]
V  [jvm.dll+0x3323da]
V  [jvm.dll+0x21c201]
V  [jvm.dll+0x21b621]
V  [jvm.dll+0x1a4fdd]
V  [jvm.dll+0x22b098]
V  [jvm.dll+0x229159]
V  [jvm.dll+0x7f81ec]
V  [jvm.dll+0x7f274a]
V  [jvm.dll+0x682ad5]
C  [ucrtbase.dll+0x21bb2]
C  [KERNEL32.DLL+0x17614]
C  [ntdll.dll+0x526b1]


---------------  P R O C E S S  ---------------

Threads class SMR info:
_java_thread_list=0x00000278a819c0a0, length=143, elements={
0x0000027880d7a820, 0x00000278a2038060, 0x00000278a2039580, 0x00000278a2070030,
0x00000278a20708f0, 0x00000278a2072960, 0x00000278a2090f10, 0x00000278a2095d40,
0x00000278a20bb220, 0x00000278a20c4ea0, 0x00000278a224f030, 0x00000278a225a570,
0x00000278a4466900, 0x00000278a355ce60, 0x00000278a390d030, 0x00000278a3758d60,
0x00000278a3759230, 0x00000278a3759700, 0x00000278a5081260, 0x00000278a5081730,
0x00000278a50820d0, 0x00000278a5081c00, 0x00000278a5080d90, 0x00000278a5082a70,
0x00000278a50855c0, 0x00000278a5083db0, 0x00000278a5085a90, 0x00000278a7fdd860,
0x00000278a7fddd30, 0x00000278a7fdfa10, 0x00000278a7fde6d0, 0x00000278a2c97450,
0x00000278adf09cc0, 0x00000278aa0c5a00, 0x00000278aa0c41f0, 0x00000278aa0c3850,
0x00000278a2c94430, 0x00000278a2c982c0, 0x00000278a2c92280, 0x00000278aa0c2510,
0x00000278aa0c46c0, 0x00000278aa0c1b70, 0x00000278aa0c5ed0, 0x00000278aa0bf9c0,
0x00000278aa0bf020, 0x00000278aa0bf4f0, 0x00000278aa0c2eb0, 0x00000278aa0c3380,
0x00000278aa0c5530, 0x00000278aa0bfe90, 0x00000278aa0c0360, 0x00000278a45a63f0,
0x00000278a45a5a50, 0x00000278a459f070, 0x00000278a45a68c0, 0x00000278a459f540,
0x00000278a459fee0, 0x00000278a45a3d70, 0x00000278a45a2a30, 0x00000278a45a1bc0,
0x00000278a45a50b0, 0x00000278a45a03b0, 0x00000278a45a4240, 0x00000278a45a5580,
0x00000278a45a5f20, 0x00000278a45a0d50, 0x00000278a45a4710, 0x00000278a45a1220,
0x00000278a45a16f0, 0x00000278a45a2090, 0x00000278a45a4be0, 0x00000278a45a2560,
0x00000278a45a2f00, 0x00000278a45a33d0, 0x00000278a45a38a0, 0x00000278adf0a190,
0x00000278adf05e30, 0x00000278adf037b0, 0x00000278adf06ca0, 0x00000278adf084b0,
0x00000278adf04150, 0x00000278adf0b000, 0x00000278adf05490, 0x00000278adf0a660,
0x00000278adf06300, 0x00000278adf067d0, 0x00000278adf07fe0, 0x00000278adf04620,
0x00000278adf05960, 0x00000278adf08980, 0x00000278adf07170, 0x00000278adf08e50,
0x00000278adf07640, 0x00000278adf04af0, 0x00000278adf097f0, 0x00000278adf03c80,
0x00000278adf09320, 0x00000278adf0ab30, 0x00000278adf04fc0, 0x00000278a6f68d00,
0x00000278a6f65ce0, 0x00000278a6f62320, 0x00000278a6f63b30, 0x00000278a6f691d0,
0x00000278a6f644d0, 0x00000278a6f64000, 0x00000278a6f66b50, 0x00000278a6f674f0,
0x00000278a6f61980, 0x00000278a6f649a0, 0x00000278a6f66680, 0x00000278a6f679c0,
0x00000278a6f661b0, 0x00000278a6f61e50, 0x00000278a6f627f0, 0x00000278a6f65810,
0x00000278a6f68360, 0x00000278a6f64e70, 0x00000278a6f62cc0, 0x00000278a6f63190,
0x00000278a6f63660, 0x00000278a6f65340, 0x00000278a7fde200, 0x00000278a7fdc520,
0x00000278a7fdeba0, 0x00000278a7fd9500, 0x00000278a7fdf540, 0x00000278a7fd9030,
0x00000278a7fd8b60, 0x00000278a7fda840, 0x00000278a7fdfee0, 0x00000278a7dbecc0,
0x00000278a7fdbb80, 0x00000278a7fe03b0, 0x00000278a7fd99d0, 0x00000278a7fdc9f0,
0x00000278a7fdd390, 0x00000278a2c97920, 0x00000278a2c92750, 0x00000278a2c99130,
0x00000278a2c918e0, 0x00000278a2c98c60, 0x00000278a2c93f60
}

Java Threads: ( => current thread )
  0x0000027880d7a820 JavaThread "main" [_thread_blocked, id=2156, stack(0x0000007dde000000,0x0000007dde100000)]
  0x00000278a2038060 JavaThread "Reference Handler" daemon [_thread_blocked, id=23172, stack(0x0000007dde700000,0x0000007dde800000)]
  0x00000278a2039580 JavaThread "Finalizer" daemon [_thread_blocked, id=20532, stack(0x0000007dde800000,0x0000007dde900000)]
  0x00000278a2070030 JavaThread "Signal Dispatcher" daemon [_thread_blocked, id=24508, stack(0x0000007dde900000,0x0000007ddea00000)]
  0x00000278a20708f0 JavaThread "Attach Listener" daemon [_thread_blocked, id=24200, stack(0x0000007ddea00000,0x0000007ddeb00000)]
  0x00000278a2072960 JavaThread "Service Thread" daemon [_thread_blocked, id=21644, stack(0x0000007ddeb00000,0x0000007ddec00000)]
  0x00000278a2090f10 JavaThread "Monitor Deflation Thread" daemon [_thread_blocked, id=24708, stack(0x0000007ddec00000,0x0000007dded00000)]
  0x00000278a2095d40 JavaThread "C2 CompilerThread0" daemon [_thread_blocked, id=4276, stack(0x0000007dded00000,0x0000007ddee00000)]
  0x00000278a20bb220 JavaThread "C1 CompilerThread0" daemon [_thread_blocked, id=21048, stack(0x0000007ddee00000,0x0000007ddef00000)]
  0x00000278a20c4ea0 JavaThread "Sweeper thread" daemon [_thread_blocked, id=2352, stack(0x0000007ddef00000,0x0000007ddf000000)]
  0x00000278a224f030 JavaThread "Common-Cleaner" daemon [_thread_blocked, id=22496, stack(0x0000007ddf000000,0x0000007ddf100000)]
  0x00000278a225a570 JavaThread "Notification Thread" daemon [_thread_blocked, id=22516, stack(0x0000007ddf100000,0x0000007ddf200000)]
  0x00000278a4466900 JavaThread "Daemon health stats" [_thread_blocked, id=18568, stack(0x0000007ddf900000,0x0000007ddfa00000)]
  0x00000278a355ce60 JavaThread "Incoming local TCP Connector on port 52567" [_thread_in_native, id=23764, stack(0x0000007ddf300000,0x0000007ddf400000)]
  0x00000278a390d030 JavaThread "Daemon periodic checks" [_thread_blocked, id=12324, stack(0x0000007ddfa00000,0x0000007ddfb00000)]
  0x00000278a3758d60 JavaThread "Cache worker for journal cache (C:\Users\lee\.gradle\caches\journal-1)" [_thread_blocked, id=24088, stack(0x0000007de0500000,0x0000007de0600000)]
  0x00000278a3759230 JavaThread "File lock request listener" [_thread_in_native, id=25264, stack(0x0000007de0600000,0x0000007de0700000)]
  0x00000278a3759700 JavaThread "Cache worker for file hash cache (C:\Users\lee\.gradle\caches\7.2\fileHashes)" [_thread_blocked, id=24916, stack(0x0000007de0700000,0x0000007de0800000)]
  0x00000278a5081260 JavaThread "File watcher server" daemon [_thread_in_native, id=23496, stack(0x0000007de0b00000,0x0000007de0c00000)]
  0x00000278a5081730 JavaThread "File watcher consumer" daemon [_thread_blocked, id=24800, stack(0x0000007de0c00000,0x0000007de0d00000)]
  0x00000278a50820d0 JavaThread "Cache worker for execution history cache (C:\Users\lee\.gradle\caches\7.2\executionHistory)" [_thread_blocked, id=17596, stack(0x0000007de1000000,0x0000007de1100000)]
  0x00000278a5081c00 JavaThread "jar transforms" [_thread_blocked, id=25252, stack(0x0000007de1100000,0x0000007de1200000)]
  0x00000278a5080d90 JavaThread "jar transforms Thread 2" [_thread_blocked, id=21928, stack(0x0000007de1200000,0x0000007de1300000)]
  0x00000278a5082a70 JavaThread "Cache worker for file content cache (C:\Users\lee\.gradle\caches\7.2\fileContent)" [_thread_blocked, id=25044, stack(0x0000007de1400000,0x0000007de1500000)]
  0x00000278a50855c0 JavaThread "jar transforms Thread 3" [_thread_blocked, id=23960, stack(0x0000007de1500000,0x0000007de1600000)]
  0x00000278a5083db0 JavaThread "jar transforms Thread 4" [_thread_blocked, id=23856, stack(0x0000007de1600000,0x0000007de1700000)]
  0x00000278a5085a90 JavaThread "jar transforms Thread 5" [_thread_blocked, id=24992, stack(0x0000007de1800000,0x0000007de1900000)]
  0x00000278a7fdd860 JavaThread "jar transforms Thread 6" [_thread_blocked, id=6688, stack(0x0000007de6a00000,0x0000007de6b00000)]
  0x00000278a7fddd30 JavaThread "jar transforms Thread 7" [_thread_blocked, id=6712, stack(0x0000007de6b00000,0x0000007de6c00000)]
  0x00000278a7fdfa10 JavaThread "jar transforms Thread 8" [_thread_blocked, id=260, stack(0x0000007de6c00000,0x0000007de6d00000)]
  0x00000278a7fde6d0 JavaThread "Memory manager" [_thread_blocked, id=7544, stack(0x0000007de6d00000,0x0000007de6e00000)]
  0x00000278a2c97450 JavaThread "RMI Scheduler(0)" daemon [_thread_blocked, id=24236, stack(0x0000007de0800000,0x0000007de0900000)]
  0x00000278adf09cc0 JavaThread "RMI TCP Accept-0" daemon [_thread_in_native, id=24456, stack(0x0000007de7d00000,0x0000007de7e00000)]
  0x00000278aa0c5a00 JavaThread "Cache worker for Java compile cache (C:\Users\lee\.gradle\caches\7.2\javaCompile)" [_thread_blocked, id=18720, stack(0x0000007de7b00000,0x0000007de7c00000)]
  0x00000278aa0c41f0 JavaThread "RMI GC Daemon" daemon [_thread_blocked, id=18524, stack(0x0000007de7500000,0x0000007de7600000)]
  0x00000278aa0c3850 JavaThread "RMI Reaper" [_thread_blocked, id=20716, stack(0x0000007de7700000,0x0000007de7800000)]
  0x00000278a2c94430 JavaThread "RMI TCP Connection(110)-127.0.0.1" daemon [_thread_in_native, id=15780, stack(0x0000007de7800000,0x0000007de7900000)]
  0x00000278a2c982c0 JavaThread "Daemon Thread 12" [_thread_blocked, id=9988, stack(0x0000007dddd00000,0x0000007ddde00000)]
  0x00000278a2c92280 JavaThread "Daemon worker Thread 12" [_thread_in_native, id=7744, stack(0x0000007ddfb00000,0x0000007ddfc00000)]
  0x00000278aa0c2510 JavaThread "RMI TCP Connection(111)-127.0.0.1" daemon [_thread_in_native, id=13392, stack(0x0000007ddde00000,0x0000007dddf00000)]
  0x00000278aa0c46c0 JavaThread "Handler for socket connection from /127.0.0.1:52567 to /127.0.0.1:57441" [_thread_in_native, id=9008, stack(0x0000007dddf00000,0x0000007dde000000)]
  0x00000278aa0c1b70 JavaThread "Cancel handler" [_thread_blocked, id=23044, stack(0x0000007ddfc00000,0x0000007ddfd00000)]
  0x00000278aa0c5ed0 JavaThread "Asynchronous log dispatcher for DefaultDaemonConnection: socket connection from /127.0.0.1:52567 to /127.0.0.1:57441" [_thread_blocked, id=3676, stack(0x0000007ddfd00000,0x0000007ddfe00000)]
  0x00000278aa0bf9c0 JavaThread "Stdin handler" [_thread_blocked, id=20836, stack(0x0000007ddfe00000,0x0000007ddff00000)]
  0x00000278aa0bf020 JavaThread "Daemon client event forwarder" [_thread_blocked, id=20984, stack(0x0000007ddff00000,0x0000007de0000000)]
  0x00000278aa0bf4f0 JavaThread "Cache worker for file hash cache (C:\Users\lee\AndroidStudioProjects\RecyclerViewSample\.gradle\7.2\fileHashes)" [_thread_blocked, id=1620, stack(0x0000007de0000000,0x0000007de0100000)]
  0x00000278aa0c2eb0 JavaThread "Cache worker for checksums cache (C:\Users\lee\AndroidStudioProjects\RecyclerViewSample\.gradle\checksums)" [_thread_blocked, id=8168, stack(0x0000007de0100000,0x0000007de0200000)]
  0x00000278aa0c3380 JavaThread "Cache worker for cache directory md-supplier (C:\Users\lee\.gradle\caches\7.2\md-supplier)" [_thread_blocked, id=24188, stack(0x0000007de0900000,0x0000007de0a00000)]
  0x00000278aa0c5530 JavaThread "Cache worker for cache directory md-rule (C:\Users\lee\.gradle\caches\7.2\md-rule)" [_thread_blocked, id=21124, stack(0x0000007de0a00000,0x0000007de0b00000)]
  0x00000278aa0bfe90 JavaThread "Cache worker for dependencies-accessors (C:\Users\lee\AndroidStudioProjects\RecyclerViewSample\.gradle\7.2\dependencies-accessors)" [_thread_blocked, id=19960, stack(0x0000007de0d00000,0x0000007de0e00000)]
  0x00000278aa0c0360 JavaThread "Cache worker for Build Output Cleanup Cache (C:\Users\lee\AndroidStudioProjects\RecyclerViewSample\.gradle\buildOutputCleanup)" [_thread_blocked, id=20740, stack(0x0000007de0e00000,0x0000007de0f00000)]
  0x00000278a45a63f0 JavaThread "Unconstrained build operations" [_thread_blocked, id=19584, stack(0x0000007de0f00000,0x0000007de1000000)]
  0x00000278a45a5a50 JavaThread "Unconstrained build operations Thread 2" [_thread_blocked, id=23544, stack(0x0000007de1700000,0x0000007de1800000)]
  0x00000278a459f070 JavaThread "Unconstrained build operations Thread 3" [_thread_blocked, id=19932, stack(0x0000007de1900000,0x0000007de1a00000)]
  0x00000278a45a68c0 JavaThread "Unconstrained build operations Thread 4" [_thread_blocked, id=10640, stack(0x0000007de1a00000,0x0000007de1b00000)]
  0x00000278a459f540 JavaThread "Unconstrained build operations Thread 5" [_thread_blocked, id=23336, stack(0x0000007de1b00000,0x0000007de1c00000)]
  0x00000278a459fee0 JavaThread "Unconstrained build operations Thread 6" [_thread_blocked, id=16548, stack(0x0000007de1c00000,0x0000007de1d00000)]
  0x00000278a45a3d70 JavaThread "Unconstrained build operations Thread 7" [_thread_blocked, id=20916, stack(0x0000007de1d00000,0x0000007de1e00000)]
  0x00000278a45a2a30 JavaThread "Unconstrained build operations Thread 8" [_thread_blocked, id=16396, stack(0x0000007de1e00000,0x0000007de1f00000)]
  0x00000278a45a1bc0 JavaThread "Unconstrained build operations Thread 9" [_thread_blocked, id=12300, stack(0x0000007de1f00000,0x0000007de2000000)]
  0x00000278a45a50b0 JavaThread "Unconstrained build operations Thread 10" [_thread_blocked, id=11580, stack(0x0000007de2000000,0x0000007de2100000)]
  0x00000278a45a03b0 JavaThread "Unconstrained build operations Thread 11" [_thread_blocked, id=18848, stack(0x0000007de2100000,0x0000007de2200000)]
  0x00000278a45a4240 JavaThread "Unconstrained build operations Thread 12" [_thread_blocked, id=25468, stack(0x0000007de2200000,0x0000007de2300000)]
  0x00000278a45a5580 JavaThread "Unconstrained build operations Thread 13" [_thread_blocked, id=3928, stack(0x0000007de2300000,0x0000007de2400000)]
  0x00000278a45a5f20 JavaThread "Unconstrained build operations Thread 14" [_thread_blocked, id=13496, stack(0x0000007de2400000,0x0000007de2500000)]
  0x00000278a45a0d50 JavaThread "Unconstrained build operations Thread 15" [_thread_blocked, id=25576, stack(0x0000007de2500000,0x0000007de2600000)]
  0x00000278a45a4710 JavaThread "Unconstrained build operations Thread 16" [_thread_blocked, id=15928, stack(0x0000007de2600000,0x0000007de2700000)]
  0x00000278a45a1220 JavaThread "Unconstrained build operations Thread 17" [_thread_blocked, id=21200, stack(0x0000007de2700000,0x0000007de2800000)]
  0x00000278a45a16f0 JavaThread "Unconstrained build operations Thread 18" [_thread_blocked, id=7192, stack(0x0000007de2800000,0x0000007de2900000)]
  0x00000278a45a2090 JavaThread "Unconstrained build operations Thread 19" [_thread_blocked, id=13864, stack(0x0000007de2900000,0x0000007de2a00000)]
  0x00000278a45a4be0 JavaThread "Unconstrained build operations Thread 20" [_thread_blocked, id=22180, stack(0x0000007de2a00000,0x0000007de2b00000)]
  0x00000278a45a2560 JavaThread "Unconstrained build operations Thread 21" [_thread_blocked, id=13284, stack(0x0000007de2b00000,0x0000007de2c00000)]
  0x00000278a45a2f00 JavaThread "Unconstrained build operations Thread 22" [_thread_blocked, id=6644, stack(0x0000007de2c00000,0x0000007de2d00000)]
  0x00000278a45a33d0 JavaThread "Unconstrained build operations Thread 23" [_thread_blocked, id=25232, stack(0x0000007de2d00000,0x0000007de2e00000)]
  0x00000278a45a38a0 JavaThread "Unconstrained build operations Thread 24" [_thread_blocked, id=10120, stack(0x0000007de2e00000,0x0000007de2f00000)]
  0x00000278adf0a190 JavaThread "Unconstrained build operations Thread 25" [_thread_blocked, id=23752, stack(0x0000007de2f00000,0x0000007de3000000)]
  0x00000278adf05e30 JavaThread "Unconstrained build operations Thread 26" [_thread_blocked, id=21520, stack(0x0000007de3000000,0x0000007de3100000)]
  0x00000278adf037b0 JavaThread "Unconstrained build operations Thread 27" [_thread_blocked, id=24384, stack(0x0000007de3100000,0x0000007de3200000)]
  0x00000278adf06ca0 JavaThread "Unconstrained build operations Thread 28" [_thread_blocked, id=25596, stack(0x0000007de3200000,0x0000007de3300000)]
  0x00000278adf084b0 JavaThread "Unconstrained build operations Thread 29" [_thread_blocked, id=15472, stack(0x0000007de3300000,0x0000007de3400000)]
  0x00000278adf04150 JavaThread "Unconstrained build operations Thread 30" [_thread_blocked, id=20784, stack(0x0000007de3400000,0x0000007de3500000)]
  0x00000278adf0b000 JavaThread "Unconstrained build operations Thread 31" [_thread_blocked, id=11376, stack(0x0000007de3500000,0x0000007de3600000)]
  0x00000278adf05490 JavaThread "Unconstrained build operations Thread 32" [_thread_blocked, id=23648, stack(0x0000007de3600000,0x0000007de3700000)]
  0x00000278adf0a660 JavaThread "Unconstrained build operations Thread 33" [_thread_blocked, id=20396, stack(0x0000007de3700000,0x0000007de3800000)]
  0x00000278adf06300 JavaThread "Unconstrained build operations Thread 34" [_thread_blocked, id=20644, stack(0x0000007de3800000,0x0000007de3900000)]
  0x00000278adf067d0 JavaThread "Unconstrained build operations Thread 35" [_thread_blocked, id=3340, stack(0x0000007de3900000,0x0000007de3a00000)]
  0x00000278adf07fe0 JavaThread "Unconstrained build operations Thread 36" [_thread_blocked, id=23972, stack(0x0000007de3a00000,0x0000007de3b00000)]
  0x00000278adf04620 JavaThread "Unconstrained build operations Thread 37" [_thread_blocked, id=7256, stack(0x0000007de3b00000,0x0000007de3c00000)]
  0x00000278adf05960 JavaThread "Unconstrained build operations Thread 38" [_thread_blocked, id=8856, stack(0x0000007de3c00000,0x0000007de3d00000)]
  0x00000278adf08980 JavaThread "Unconstrained build operations Thread 39" [_thread_blocked, id=3164, stack(0x0000007de3d00000,0x0000007de3e00000)]
  0x00000278adf07170 JavaThread "Unconstrained build operations Thread 40" [_thread_blocked, id=14664, stack(0x0000007de3e00000,0x0000007de3f00000)]
  0x00000278adf08e50 JavaThread "Unconstrained build operations Thread 41" [_thread_blocked, id=17312, stack(0x0000007de3f00000,0x0000007de4000000)]
  0x00000278adf07640 JavaThread "Unconstrained build operations Thread 42" [_thread_blocked, id=7648, stack(0x0000007de4000000,0x0000007de4100000)]
  0x00000278adf04af0 JavaThread "Unconstrained build operations Thread 43" [_thread_blocked, id=14316, stack(0x0000007de4100000,0x0000007de4200000)]
  0x00000278adf097f0 JavaThread "Unconstrained build operations Thread 44" [_thread_blocked, id=12056, stack(0x0000007de4200000,0x0000007de4300000)]
  0x00000278adf03c80 JavaThread "Unconstrained build operations Thread 45" [_thread_blocked, id=4308, stack(0x0000007de4300000,0x0000007de4400000)]
  0x00000278adf09320 JavaThread "Unconstrained build operations Thread 46" [_thread_blocked, id=21180, stack(0x0000007de4400000,0x0000007de4500000)]
  0x00000278adf0ab30 JavaThread "Unconstrained build operations Thread 47" [_thread_blocked, id=16788, stack(0x0000007de4500000,0x0000007de4600000)]
  0x00000278adf04fc0 JavaThread "Unconstrained build operations Thread 48" [_thread_blocked, id=16756, stack(0x0000007de4600000,0x0000007de4700000)]
  0x00000278a6f68d00 JavaThread "Unconstrained build operations Thread 49" [_thread_blocked, id=17660, stack(0x0000007de4700000,0x0000007de4800000)]
  0x00000278a6f65ce0 JavaThread "Unconstrained build operations Thread 50" [_thread_blocked, id=8336, stack(0x0000007de4800000,0x0000007de4900000)]
  0x00000278a6f62320 JavaThread "Unconstrained build operations Thread 51" [_thread_blocked, id=16432, stack(0x0000007de4900000,0x0000007de4a00000)]
  0x00000278a6f63b30 JavaThread "Unconstrained build operations Thread 52" [_thread_blocked, id=10704, stack(0x0000007de4a00000,0x0000007de4b00000)]
  0x00000278a6f691d0 JavaThread "Unconstrained build operations Thread 53" [_thread_blocked, id=21708, stack(0x0000007de4b00000,0x0000007de4c00000)]
  0x00000278a6f644d0 JavaThread "Unconstrained build operations Thread 54" [_thread_blocked, id=7032, stack(0x0000007de4c00000,0x0000007de4d00000)]
  0x00000278a6f64000 JavaThread "Unconstrained build operations Thread 55" [_thread_blocked, id=19180, stack(0x0000007de4d00000,0x0000007de4e00000)]
  0x00000278a6f66b50 JavaThread "Unconstrained build operations Thread 56" [_thread_blocked, id=23776, stack(0x0000007de4e00000,0x0000007de4f00000)]
  0x00000278a6f674f0 JavaThread "Unconstrained build operations Thread 57" [_thread_blocked, id=21172, stack(0x0000007de4f00000,0x0000007de5000000)]
  0x00000278a6f61980 JavaThread "Unconstrained build operations Thread 58" [_thread_blocked, id=22580, stack(0x0000007de5000000,0x0000007de5100000)]
  0x00000278a6f649a0 JavaThread "Unconstrained build operations Thread 59" [_thread_blocked, id=21776, stack(0x0000007de5100000,0x0000007de5200000)]
  0x00000278a6f66680 JavaThread "Unconstrained build operations Thread 60" [_thread_blocked, id=10248, stack(0x0000007de5200000,0x0000007de5300000)]
  0x00000278a6f679c0 JavaThread "Unconstrained build operations Thread 61" [_thread_blocked, id=11664, stack(0x0000007de5300000,0x0000007de5400000)]
  0x00000278a6f661b0 JavaThread "Unconstrained build operations Thread 62" [_thread_blocked, id=17144, stack(0x0000007de5400000,0x0000007de5500000)]
  0x00000278a6f61e50 JavaThread "Unconstrained build operations Thread 63" [_thread_blocked, id=7152, stack(0x0000007de5500000,0x0000007de5600000)]
  0x00000278a6f627f0 JavaThread "Unconstrained build operations Thread 64" [_thread_blocked, id=16936, stack(0x0000007de5600000,0x0000007de5700000)]
  0x00000278a6f65810 JavaThread "Unconstrained build operations Thread 65" [_thread_blocked, id=6116, stack(0x0000007de5700000,0x0000007de5800000)]
  0x00000278a6f68360 JavaThread "Unconstrained build operations Thread 66" [_thread_blocked, id=24900, stack(0x0000007de5800000,0x0000007de5900000)]
  0x00000278a6f64e70 JavaThread "Unconstrained build operations Thread 67" [_thread_blocked, id=20920, stack(0x0000007de5900000,0x0000007de5a00000)]
  0x00000278a6f62cc0 JavaThread "Unconstrained build operations Thread 68" [_thread_blocked, id=16344, stack(0x0000007de5a00000,0x0000007de5b00000)]
  0x00000278a6f63190 JavaThread "Unconstrained build operations Thread 69" [_thread_blocked, id=21080, stack(0x0000007de5b00000,0x0000007de5c00000)]
  0x00000278a6f63660 JavaThread "Unconstrained build operations Thread 70" [_thread_blocked, id=23968, stack(0x0000007de5c00000,0x0000007de5d00000)]
  0x00000278a6f65340 JavaThread "Unconstrained build operations Thread 71" [_thread_blocked, id=3484, stack(0x0000007de5d00000,0x0000007de5e00000)]
  0x00000278a7fde200 JavaThread "Unconstrained build operations Thread 72" [_thread_blocked, id=19468, stack(0x0000007de5e00000,0x0000007de5f00000)]
  0x00000278a7fdc520 JavaThread "Unconstrained build operations Thread 73" [_thread_blocked, id=25428, stack(0x0000007de5f00000,0x0000007de6000000)]
  0x00000278a7fdeba0 JavaThread "Unconstrained build operations Thread 74" [_thread_blocked, id=7444, stack(0x0000007de6000000,0x0000007de6100000)]
  0x00000278a7fd9500 JavaThread "Unconstrained build operations Thread 75" [_thread_blocked, id=15444, stack(0x0000007de6100000,0x0000007de6200000)]
  0x00000278a7fdf540 JavaThread "Unconstrained build operations Thread 76" [_thread_blocked, id=10696, stack(0x0000007de6200000,0x0000007de6300000)]
  0x00000278a7fd9030 JavaThread "Unconstrained build operations Thread 77" [_thread_blocked, id=10108, stack(0x0000007de6300000,0x0000007de6400000)]
  0x00000278a7fd8b60 JavaThread "Unconstrained build operations Thread 78" [_thread_blocked, id=25560, stack(0x0000007de6400000,0x0000007de6500000)]
  0x00000278a7fda840 JavaThread "Unconstrained build operations Thread 79" [_thread_blocked, id=7216, stack(0x0000007de6500000,0x0000007de6600000)]
  0x00000278a7fdfee0 JavaThread "Unconstrained build operations Thread 80" [_thread_blocked, id=17952, stack(0x0000007de6600000,0x0000007de6700000)]
=>0x00000278a7dbecc0 JavaThread "C2 CompilerThread1" daemon [_thread_in_native, id=21996, stack(0x0000007de6700000,0x0000007de6800000)]
  0x00000278a7fdbb80 JavaThread "Execution worker for ':'" [_thread_blocked, id=21496, stack(0x0000007de6800000,0x0000007de6900000)]
  0x00000278a7fe03b0 JavaThread "Execution worker for ':' Thread 2" [_thread_blocked, id=25512, stack(0x0000007de6900000,0x0000007de6a00000)]
  0x00000278a7fd99d0 JavaThread "Execution worker for ':' Thread 3" [_thread_blocked, id=14304, stack(0x0000007de6e00000,0x0000007de6f00000)]
  0x00000278a7fdc9f0 JavaThread "Execution worker for ':' Thread 4" [_thread_blocked, id=3024, stack(0x0000007de6f00000,0x0000007de7000000)]
  0x00000278a7fdd390 JavaThread "Execution worker for ':' Thread 5" [_thread_blocked, id=10328, stack(0x0000007de7000000,0x0000007de7100000)]
  0x00000278a2c97920 JavaThread "Execution worker for ':' Thread 6" [_thread_blocked, id=22088, stack(0x0000007de7100000,0x0000007de7200000)]
  0x00000278a2c92750 JavaThread "Execution worker for ':' Thread 7" [_thread_blocked, id=24124, stack(0x0000007de7200000,0x0000007de7300000)]
  0x00000278a2c99130 JavaThread "Cache worker for execution history cache (C:\Users\lee\AndroidStudioProjects\RecyclerViewSample\.gradle\7.2\executionHistory)" [_thread_blocked, id=13260, stack(0x0000007de7300000,0x0000007de7400000)]
  0x00000278a2c918e0 JavaThread "RMI RenewClean-[127.0.0.1:17990,org.jetbrains.kotlin.daemon.common.LoopbackNetworkInterface$ClientLoopbackSocketFactory@43e7fb81]" daemon [_thread_blocked, id=11164, stack(0x0000007de7400000,0x0000007de7500000)]
  0x00000278a2c98c60 JavaThread "RMI TCP Connection(112)-127.0.0.1" daemon [_thread_in_native, id=20652, stack(0x0000007de7900000,0x0000007de7a00000)]
  0x00000278a2c93f60 Thread [stack: 0x0000007de7a00000,0x0000007de7b00000] [id=2364]

Other Threads:
  0x00000278a165dc60 VMThread "VM Thread" [stack: 0x0000007dde600000,0x0000007dde700000] [id=8276]
  0x00000278a225aa40 WatcherThread [stack: 0x0000007ddf200000,0x0000007ddf300000] [id=9284]
  0x0000027880de7ee0 GCTaskThread "GC Thread#0" [stack: 0x0000007dde100000,0x0000007dde200000] [id=22536]
  0x00000278a2c250f0 GCTaskThread "GC Thread#1" [stack: 0x0000007ddf400000,0x0000007ddf500000] [id=22952]
  0x00000278a2c253a0 GCTaskThread "GC Thread#2" [stack: 0x0000007ddf500000,0x0000007ddf600000] [id=24976]
  0x00000278a304f0b0 GCTaskThread "GC Thread#3" [stack: 0x0000007ddf600000,0x0000007ddf700000] [id=20788]
  0x00000278a304f360 GCTaskThread "GC Thread#4" [stack: 0x0000007ddf700000,0x0000007ddf800000] [id=25096]
  0x00000278a304f610 GCTaskThread "GC Thread#5" [stack: 0x0000007ddf800000,0x0000007ddf900000] [id=11612]
  0x00000278a444bc40 GCTaskThread "GC Thread#6" [stack: 0x0000007de0200000,0x0000007de0300000] [id=19212]
  0x00000278a441a020 GCTaskThread "GC Thread#7" [stack: 0x0000007de0300000,0x0000007de0400000] [id=22272]
  0x0000027880df8a80 ConcurrentGCThread "G1 Main Marker" [stack: 0x0000007dde200000,0x0000007dde300000] [id=24448]
  0x0000027880df93a0 ConcurrentGCThread "G1 Conc#0" [stack: 0x0000007dde300000,0x0000007dde400000] [id=8672]
  0x00000278a48ce8d0 ConcurrentGCThread "G1 Conc#1" [stack: 0x0000007de0400000,0x0000007de0500000] [id=17344]
  0x00000278a14e3cf0 ConcurrentGCThread "G1 Refine#0" [stack: 0x0000007dde400000,0x0000007dde500000] [id=11852]
  0x00000278a47966d0 ConcurrentGCThread "G1 Refine#1" [stack: 0x0000007de1300000,0x0000007de1400000] [id=23148]
  0x00000278a23c5630 ConcurrentGCThread "G1 Refine#2" [stack: 0x0000007de7600000,0x0000007de7700000] [id=19232]
  0x00000278a14e4620 ConcurrentGCThread "G1 Service" [stack: 0x0000007dde500000,0x0000007dde600000] [id=14648]

Threads with active compile tasks:
C2 CompilerThread1  10042699 24961   !   4       org.gradle.internal.event.DefaultListenerManager::getBroadcasterInternal (155 bytes)

VM state: not at safepoint (normal execution)

VM Mutex/Monitor currently owned by a thread: None

Heap address: 0x0000000702a00000, size: 4054 MB, Compressed Oops mode: Zero based, Oop shift amount: 3

CDS archive(s) not mapped
Compressed class space mapped at: 0x0000000800000000-0x0000000840000000, reserved size: 1073741824
Narrow klass base: 0x0000000800000000, Narrow klass shift: 0, Narrow klass range: 0x40000000

GC Precious Log:
 CPUs: 8 total, 8 available
 Memory: 16210M
 Large Page Support: Disabled
 NUMA Support: Disabled
 Compressed Oops: Enabled (Zero based)
 Heap Region Size: 2M
 Heap Min Capacity: 8M
 Heap Initial Capacity: 254M
 Heap Max Capacity: 4054M
 Pre-touch: Disabled
 Parallel Workers: 8
 Concurrent Workers: 2
 Concurrent Refinement Workers: 8
 Periodic GC: Disabled

Heap:
 garbage-first heap   total 280576K, used 96134K [0x0000000702a00000, 0x0000000800000000)
  region size 2048K, 10 young (20480K), 3 survivors (6144K)
 Metaspace       used 119281K, committed 121024K, reserved 1155072K
  class space    used 15911K, committed 16704K, reserved 1048576K

Heap Regions: E=young(eden), S=young(survivor), O=old, HS=humongous(starts), HC=humongous(continues), CS=collection set, F=free, OA=open archive, CA=closed archive, TAMS=top-at-mark-start (previous, next)
|   0|0x0000000702a00000, 0x0000000702bffff8, 0x0000000702c00000| 99%| O|  |TAMS 0x0000000702bffff8, 0x0000000702a00000| Untracked 
|   1|0x0000000702c00000, 0x0000000702e00000, 0x0000000702e00000|100%| O|  |TAMS 0x0000000702e00000, 0x0000000702c00000| Untracked 
|   2|0x0000000702e00000, 0x0000000703000000, 0x0000000703000000|100%|HS|  |TAMS 0x0000000703000000, 0x0000000702e00000| Complete 
|   3|0x0000000703000000, 0x0000000703200000, 0x0000000703200000|100%|HC|  |TAMS 0x0000000703200000, 0x0000000703000000| Complete 
|   4|0x0000000703200000, 0x0000000703400000, 0x0000000703400000|100%| O|  |TAMS 0x0000000703400000, 0x0000000703200000| Untracked 
|   5|0x0000000703400000, 0x00000007035fffc8, 0x0000000703600000| 99%| O|  |TAMS 0x00000007035fffc8, 0x0000000703400000| Untracked 
|   6|0x0000000703600000, 0x00000007037fffb8, 0x0000000703800000| 99%| O|  |TAMS 0x00000007037fffb8, 0x0000000703600000| Untracked 
|   7|0x0000000703800000, 0x00000007039f73a0, 0x0000000703a00000| 98%| O|  |TAMS 0x00000007039f73a0, 0x0000000703800000| Untracked 
|   8|0x0000000703a00000, 0x0000000703c00000, 0x0000000703c00000|100%| O|  |TAMS 0x0000000703c00000, 0x0000000703a00000| Untracked 
|   9|0x0000000703c00000, 0x0000000703dffff0, 0x0000000703e00000| 99%| O|  |TAMS 0x0000000703dffff0, 0x0000000703c00000| Untracked 
|  10|0x0000000703e00000, 0x0000000703fffff8, 0x0000000704000000| 99%| O|  |TAMS 0x0000000703fffff8, 0x0000000703e00000| Untracked 
|  11|0x0000000704000000, 0x00000007041fff38, 0x0000000704200000| 99%| O|  |TAMS 0x00000007041fff38, 0x0000000704000000| Untracked 
|  12|0x0000000704200000, 0x00000007043fffc0, 0x0000000704400000| 99%| O|  |TAMS 0x00000007043fffc0, 0x0000000704200000| Untracked 
|  13|0x0000000704400000, 0x00000007045fffe8, 0x0000000704600000| 99%| O|  |TAMS 0x00000007045fffe8, 0x0000000704400000| Untracked 
|  14|0x0000000704600000, 0x00000007047fffe8, 0x0000000704800000| 99%| O|  |TAMS 0x00000007047fffe8, 0x0000000704600000| Untracked 
|  15|0x0000000704800000, 0x0000000704a00000, 0x0000000704a00000|100%|HS|  |TAMS 0x0000000704a00000, 0x0000000704800000| Complete 
|  16|0x0000000704a00000, 0x0000000704c00000, 0x0000000704c00000|100%|HC|  |TAMS 0x0000000704c00000, 0x0000000704a00000| Complete 
|  17|0x0000000704c00000, 0x0000000704e00000, 0x0000000704e00000|100%|HS|  |TAMS 0x0000000704e00000, 0x0000000704c00000| Complete 
|  18|0x0000000704e00000, 0x0000000704ff4e08, 0x0000000705000000| 97%| O|  |TAMS 0x0000000704ff4e08, 0x0000000704e00000| Untracked 
|  19|0x0000000705000000, 0x0000000705200000, 0x0000000705200000|100%| O|  |TAMS 0x0000000705200000, 0x0000000705000000| Untracked 
|  20|0x0000000705200000, 0x0000000705400000, 0x0000000705400000|100%| O|  |TAMS 0x0000000705400000, 0x0000000705200000| Untracked 
|  21|0x0000000705400000, 0x00000007055ffff0, 0x0000000705600000| 99%| O|  |TAMS 0x00000007055ffff0, 0x0000000705400000| Untracked 
|  22|0x0000000705600000, 0x00000007057fb180, 0x0000000705800000| 99%| O|  |TAMS 0x00000007057fb180, 0x0000000705600000| Untracked 
|  23|0x0000000705800000, 0x00000007059ffff8, 0x0000000705a00000| 99%| O|  |TAMS 0x00000007059ffff8, 0x0000000705800000| Untracked 
|  24|0x0000000705a00000, 0x0000000705c00000, 0x0000000705c00000|100%| O|  |TAMS 0x0000000705c00000, 0x0000000705a00000| Untracked 
|  25|0x0000000705c00000, 0x0000000705dfffd0, 0x0000000705e00000| 99%| O|  |TAMS 0x0000000705dfffd0, 0x0000000705c00000| Untracked 
|  26|0x0000000705e00000, 0x0000000706000000, 0x0000000706000000|100%| O|  |TAMS 0x0000000706000000, 0x0000000705e00000| Untracked 
|  27|0x0000000706000000, 0x00000007061ffff0, 0x0000000706200000| 99%| O|  |TAMS 0x00000007061ffff0, 0x0000000706000000| Untracked 
|  28|0x0000000706200000, 0x00000007063ffff8, 0x0000000706400000| 99%| O|  |TAMS 0x00000007063ffff8, 0x0000000706200000| Untracked 
|  29|0x0000000706400000, 0x0000000706600000, 0x0000000706600000|100%| O|  |TAMS 0x0000000706600000, 0x0000000706400000| Untracked 
|  30|0x0000000706600000, 0x0000000706800000, 0x0000000706800000|100%| O|  |TAMS 0x0000000706800000, 0x0000000706600000| Untracked 
|  31|0x0000000706800000, 0x00000007069ffff8, 0x0000000706a00000| 99%| O|  |TAMS 0x00000007069ffff8, 0x0000000706800000| Untracked 
|  32|0x0000000706a00000, 0x0000000706bfffb0, 0x0000000706c00000| 99%| O|  |TAMS 0x0000000706bfffb0, 0x0000000706a00000| Untracked 
|  33|0x0000000706c00000, 0x0000000706dc1be8, 0x0000000706e00000| 87%| O|  |TAMS 0x0000000706dc1be8, 0x0000000706c00000| Untracked 
|  34|0x0000000706e00000, 0x0000000706ff51b8, 0x0000000707000000| 97%| O|  |TAMS 0x0000000706ff51b8, 0x0000000706e00000| Untracked 
|  35|0x0000000707000000, 0x00000007071804a0, 0x0000000707200000| 75%| O|  |TAMS 0x00000007071804a0, 0x0000000707000000| Untracked 
|  36|0x0000000707200000, 0x0000000707400000, 0x0000000707400000|100%| O|  |TAMS 0x0000000707400000, 0x0000000707200000| Untracked 
|  37|0x0000000707400000, 0x00000007074b9e40, 0x0000000707600000| 36%| O|  |TAMS 0x00000007074b9e40, 0x0000000707400000| Untracked 
|  38|0x0000000707600000, 0x0000000707681878, 0x0000000707800000| 25%| O|  |TAMS 0x0000000707681878, 0x0000000707600000| Untracked 
|  39|0x0000000707800000, 0x0000000707800000, 0x0000000707a00000|  0%| F|  |TAMS 0x0000000707800000, 0x0000000707800000| Untracked 
|  40|0x0000000707a00000, 0x0000000707abbb88, 0x0000000707c00000| 36%| O|  |TAMS 0x0000000707abbb88, 0x0000000707a00000| Untracked 
|  41|0x0000000707c00000, 0x0000000707c00000, 0x0000000707e00000|  0%| F|  |TAMS 0x0000000707c00000, 0x0000000707c00000| Untracked 
|  42|0x0000000707e00000, 0x0000000707e01228, 0x0000000708000000|  0%| O|  |TAMS 0x0000000707e01228, 0x0000000707e00000| Untracked 
|  43|0x0000000708000000, 0x0000000708000000, 0x0000000708200000|  0%| F|  |TAMS 0x0000000708000000, 0x0000000708000000| Untracked 
|  44|0x0000000708200000, 0x0000000708346000, 0x0000000708400000| 63%| O|  |TAMS 0x0000000708346000, 0x0000000708200000| Untracked 
|  45|0x0000000708400000, 0x0000000708400000, 0x0000000708600000|  0%| F|  |TAMS 0x0000000708400000, 0x0000000708400000| Untracked 
|  46|0x0000000708600000, 0x0000000708600000, 0x0000000708800000|  0%| F|  |TAMS 0x0000000708600000, 0x0000000708600000| Untracked 
|  47|0x0000000708800000, 0x0000000708800000, 0x0000000708a00000|  0%| F|  |TAMS 0x0000000708800000, 0x0000000708800000| Untracked 
|  48|0x0000000708a00000, 0x0000000708a00000, 0x0000000708c00000|  0%| F|  |TAMS 0x0000000708a00000, 0x0000000708a00000| Untracked 
|  49|0x0000000708c00000, 0x0000000708c00000, 0x0000000708e00000|  0%| F|  |TAMS 0x0000000708c00000, 0x0000000708c00000| Untracked 
|  50|0x0000000708e00000, 0x0000000708e00000, 0x0000000709000000|  0%| F|  |TAMS 0x0000000708e00000, 0x0000000708e00000| Untracked 
|  51|0x0000000709000000, 0x0000000709000000, 0x0000000709200000|  0%| F|  |TAMS 0x0000000709000000, 0x0000000709000000| Untracked 
|  52|0x0000000709200000, 0x0000000709200000, 0x0000000709400000|  0%| F|  |TAMS 0x0000000709200000, 0x0000000709200000| Untracked 
|  53|0x0000000709400000, 0x0000000709400000, 0x0000000709600000|  0%| F|  |TAMS 0x0000000709400000, 0x0000000709400000| Untracked 
|  54|0x0000000709600000, 0x0000000709600000, 0x0000000709800000|  0%| F|  |TAMS 0x0000000709600000, 0x0000000709600000| Untracked 
|  55|0x0000000709800000, 0x0000000709800000, 0x0000000709a00000|  0%| F|  |TAMS 0x0000000709800000, 0x0000000709800000| Untracked 
|  56|0x0000000709a00000, 0x0000000709a00000, 0x0000000709c00000|  0%| F|  |TAMS 0x0000000709a00000, 0x0000000709a00000| Untracked 
|  57|0x0000000709c00000, 0x0000000709c00000, 0x0000000709e00000|  0%| F|  |TAMS 0x0000000709c00000, 0x0000000709c00000| Untracked 
|  58|0x0000000709e00000, 0x0000000709e00000, 0x000000070a000000|  0%| F|  |TAMS 0x0000000709e00000, 0x0000000709e00000| Untracked 
|  59|0x000000070a000000, 0x000000070a000000, 0x000000070a200000|  0%| F|  |TAMS 0x000000070a000000, 0x000000070a000000| Untracked 
|  60|0x000000070a200000, 0x000000070a200000, 0x000000070a400000|  0%| F|  |TAMS 0x000000070a200000, 0x000000070a200000| Untracked 
|  61|0x000000070a400000, 0x000000070a400000, 0x000000070a600000|  0%| F|  |TAMS 0x000000070a400000, 0x000000070a400000| Untracked 
|  62|0x000000070a600000, 0x000000070a600000, 0x000000070a800000|  0%| F|  |TAMS 0x000000070a600000, 0x000000070a600000| Untracked 
|  63|0x000000070a800000, 0x000000070a800000, 0x000000070aa00000|  0%| F|  |TAMS 0x000000070a800000, 0x000000070a800000| Untracked 
|  64|0x000000070aa00000, 0x000000070aa00000, 0x000000070ac00000|  0%| F|  |TAMS 0x000000070aa00000, 0x000000070aa00000| Untracked 
|  65|0x000000070ac00000, 0x000000070ad85448, 0x000000070ae00000| 76%| S|CS|TAMS 0x000000070ac00000, 0x000000070ac00000| Complete 
|  66|0x000000070ae00000, 0x000000070b000000, 0x000000070b000000|100%| S|CS|TAMS 0x000000070ae00000, 0x000000070ae00000| Complete 
|  67|0x000000070b000000, 0x000000070b000000, 0x000000070b200000|  0%| F|  |TAMS 0x000000070b000000, 0x000000070b000000| Untracked 
|  68|0x000000070b200000, 0x000000070b200000, 0x000000070b400000|  0%| F|  |TAMS 0x000000070b200000, 0x000000070b200000| Untracked 
|  69|0x000000070b400000, 0x000000070b600000, 0x000000070b600000|100%| S|CS|TAMS 0x000000070b400000, 0x000000070b400000| Complete 
|  70|0x000000070b600000, 0x000000070b600000, 0x000000070b800000|  0%| F|  |TAMS 0x000000070b600000, 0x000000070b600000| Untracked 
|  71|0x000000070b800000, 0x000000070b800000, 0x000000070ba00000|  0%| F|  |TAMS 0x000000070b800000, 0x000000070b800000| Untracked 
|  72|0x000000070ba00000, 0x000000070ba00000, 0x000000070bc00000|  0%| F|  |TAMS 0x000000070ba00000, 0x000000070ba00000| Untracked 
|  73|0x000000070bc00000, 0x000000070bc00000, 0x000000070be00000|  0%| F|  |TAMS 0x000000070bc00000, 0x000000070bc00000| Untracked 
|  74|0x000000070be00000, 0x000000070be00000, 0x000000070c000000|  0%| F|  |TAMS 0x000000070be00000, 0x000000070be00000| Untracked 
|  75|0x000000070c000000, 0x000000070c000000, 0x000000070c200000|  0%| F|  |TAMS 0x000000070c000000, 0x000000070c000000| Untracked 
|  76|0x000000070c200000, 0x000000070c200000, 0x000000070c400000|  0%| F|  |TAMS 0x000000070c200000, 0x000000070c200000| Untracked 
|  77|0x000000070c400000, 0x000000070c400000, 0x000000070c600000|  0%| F|  |TAMS 0x000000070c400000, 0x000000070c400000| Untracked 
|  78|0x000000070c600000, 0x000000070c600000, 0x000000070c800000|  0%| F|  |TAMS 0x000000070c600000, 0x000000070c600000| Untracked 
|  79|0x000000070c800000, 0x000000070c800000, 0x000000070ca00000|  0%| F|  |TAMS 0x000000070c800000, 0x000000070c800000| Untracked 
|  80|0x000000070ca00000, 0x000000070ca00000, 0x000000070cc00000|  0%| F|  |TAMS 0x000000070ca00000, 0x000000070ca00000| Untracked 
|  81|0x000000070cc00000, 0x000000070cc00000, 0x000000070ce00000|  0%| F|  |TAMS 0x000000070cc00000, 0x000000070cc00000| Untracked 
|  82|0x000000070ce00000, 0x000000070ce00000, 0x000000070d000000|  0%| F|  |TAMS 0x000000070ce00000, 0x000000070ce00000| Untracked 
|  83|0x000000070d000000, 0x000000070d000000, 0x000000070d200000|  0%| F|  |TAMS 0x000000070d000000, 0x000000070d000000| Untracked 
|  84|0x000000070d200000, 0x000000070d200000, 0x000000070d400000|  0%| F|  |TAMS 0x000000070d200000, 0x000000070d200000| Untracked 
|  85|0x000000070d400000, 0x000000070d400000, 0x000000070d600000|  0%| F|  |TAMS 0x000000070d400000, 0x000000070d400000| Untracked 
|  86|0x000000070d600000, 0x000000070d600000, 0x000000070d800000|  0%| F|  |TAMS 0x000000070d600000, 0x000000070d600000| Untracked 
|  87|0x000000070d800000, 0x000000070d800000, 0x000000070da00000|  0%| F|  |TAMS 0x000000070d800000, 0x000000070d800000| Untracked 
|  88|0x000000070da00000, 0x000000070da00000, 0x000000070dc00000|  0%| F|  |TAMS 0x000000070da00000, 0x000000070da00000| Untracked 
|  89|0x000000070dc00000, 0x000000070dc00000, 0x000000070de00000|  0%| F|  |TAMS 0x000000070dc00000, 0x000000070dc00000| Untracked 
|  90|0x000000070de00000, 0x000000070de00000, 0x000000070e000000|  0%| F|  |TAMS 0x000000070de00000, 0x000000070de00000| Untracked 
|  91|0x000000070e000000, 0x000000070e000000, 0x000000070e200000|  0%| F|  |TAMS 0x000000070e000000, 0x000000070e000000| Untracked 
|  92|0x000000070e200000, 0x000000070e200000, 0x000000070e400000|  0%| F|  |TAMS 0x000000070e200000, 0x000000070e200000| Untracked 
|  93|0x000000070e400000, 0x000000070e400000, 0x000000070e600000|  0%| F|  |TAMS 0x000000070e400000, 0x000000070e400000| Untracked 
|  94|0x000000070e600000, 0x000000070e600000, 0x000000070e800000|  0%| F|  |TAMS 0x000000070e600000, 0x000000070e600000| Untracked 
|  95|0x000000070e800000, 0x000000070e800000, 0x000000070ea00000|  0%| F|  |TAMS 0x000000070e800000, 0x000000070e800000| Untracked 
|  96|0x000000070ea00000, 0x000000070ea00000, 0x000000070ec00000|  0%| F|  |TAMS 0x000000070ea00000, 0x000000070ea00000| Untracked 
|  97|0x000000070ec00000, 0x000000070ec00000, 0x000000070ee00000|  0%| F|  |TAMS 0x000000070ec00000, 0x000000070ec00000| Untracked 
|  98|0x000000070ee00000, 0x000000070ee00000, 0x000000070f000000|  0%| F|  |TAMS 0x000000070ee00000, 0x000000070ee00000| Untracked 
|  99|0x000000070f000000, 0x000000070f000000, 0x000000070f200000|  0%| F|  |TAMS 0x000000070f000000, 0x000000070f000000| Untracked 
| 100|0x000000070f200000, 0x000000070f200000, 0x000000070f400000|  0%| F|  |TAMS 0x000000070f200000, 0x000000070f200000| Untracked 
| 101|0x000000070f400000, 0x000000070f400000, 0x000000070f600000|  0%| F|  |TAMS 0x000000070f400000, 0x000000070f400000| Untracked 
| 102|0x000000070f600000, 0x000000070f600000, 0x000000070f800000|  0%| F|  |TAMS 0x000000070f600000, 0x000000070f600000| Untracked 
| 103|0x000000070f800000, 0x000000070f800000, 0x000000070fa00000|  0%| F|  |TAMS 0x000000070f800000, 0x000000070f800000| Untracked 
| 104|0x000000070fa00000, 0x000000070fa00000, 0x000000070fc00000|  0%| F|  |TAMS 0x000000070fa00000, 0x000000070fa00000| Untracked 
| 105|0x000000070fc00000, 0x000000070fc00000, 0x000000070fe00000|  0%| F|  |TAMS 0x000000070fc00000, 0x000000070fc00000| Untracked 
| 106|0x000000070fe00000, 0x000000070fe00000, 0x0000000710000000|  0%| F|  |TAMS 0x000000070fe00000, 0x000000070fe00000| Untracked 
| 107|0x0000000710000000, 0x0000000710000000, 0x0000000710200000|  0%| F|  |TAMS 0x0000000710000000, 0x0000000710000000| Untracked 
| 108|0x0000000710200000, 0x0000000710200000, 0x0000000710400000|  0%| F|  |TAMS 0x0000000710200000, 0x0000000710200000| Untracked 
| 109|0x0000000710400000, 0x0000000710400000, 0x0000000710600000|  0%| F|  |TAMS 0x0000000710400000, 0x0000000710400000| Untracked 
| 110|0x0000000710600000, 0x0000000710600000, 0x0000000710800000|  0%| F|  |TAMS 0x0000000710600000, 0x0000000710600000| Untracked 
| 111|0x0000000710800000, 0x0000000710800000, 0x0000000710a00000|  0%| F|  |TAMS 0x0000000710800000, 0x0000000710800000| Untracked 
| 112|0x0000000710a00000, 0x0000000710a00000, 0x0000000710c00000|  0%| F|  |TAMS 0x0000000710a00000, 0x0000000710a00000| Untracked 
| 113|0x0000000710c00000, 0x0000000710c00000, 0x0000000710e00000|  0%| F|  |TAMS 0x0000000710c00000, 0x0000000710c00000| Untracked 
| 114|0x0000000710e00000, 0x0000000710e00000, 0x0000000711000000|  0%| F|  |TAMS 0x0000000710e00000, 0x0000000710e00000| Untracked 
| 115|0x0000000711000000, 0x0000000711000000, 0x0000000711200000|  0%| F|  |TAMS 0x0000000711000000, 0x0000000711000000| Untracked 
| 116|0x0000000711200000, 0x0000000711200000, 0x0000000711400000|  0%| F|  |TAMS 0x0000000711200000, 0x0000000711200000| Untracked 
| 117|0x0000000711400000, 0x0000000711400000, 0x0000000711600000|  0%| F|  |TAMS 0x0000000711400000, 0x0000000711400000| Untracked 
| 118|0x0000000711600000, 0x0000000711600000, 0x0000000711800000|  0%| F|  |TAMS 0x0000000711600000, 0x0000000711600000| Untracked 
| 119|0x0000000711800000, 0x0000000711800000, 0x0000000711a00000|  0%| F|  |TAMS 0x0000000711800000, 0x0000000711800000| Untracked 
| 120|0x0000000711a00000, 0x0000000711a00000, 0x0000000711c00000|  0%| F|  |TAMS 0x0000000711a00000, 0x0000000711a00000| Untracked 
| 121|0x0000000711c00000, 0x0000000711c00000, 0x0000000711e00000|  0%| F|  |TAMS 0x0000000711c00000, 0x0000000711c00000| Untracked 
| 122|0x0000000711e00000, 0x0000000711e00000, 0x0000000712000000|  0%| F|  |TAMS 0x0000000711e00000, 0x0000000711e00000| Untracked 
| 123|0x0000000712000000, 0x0000000712000000, 0x0000000712200000|  0%| F|  |TAMS 0x0000000712000000, 0x0000000712000000| Untracked 
| 124|0x0000000712200000, 0x0000000712200000, 0x0000000712400000|  0%| F|  |TAMS 0x0000000712200000, 0x0000000712200000| Untracked 
| 125|0x0000000712400000, 0x0000000712400000, 0x0000000712600000|  0%| F|  |TAMS 0x0000000712400000, 0x0000000712400000| Untracked 
| 126|0x0000000712600000, 0x0000000712600000, 0x0000000712800000|  0%| F|  |TAMS 0x0000000712600000, 0x0000000712600000| Untracked 
| 127|0x0000000712800000, 0x0000000712800000, 0x0000000712a00000|  0%| F|  |TAMS 0x0000000712800000, 0x0000000712800000| Untracked 
| 128|0x0000000712a00000, 0x0000000712a00000, 0x0000000712c00000|  0%| F|  |TAMS 0x0000000712a00000, 0x0000000712a00000| Untracked 
| 129|0x0000000712c00000, 0x0000000712c00000, 0x0000000712e00000|  0%| F|  |TAMS 0x0000000712c00000, 0x0000000712c00000| Untracked 
| 130|0x0000000712e00000, 0x0000000712f29ad8, 0x0000000713000000| 58%| E|  |TAMS 0x0000000712e00000, 0x0000000712e00000| Complete 
| 131|0x0000000713000000, 0x0000000713200000, 0x0000000713200000|100%| E|CS|TAMS 0x0000000713000000, 0x0000000713000000| Complete 
| 132|0x0000000713200000, 0x0000000713400000, 0x0000000713400000|100%| E|CS|TAMS 0x0000000713200000, 0x0000000713200000| Complete 
| 133|0x0000000713400000, 0x0000000713600000, 0x0000000713600000|100%| E|CS|TAMS 0x0000000713400000, 0x0000000713400000| Complete 
| 134|0x0000000713600000, 0x0000000713800000, 0x0000000713800000|100%| E|CS|TAMS 0x0000000713600000, 0x0000000713600000| Complete 
| 135|0x0000000713800000, 0x0000000713a00000, 0x0000000713a00000|100%| E|CS|TAMS 0x0000000713800000, 0x0000000713800000| Complete 
| 136|0x0000000713a00000, 0x0000000713c00000, 0x0000000713c00000|100%| E|CS|TAMS 0x0000000713a00000, 0x0000000713a00000| Complete 

Card table byte_map: [0x0000027895cb0000,0x00000278964a0000] _byte_map_base: 0x000002789249b000

Marking Bits (Prev, Next): (CMBitMap*) 0x0000027880de8400, (CMBitMap*) 0x0000027880de8440
 Prev Bits: [0x0000027896c90000, 0x000002789abe8000)
 Next Bits: [0x000002789abf0000, 0x000002789eb48000)

Polling page: 0x0000027880c40000

Metaspace:

Usage:
  Non-class:    100.95 MB used.
      Class:     15.54 MB used.
       Both:    116.49 MB used.

Virtual space:
  Non-class space:      104.00 MB reserved,     101.88 MB ( 98%) committed,  13 nodes.
      Class space:        1.00 GB reserved,      16.31 MB (  2%) committed,  1 nodes.
             Both:        1.10 GB reserved,     118.19 MB ( 10%) committed. 

Chunk freelists:
   Non-Class:  2.05 MB
       Class:  3.50 MB
        Both:  5.55 MB

MaxMetaspaceSize: unlimited
CompressedClassSpaceSize: 1.00 GB
Initial GC threshold: 21.00 MB
Current GC threshold: 197.00 MB
CDS: off
MetaspaceReclaimPolicy: balanced
 - commit_granule_bytes: 65536.
 - commit_granule_words: 8192.
 - virtual_space_node_default_size: 1048576.
 - enlarge_chunks_in_place: 1.
 - new_chunks_are_fully_committed: 0.
 - uncommit_free_chunks: 1.
 - use_allocation_guard: 0.
 - handle_deallocations: 1.


Internal statistics:

num_allocs_failed_limit: 8.
num_arena_births: 3716.
num_arena_deaths: 298.
num_vsnodes_births: 14.
num_vsnodes_deaths: 0.
num_space_committed: 1891.
num_space_uncommitted: 0.
num_chunks_returned_to_freelist: 395.
num_chunks_taken_from_freelist: 8992.
num_chunk_merges: 130.
num_chunk_splits: 5101.
num_chunks_enlarged: 2427.
num_purges: 8.
num_inconsistent_stats: 0.

CodeHeap 'non-profiled nmethods': size=120000Kb used=16809Kb max_used=16809Kb free=103190Kb
 bounds [0x000002788d530000, 0x000002788e5a0000, 0x0000027894a60000]
CodeHeap 'profiled nmethods': size=120000Kb used=39625Kb max_used=41413Kb free=80375Kb
 bounds [0x0000027885a60000, 0x00000278882e0000, 0x000002788cf90000]
CodeHeap 'non-nmethods': size=5760Kb used=2458Kb max_used=2570Kb free=3301Kb
 bounds [0x000002788cf90000, 0x000002788d220000, 0x000002788d530000]
 total_blobs=21067 nmethods=20065 adapters=912
 compilation: enabled
              stopped_count=0, restarted_count=0
 full_count=0

Compilation events (20 events):
Event: 10042.533 Thread 0x00000278a20bb220 24958       3       com.google.common.collect.CollectSpliterators$1::tryAdvance (20 bytes)
Event: 10042.534 Thread 0x00000278a20bb220 nmethod 24958 0x0000027886468210 code [0x0000027886468420, 0x0000027886468b98]
Event: 10042.534 Thread 0x00000278a20bb220 24959       3       com.google.common.collect.CollectSpliterators$1$$Lambda$1172/0x0000000800b672b0::<init> (15 bytes)
Event: 10042.534 Thread 0x00000278a20bb220 nmethod 24959 0x000002788684f990 code [0x000002788684fb40, 0x000002788684fd78]
Event: 10042.534 Thread 0x00000278a20bb220 24960       1       org.gradle.internal.execution.history.changes.FilePathWithType::getFileType (5 bytes)
Event: 10042.534 Thread 0x00000278a20bb220 nmethod 24960 0x000002788e594f10 code [0x000002788e5950a0, 0x000002788e595178]
Event: 10042.552 Thread 0x00000278a7dbecc0 nmethod 24956 0x000002788e595210 code [0x000002788e5954a0, 0x000002788e596780]
Event: 10042.568 Thread 0x00000278a7dbecc0 24961   !   4       org.gradle.internal.event.DefaultListenerManager::getBroadcasterInternal (155 bytes)
Event: 10042.571 Thread 0x00000278a2095d40 24962       4       kotlin.reflect.jvm.internal.KProperty1Impl::get (16 bytes)
Event: 10042.573 Thread 0x00000278a2095d40 nmethod 24962 0x000002788e597590 code [0x000002788e597740, 0x000002788e597a48]
Event: 10042.578 Thread 0x00000278a2095d40 24963       4       java.lang.String::toLowerCase (8 bytes)
Event: 10042.580 Thread 0x00000278a20bb220 24964   !   3       sun.rmi.transport.tcp.TCPTransport::getEndpoint (25 bytes)
Event: 10042.580 Thread 0x00000278a20bb220 nmethod 24964 0x0000027886571510 code [0x00000278865716e0, 0x0000027886571b68]
Event: 10042.586 Thread 0x00000278a2095d40 nmethod 24963 0x000002788e597c90 code [0x000002788e597e40, 0x000002788e598758]
Event: 10042.607 Thread 0x00000278a20bb220 24965       1       java.lang.Throwable::getMessage (5 bytes)
Event: 10042.607 Thread 0x00000278a20bb220 nmethod 24965 0x000002788e598c10 code [0x000002788e598da0, 0x000002788e598e78]
Event: 10042.614 Thread 0x00000278a2095d40 24966       4       groovy.json.StringEscapeUtils::escapeJavaStyleString (473 bytes)
Event: 10042.618 Thread 0x00000278a2095d40 nmethod 24966 0x000002788e598f10 code [0x000002788e5990c0, 0x000002788e5995a8]
Event: 10042.618 Thread 0x00000278a2095d40 24967       4       org.gradle.internal.serialize.kryo.KryoBackedEncoder::writeNullableString (9 bytes)
Event: 10042.629 Thread 0x00000278a2095d40 nmethod 24967 0x000002788e599990 code [0x000002788e599b40, 0x000002788e59a328]

GC Heap History (20 events):
Event: 4092.231 GC heap before
{Heap before GC invocations=56 (full 1):
 garbage-first heap   total 315392K, used 229572K [0x0000000702a00000, 0x0000000800000000)
  region size 2048K, 61 young (124928K), 4 survivors (8192K)
 Metaspace       used 115304K, committed 116288K, reserved 1155072K
  class space    used 15397K, committed 15872K, reserved 1048576K
}
Event: 4092.235 GC heap after
{Heap after GC invocations=57 (full 1):
 garbage-first heap   total 315392K, used 90494K [0x0000000702a00000, 0x0000000800000000)
  region size 2048K, 4 young (8192K), 4 survivors (8192K)
 Metaspace       used 115304K, committed 116288K, reserved 1155072K
  class space    used 15397K, committed 15872K, reserved 1048576K
}
Event: 4092.251 GC heap before
{Heap before GC invocations=57 (full 1):
 garbage-first heap   total 315392K, used 113022K [0x0000000702a00000, 0x0000000800000000)
  region size 2048K, 5 young (10240K), 4 survivors (8192K)
 Metaspace       used 115305K, committed 116288K, reserved 1155072K
  class space    used 15397K, committed 15872K, reserved 1048576K
}
Event: 4092.254 GC heap after
{Heap after GC invocations=58 (full 1):
 garbage-first heap   total 315392K, used 108831K [0x0000000702a00000, 0x0000000800000000)
  region size 2048K, 4 young (8192K), 4 survivors (8192K)
 Metaspace       used 115305K, committed 116288K, reserved 1155072K
  class space    used 15397K, committed 15872K, reserved 1048576K
}
Event: 7242.309 GC heap before
{Heap before GC invocations=58 (full 1):
 garbage-first heap   total 315392K, used 174367K [0x0000000702a00000, 0x0000000800000000)
  region size 2048K, 35 young (71680K), 4 survivors (8192K)
 Metaspace       used 115331K, committed 116352K, reserved 1155072K
  class space    used 15397K, committed 15872K, reserved 1048576K
}
Event: 7242.474 GC heap after
{Heap after GC invocations=59 (full 2):
 garbage-first heap   total 280576K, used 76889K [0x0000000702a00000, 0x0000000800000000)
  region size 2048K, 0 young (0K), 0 survivors (0K)
 Metaspace       used 115162K, committed 116352K, reserved 1155072K
  class space    used 15358K, committed 15872K, reserved 1048576K
}
Event: 8257.100 GC heap before
{Heap before GC invocations=59 (full 2):
 garbage-first heap   total 280576K, used 222297K [0x0000000702a00000, 0x0000000800000000)
  region size 2048K, 72 young (147456K), 0 survivors (0K)
 Metaspace       used 116173K, committed 117312K, reserved 1155072K
  class space    used 15486K, committed 16000K, reserved 1048576K
}
Event: 8257.107 GC heap after
{Heap after GC invocations=60 (full 2):
 garbage-first heap   total 280576K, used 84725K [0x0000000702a00000, 0x0000000800000000)
  region size 2048K, 4 young (8192K), 4 survivors (8192K)
 Metaspace       used 116173K, committed 117312K, reserved 1155072K
  class space    used 15486K, committed 16000K, reserved 1048576K
}
Event: 8257.648 GC heap before
{Heap before GC invocations=61 (full 2):
 garbage-first heap   total 280576K, used 135925K [0x0000000702a00000, 0x0000000800000000)
  region size 2048K, 31 young (63488K), 4 survivors (8192K)
 Metaspace       used 116375K, committed 117504K, reserved 1155072K
  class space    used 15479K, committed 16000K, reserved 1048576K
}
Event: 8257.653 GC heap after
{Heap after GC invocations=62 (full 2):
 garbage-first heap   total 280576K, used 84210K [0x0000000702a00000, 0x0000000800000000)
  region size 2048K, 4 young (8192K), 4 survivors (8192K)
 Metaspace       used 116375K, committed 117504K, reserved 1155072K
  class space    used 15479K, committed 16000K, reserved 1048576K
}
Event: 8308.702 GC heap before
{Heap before GC invocations=63 (full 2):
 garbage-first heap   total 280576K, used 196850K [0x0000000702a00000, 0x0000000800000000)
  region size 2048K, 48 young (98304K), 4 survivors (8192K)
 Metaspace       used 116570K, committed 117632K, reserved 1155072K
  class space    used 15488K, committed 16000K, reserved 1048576K
}
Event: 8308.708 GC heap after
{Heap after GC invocations=64 (full 2):
 garbage-first heap   total 280576K, used 84002K [0x0000000702a00000, 0x0000000800000000)
  region size 2048K, 4 young (8192K), 4 survivors (8192K)
 Metaspace       used 116570K, committed 117632K, reserved 1155072K
  class space    used 15488K, committed 16000K, reserved 1048576K
}
Event: 9363.923 GC heap before
{Heap before GC invocations=65 (full 2):
 garbage-first heap   total 280576K, used 247842K [0x0000000702a00000, 0x0000000800000000)
  region size 2048K, 72 young (147456K), 4 survivors (8192K)
 Metaspace       used 116979K, committed 118144K, reserved 1155072K
  class space    used 15533K, committed 16064K, reserved 1048576K
}
Event: 9363.927 GC heap after
{Heap after GC invocations=66 (full 2):
 garbage-first heap   total 280576K, used 79915K [0x0000000702a00000, 0x0000000800000000)
  region size 2048K, 2 young (4096K), 2 survivors (4096K)
 Metaspace       used 116979K, committed 118144K, reserved 1155072K
  class space    used 15533K, committed 16064K, reserved 1048576K
}
Event: 9596.246 GC heap before
{Heap before GC invocations=66 (full 2):
 garbage-first heap   total 280576K, used 172075K [0x0000000702a00000, 0x0000000800000000)
  region size 2048K, 49 young (100352K), 2 survivors (4096K)
 Metaspace       used 117161K, committed 118336K, reserved 1155072K
  class space    used 15533K, committed 16064K, reserved 1048576K
}
Event: 9596.254 GC heap after
{Heap after GC invocations=67 (full 2):
 garbage-first heap   total 280576K, used 93443K [0x0000000702a00000, 0x0000000800000000)
  region size 2048K, 9 young (18432K), 9 survivors (18432K)
 Metaspace       used 117161K, committed 118336K, reserved 1155072K
  class space    used 15533K, committed 16064K, reserved 1048576K
}
Event: 9879.461 GC heap before
{Heap before GC invocations=68 (full 2):
 garbage-first heap   total 280576K, used 218371K [0x0000000702a00000, 0x0000000800000000)
  region size 2048K, 68 young (139264K), 9 survivors (18432K)
 Metaspace       used 117395K, committed 118592K, reserved 1155072K
  class space    used 15542K, committed 16064K, reserved 1048576K
}
Event: 9879.464 GC heap after
{Heap after GC invocations=69 (full 2):
 garbage-first heap   total 280576K, used 80853K [0x0000000702a00000, 0x0000000800000000)
  region size 2048K, 2 young (4096K), 2 survivors (4096K)
 Metaspace       used 117395K, committed 118592K, reserved 1155072K
  class space    used 15542K, committed 16064K, reserved 1048576K
}
Event: 10042.458 GC heap before
{Heap before GC invocations=69 (full 2):
 garbage-first heap   total 280576K, used 216021K [0x0000000702a00000, 0x0000000800000000)
  region size 2048K, 69 young (141312K), 2 survivors (4096K)
 Metaspace       used 119266K, committed 121024K, reserved 1155072K
  class space    used 15911K, committed 16704K, reserved 1048576K
}
Event: 10042.462 GC heap after
{Heap after GC invocations=70 (full 2):
 garbage-first heap   total 280576K, used 83846K [0x0000000702a00000, 0x0000000800000000)
  region size 2048K, 3 young (6144K), 3 survivors (6144K)
 Metaspace       used 119266K, committed 121024K, reserved 1155072K
  class space    used 15911K, committed 16704K, reserved 1048576K
}

Dll operation events (2 events):
Event: 0.010 Loaded shared library C:\Program Files\Android\Android Studio\jbr\bin\java.dll
Event: 0.401 Loaded shared library C:\Program Files\Android\Android Studio\jbr\bin\verify.dll

Deoptimization events (20 events):
Event: 9880.937 Thread 0x00000278a2c965e0 DEOPT PACKING pc=0x00000278877996b0 sp=0x0000007de68fbea0
Event: 9880.937 Thread 0x00000278a2c965e0 DEOPT UNPACKING pc=0x000002788cfe7143 sp=0x0000007de68fb340 mode 0
Event: 10016.576 Thread 0x00000278a2c92280 Uncommon trap: trap_request=0xffffffd6 fr.pc=0x000002788e3cc9e8 relative=0x0000000000000ea8
Event: 10016.576 Thread 0x00000278a2c92280 Uncommon trap: reason=array_check action=maybe_recompile pc=0x000002788e3cc9e8 method=com.google.common.collect.RegularImmutableMap.fromEntryArray(I[Ljava/util/Map$Entry;)Lcom/google/common/collect/ImmutableMap; @ 157 c2
Event: 10016.576 Thread 0x00000278a2c92280 DEOPT PACKING pc=0x000002788e3cc9e8 sp=0x0000007ddfbf9300
Event: 10016.576 Thread 0x00000278a2c92280 DEOPT UNPACKING pc=0x000002788cfe69a3 sp=0x0000007ddfbf92a0 mode 2
Event: 10016.576 Thread 0x00000278a2c92280 Uncommon trap: trap_request=0xffffffd6 fr.pc=0x000002788e3cc9e8 relative=0x0000000000000ea8
Event: 10016.576 Thread 0x00000278a2c92280 Uncommon trap: reason=array_check action=maybe_recompile pc=0x000002788e3cc9e8 method=com.google.common.collect.RegularImmutableMap.fromEntryArray(I[Ljava/util/Map$Entry;)Lcom/google/common/collect/ImmutableMap; @ 157 c2
Event: 10016.576 Thread 0x00000278a2c92280 DEOPT PACKING pc=0x000002788e3cc9e8 sp=0x0000007ddfbf9300
Event: 10016.576 Thread 0x00000278a2c92280 DEOPT UNPACKING pc=0x000002788cfe69a3 sp=0x0000007ddfbf92a0 mode 2
Event: 10016.577 Thread 0x00000278a2c92280 Uncommon trap: trap_request=0xffffffd6 fr.pc=0x000002788e3cc9e8 relative=0x0000000000000ea8
Event: 10016.577 Thread 0x00000278a2c92280 Uncommon trap: reason=array_check action=maybe_recompile pc=0x000002788e3cc9e8 method=com.google.common.collect.RegularImmutableMap.fromEntryArray(I[Ljava/util/Map$Entry;)Lcom/google/common/collect/ImmutableMap; @ 157 c2
Event: 10016.577 Thread 0x00000278a2c92280 DEOPT PACKING pc=0x000002788e3cc9e8 sp=0x0000007ddfbf91a0
Event: 10016.577 Thread 0x00000278a2c92280 DEOPT UNPACKING pc=0x000002788cfe69a3 sp=0x0000007ddfbf9140 mode 2
Event: 10016.577 Thread 0x00000278a2c92280 Uncommon trap: trap_request=0xffffffd6 fr.pc=0x000002788e3cc9e8 relative=0x0000000000000ea8
Event: 10016.577 Thread 0x00000278a2c92280 Uncommon trap: reason=array_check action=maybe_recompile pc=0x000002788e3cc9e8 method=com.google.common.collect.RegularImmutableMap.fromEntryArray(I[Ljava/util/Map$Entry;)Lcom/google/common/collect/ImmutableMap; @ 157 c2
Event: 10016.577 Thread 0x00000278a2c92280 DEOPT PACKING pc=0x000002788e3cc9e8 sp=0x0000007ddfbf9180
Event: 10016.577 Thread 0x00000278a2c92280 DEOPT UNPACKING pc=0x000002788cfe69a3 sp=0x0000007ddfbf9120 mode 2
Event: 10042.614 Thread 0x00000278a2c92280 DEOPT PACKING pc=0x0000027887c8b213 sp=0x0000007ddfbf7230
Event: 10042.614 Thread 0x00000278a2c92280 DEOPT UNPACKING pc=0x000002788cfe7143 sp=0x0000007ddfbf67b0 mode 0

Classes unloaded (20 events):
Event: 8257.202 Thread 0x00000278a165dc60 Unloading class 0x0000000800c8b400 'java/lang/invoke/LambdaForm$MH+0x0000000800c8b400'
Event: 8257.202 Thread 0x00000278a165dc60 Unloading class 0x0000000800bdbc00 'jdk/internal/reflect/GeneratedSerializationConstructorAccessor63'
Event: 8257.202 Thread 0x00000278a165dc60 Unloading class 0x0000000800bd9800 'jdk/internal/reflect/GeneratedSerializationConstructorAccessor55'
Event: 8257.202 Thread 0x00000278a165dc60 Unloading class 0x0000000800bd9400 'jdk/internal/reflect/GeneratedSerializationConstructorAccessor54'
Event: 8257.202 Thread 0x00000278a165dc60 Unloading class 0x0000000800bd9000 'jdk/internal/reflect/GeneratedSerializationConstructorAccessor53'
Event: 8257.202 Thread 0x00000278a165dc60 Unloading class 0x0000000800bd8c00 'jdk/internal/reflect/GeneratedSerializationConstructorAccessor52'
Event: 8257.202 Thread 0x00000278a165dc60 Unloading class 0x0000000800b60800 'jdk/internal/reflect/GeneratedSerializationConstructorAccessor41'
Event: 8257.202 Thread 0x00000278a165dc60 Unloading class 0x0000000800b48000 'jdk/internal/reflect/GeneratedSerializationConstructorAccessor29'
Event: 8257.202 Thread 0x00000278a165dc60 Unloading class 0x000000080084dc00 'java/lang/invoke/LambdaForm$MH+0x000000080084dc00'
Event: 8257.202 Thread 0x00000278a165dc60 Unloading class 0x000000080084d800 'java/lang/invoke/LambdaForm$MH+0x000000080084d800'
Event: 8257.202 Thread 0x00000278a165dc60 Unloading class 0x000000080084d400 'java/lang/invoke/LambdaForm$MH+0x000000080084d400'
Event: 8257.202 Thread 0x00000278a165dc60 Unloading class 0x000000080084d000 'java/lang/invoke/LambdaForm$MH+0x000000080084d000'
Event: 8257.202 Thread 0x00000278a165dc60 Unloading class 0x000000080084cc00 'java/lang/invoke/LambdaForm$MH+0x000000080084cc00'
Event: 8257.202 Thread 0x00000278a165dc60 Unloading class 0x000000080084c800 'java/lang/invoke/LambdaForm$MH+0x000000080084c800'
Event: 8257.202 Thread 0x00000278a165dc60 Unloading class 0x000000080084c400 'java/lang/invoke/LambdaForm$MH+0x000000080084c400'
Event: 8257.202 Thread 0x00000278a165dc60 Unloading class 0x000000080084c000 'java/lang/invoke/LambdaForm$MH+0x000000080084c000'
Event: 8257.202 Thread 0x00000278a165dc60 Unloading class 0x000000080073c800 'java/lang/invoke/LambdaForm$MH+0x000000080073c800'
Event: 8257.202 Thread 0x00000278a165dc60 Unloading class 0x000000080073c000 'java/lang/invoke/LambdaForm$MH+0x000000080073c000'
Event: 8257.202 Thread 0x00000278a165dc60 Unloading class 0x0000000800520400 'java/lang/invoke/LambdaForm$MH+0x0000000800520400'
Event: 8257.202 Thread 0x00000278a165dc60 Unloading class 0x000000080018cc00 'java/lang/invoke/LambdaForm$MH+0x000000080018cc00'

Classes redefined (0 events):
No events

Internal exceptions (20 events):
Event: 9596.291 Thread 0x00000278a2c94900 Exception <a 'java/lang/NoSuchMethodError'{0x0000000713b89238}: static Lcom/android/ide/common/resources/CompileResourceRequest;.<clinit>()V> (0x0000000713b89238) 
thrown [s\src\hotspot\share\prims\jni.cpp, line 1108]
Event: 9596.556 Thread 0x00000278a2c93f60 Exception <a 'java/lang/NoSuchMethodError'{0x0000000712f02368}: static Lcom/android/build/gradle/internal/res/LinkApplicationAndroidResourcesTask$AaptSplitInvokerParams;.<clinit>()V> (0x0000000712f02368) 
thrown [s\src\hotspot\share\prims\jni.cpp, line 1108]
Event: 9596.558 Thread 0x00000278a2c93f60 Exception <a 'java/lang/NoSuchMethodError'{0x0000000712f1bb78}: static Lcom/android/builder/internal/aapt/AaptOptions;.<clinit>()V> (0x0000000712f1bb78) 
thrown [s\src\hotspot\share\prims\jni.cpp, line 1108]
Event: 9596.559 Thread 0x00000278a2c93f60 Exception <a 'java/lang/NoSuchMethodError'{0x0000000712f3c5c8}: static Ljava/lang/Object;.<clinit>()V> (0x0000000712f3c5c8) 
thrown [s\src\hotspot\share\prims\jni.cpp, line 1108]
Event: 9597.377 Thread 0x00000278a2c92750 Exception <a 'sun/nio/fs/WindowsException'{0x0000000711d0b6a8}> (0x0000000711d0b6a8) 
thrown [s\src\hotspot\share\prims\jni.cpp, line 517]
Event: 9597.377 Thread 0x00000278a2c92750 Exception <a 'sun/nio/fs/WindowsException'{0x0000000711d0ba58}> (0x0000000711d0ba58) 
thrown [s\src\hotspot\share\prims\jni.cpp, line 517]
Event: 9597.377 Thread 0x00000278a2c92750 Exception <a 'sun/nio/fs/WindowsException'{0x0000000711d0bec0}> (0x0000000711d0bec0) 
thrown [s\src\hotspot\share\prims\jni.cpp, line 517]
Event: 9597.496 Thread 0x00000278aa0c1b70 Exception <a 'java/lang/InterruptedException'{0x0000000710289790}> (0x0000000710289790) 
thrown [s\src\hotspot\share\runtime\objectMonitor.cpp, line 1648]
Event: 9598.759 Thread 0x00000278a2c93f60 Exception <a 'java/lang/reflect/InvocationTargetException'{0x00000007103b2cb8}> (0x00000007103b2cb8) 
thrown [s\src\hotspot\share\runtime\reflection.cpp, line 1127]
Event: 9610.280 Thread 0x00000278a7fdc520 Exception <a 'sun/nio/fs/WindowsException'{0x000000070ebb67e0}> (0x000000070ebb67e0) 
thrown [s\src\hotspot\share\prims\jni.cpp, line 517]
Event: 9610.469 Thread 0x00000278a7fd9ea0 Exception <a 'java/lang/InterruptedException'{0x000000070c43ba18}> (0x000000070c43ba18) 
thrown [s\src\hotspot\share\runtime\objectMonitor.cpp, line 1648]
Event: 9611.658 Thread 0x00000278a7fdd390 Exception <a 'java/lang/reflect/InvocationTargetException'{0x000000070c561210}> (0x000000070c561210) 
thrown [s\src\hotspot\share\runtime\reflection.cpp, line 1127]
Event: 9879.558 Thread 0x00000278a7fdeba0 Exception <a 'sun/nio/fs/WindowsException'{0x0000000712b57bd8}> (0x0000000712b57bd8) 
thrown [s\src\hotspot\share\prims\jni.cpp, line 517]
Event: 9879.723 Thread 0x00000278a2c93f60 Exception <a 'java/lang/InterruptedException'{0x0000000711983308}> (0x0000000711983308) 
thrown [s\src\hotspot\share\runtime\objectMonitor.cpp, line 1648]
Event: 9880.909 Thread 0x00000278a7fdeba0 Exception <a 'java/lang/reflect/InvocationTargetException'{0x00000007116b7c20}> (0x00000007116b7c20) 
thrown [s\src\hotspot\share\runtime\reflection.cpp, line 1127]
Event: 10016.648 Thread 0x00000278a2c92280 Exception <a 'sun/nio/fs/WindowsException'{0x000000070f1148a8}> (0x000000070f1148a8) 
thrown [s\src\hotspot\share\prims\jni.cpp, line 517]
Event: 10016.845 Thread 0x00000278a7fd9ea0 Exception <a 'java/lang/InterruptedException'{0x000000070dc551c8}> (0x000000070dc551c8) 
thrown [s\src\hotspot\share\runtime\objectMonitor.cpp, line 1648]
Event: 10018.378 Thread 0x00000278a7fdd390 Exception <a 'java/lang/reflect/InvocationTargetException'{0x000000070da763d0}> (0x000000070da763d0) 
thrown [s\src\hotspot\share\runtime\reflection.cpp, line 1127]
Event: 10042.409 Thread 0x00000278a2c92280 Exception <a 'sun/nio/fs/WindowsException'{0x000000070bffbfa8}> (0x000000070bffbfa8) 
thrown [s\src\hotspot\share\prims\jni.cpp, line 517]
Event: 10042.577 Thread 0x00000278a2c918e0 Exception <a 'java/lang/InterruptedException'{0x0000000713163ca8}> (0x0000000713163ca8) 
thrown [s\src\hotspot\share\runtime\objectMonitor.cpp, line 1648]

VM Operations (20 events):
Event: 9879.461 Executing VM operation: G1CollectForAllocation
Event: 9879.464 Executing VM operation: G1CollectForAllocation done
Event: 9879.550 Executing VM operation: HandshakeAllThreads
Event: 9879.550 Executing VM operation: HandshakeAllThreads done
Event: 9880.554 Executing VM operation: Cleanup
Event: 9880.555 Executing VM operation: Cleanup done
Event: 9881.556 Executing VM operation: Cleanup
Event: 9881.556 Executing VM operation: Cleanup done
Event: 9910.573 Executing VM operation: Cleanup
Event: 9910.573 Executing VM operation: Cleanup done
Event: 10016.635 Executing VM operation: Cleanup
Event: 10016.635 Executing VM operation: Cleanup done
Event: 10018.636 Executing VM operation: Cleanup
Event: 10018.636 Executing VM operation: Cleanup done
Event: 10042.458 Executing VM operation: G1CollectForAllocation
Event: 10042.462 Executing VM operation: G1CollectForAllocation done
Event: 10042.536 Executing VM operation: G1Concurrent
Event: 10042.541 Executing VM operation: G1Concurrent done
Event: 10042.561 Executing VM operation: G1Concurrent
Event: 10042.561 Executing VM operation: G1Concurrent done

Events (20 events):
Event: 10042.338 Thread 0x00000278a7fd9500 Thread added: 0x00000278a7fd9500
Event: 10042.339 Thread 0x00000278a7fdf540 Thread added: 0x00000278a7fdf540
Event: 10042.339 Thread 0x00000278a7fd9030 Thread added: 0x00000278a7fd9030
Event: 10042.339 Thread 0x00000278a7fd8b60 Thread added: 0x00000278a7fd8b60
Event: 10042.339 Thread 0x00000278a7fda840 Thread added: 0x00000278a7fda840
Event: 10042.339 Thread 0x00000278a7fdfee0 Thread added: 0x00000278a7fdfee0
Event: 10042.351 Thread 0x00000278a7dbecc0 Thread added: 0x00000278a7dbecc0
Event: 10042.431 Thread 0x00000278a7fdbb80 Thread added: 0x00000278a7fdbb80
Event: 10042.431 Thread 0x00000278a7fe03b0 Thread added: 0x00000278a7fe03b0
Event: 10042.431 Thread 0x00000278a7fd99d0 Thread added: 0x00000278a7fd99d0
Event: 10042.431 Thread 0x00000278a7fdc9f0 Thread added: 0x00000278a7fdc9f0
Event: 10042.431 Thread 0x00000278a7fdd390 Thread added: 0x00000278a7fdd390
Event: 10042.431 Thread 0x00000278a2c97920 Thread added: 0x00000278a2c97920
Event: 10042.431 Thread 0x00000278a2c92750 Thread added: 0x00000278a2c92750
Event: 10042.432 Thread 0x00000278a2c99130 Thread added: 0x00000278a2c99130
Event: 10042.464 Thread 0x00000278a2c93f60 Thread exited: 0x00000278a2c93f60
Event: 10042.464 Thread 0x00000278a7fd9ea0 Thread exited: 0x00000278a7fd9ea0
Event: 10042.575 Thread 0x00000278a2c918e0 Thread added: 0x00000278a2c918e0
Event: 10042.582 Thread 0x00000278a2c98c60 Thread added: 0x00000278a2c98c60
Event: 10042.619 Thread 0x00000278a2c93f60 Thread added: 0x00000278a2c93f60


Dynamic libraries:
0x00007ff7226c0000 - 0x00007ff7226ca000 	C:\Program Files\Android\Android Studio\jbr\bin\java.exe
0x00007fff13530000 - 0x00007fff13728000 	C:\WINDOWS\SYSTEM32\ntdll.dll
0x00007fff12470000 - 0x00007fff1252f000 	C:\WINDOWS\System32\KERNEL32.DLL
0x00007fff10c10000 - 0x00007fff10f06000 	C:\WINDOWS\System32\KERNELBASE.dll
0x00007fff11030000 - 0x00007fff11130000 	C:\WINDOWS\System32\ucrtbase.dll
0x00007fff02c10000 - 0x00007fff02c2b000 	C:\Program Files\Android\Android Studio\jbr\bin\VCRUNTIME140.dll
0x00007fff01750000 - 0x00007fff01767000 	C:\Program Files\Android\Android Studio\jbr\bin\jli.dll
0x00007fff12830000 - 0x00007fff129cd000 	C:\WINDOWS\System32\USER32.dll
0x00007fff11130000 - 0x00007fff11152000 	C:\WINDOWS\System32\win32u.dll
0x00007fff12b20000 - 0x00007fff12b4c000 	C:\WINDOWS\System32\GDI32.dll
0x00007fff10f10000 - 0x00007fff11025000 	C:\WINDOWS\System32\gdi32full.dll
0x00007fff03160000 - 0x00007fff033fa000 	C:\WINDOWS\WinSxS\amd64_microsoft.windows.common-controls_6595b64144ccf1df_6.0.19041.1110_none_60b5254171f9507e\COMCTL32.dll
0x00007fff11160000 - 0x00007fff111fd000 	C:\WINDOWS\System32\msvcp_win.dll
0x00007fff11590000 - 0x00007fff1162e000 	C:\WINDOWS\System32\msvcrt.dll
0x00007fff12c60000 - 0x00007fff12c90000 	C:\WINDOWS\System32\IMM32.DLL
0x00007fff0c5a0000 - 0x00007fff0c5ac000 	C:\Program Files\Android\Android Studio\jbr\bin\vcruntime140_1.dll
0x00007fff02b80000 - 0x00007fff02c0d000 	C:\Program Files\Android\Android Studio\jbr\bin\msvcp140.dll
0x00007ffe752e0000 - 0x00007ffe75f4e000 	C:\Program Files\Android\Android Studio\jbr\bin\server\jvm.dll
0x00007fff12a70000 - 0x00007fff12b1f000 	C:\WINDOWS\System32\ADVAPI32.dll
0x00007fff129d0000 - 0x00007fff12a6c000 	C:\WINDOWS\System32\sechost.dll
0x00007fff11720000 - 0x00007fff11846000 	C:\WINDOWS\System32\RPCRT4.dll
0x00007ffeefec0000 - 0x00007ffeefec9000 	C:\WINDOWS\SYSTEM32\WSOCK32.dll
0x00007fff05430000 - 0x00007fff05457000 	C:\WINDOWS\SYSTEM32\WINMM.dll
0x00007fff12600000 - 0x00007fff1266b000 	C:\WINDOWS\System32\WS2_32.dll
0x00007fff0acb0000 - 0x00007fff0acba000 	C:\WINDOWS\SYSTEM32\VERSION.dll
0x00007fff0ead0000 - 0x00007fff0eae2000 	C:\WINDOWS\SYSTEM32\kernel.appcore.dll
0x00007fff0c560000 - 0x00007fff0c56a000 	C:\Program Files\Android\Android Studio\jbr\bin\jimage.dll
0x00007fff071d0000 - 0x00007fff073b4000 	C:\WINDOWS\SYSTEM32\DBGHELP.DLL
0x00007ffee3850000 - 0x00007ffee3884000 	C:\WINDOWS\SYSTEM32\dbgcore.DLL
0x00007fff11500000 - 0x00007fff11582000 	C:\WINDOWS\System32\bcryptPrimitives.dll
0x00007fff03f30000 - 0x00007fff03f55000 	C:\Program Files\Android\Android Studio\jbr\bin\java.dll
0x00007fff07140000 - 0x00007fff07158000 	C:\Program Files\Android\Android Studio\jbr\bin\zip.dll
0x00007fff11cc0000 - 0x00007fff12404000 	C:\WINDOWS\System32\SHELL32.dll
0x00007fff0ecd0000 - 0x00007fff0f463000 	C:\WINDOWS\SYSTEM32\windows.storage.dll
0x00007fff12ca0000 - 0x00007fff12ff4000 	C:\WINDOWS\System32\combase.dll
0x00007fff10580000 - 0x00007fff105ae000 	C:\WINDOWS\SYSTEM32\Wldp.dll
0x00007fff13080000 - 0x00007fff1312d000 	C:\WINDOWS\System32\SHCORE.dll
0x00007fff11630000 - 0x00007fff11685000 	C:\WINDOWS\System32\shlwapi.dll
0x00007fff10b40000 - 0x00007fff10b65000 	C:\WINDOWS\SYSTEM32\profapi.dll
0x00007fff04030000 - 0x00007fff04049000 	C:\Program Files\Android\Android Studio\jbr\bin\net.dll
0x00007fff0b270000 - 0x00007fff0b37a000 	C:\WINDOWS\SYSTEM32\WINHTTP.dll
0x00007fff102e0000 - 0x00007fff1034a000 	C:\WINDOWS\system32\mswsock.dll
0x00007fff03ed0000 - 0x00007fff03ee6000 	C:\Program Files\Android\Android Studio\jbr\bin\nio.dll
0x00007fff0b800000 - 0x00007fff0b810000 	C:\Program Files\Android\Android Studio\jbr\bin\verify.dll
0x00007ffef4d50000 - 0x00007ffef4d77000 	C:\Users\lee\.gradle\native\e1d6ef7f7dcc3fd88c89a11ec53ec762bb8ba0a96d01ffa2cd45eb1d1d8dd5c5\windows-amd64\native-platform.dll
0x00007fff02a30000 - 0x00007fff02b74000 	C:\Users\lee\.gradle\native\5664cfc778a61ccfe75a443a1ab52a65af34e5dc3c78e0209fed803814484fcb\windows-amd64\native-platform-file-events.dll
0x00007fff06bb0000 - 0x00007fff06bb9000 	C:\Program Files\Android\Android Studio\jbr\bin\management.dll
0x00007fff06a80000 - 0x00007fff06a8b000 	C:\Program Files\Android\Android Studio\jbr\bin\management_ext.dll
0x00007fff11710000 - 0x00007fff11718000 	C:\WINDOWS\System32\PSAPI.DLL
0x00007fff104e0000 - 0x00007fff104f8000 	C:\WINDOWS\SYSTEM32\CRYPTSP.dll
0x00007fff0fbf0000 - 0x00007fff0fc24000 	C:\WINDOWS\system32\rsaenh.dll
0x00007fff114d0000 - 0x00007fff114f7000 	C:\WINDOWS\System32\bcrypt.dll
0x00007fff10a70000 - 0x00007fff10a9e000 	C:\WINDOWS\SYSTEM32\USERENV.dll
0x00007fff104d0000 - 0x00007fff104dc000 	C:\WINDOWS\SYSTEM32\CRYPTBASE.dll
0x00007fff0ffd0000 - 0x00007fff1000b000 	C:\WINDOWS\SYSTEM32\IPHLPAPI.DLL
0x00007fff12670000 - 0x00007fff12678000 	C:\WINDOWS\System32\NSI.dll
0x00007fff098e0000 - 0x00007fff098f7000 	C:\WINDOWS\SYSTEM32\dhcpcsvc6.DLL
0x00007fff09870000 - 0x00007fff0988d000 	C:\WINDOWS\SYSTEM32\dhcpcsvc.DLL
0x00007fff10010000 - 0x00007fff100da000 	C:\WINDOWS\SYSTEM32\DNSAPI.dll
0x00007ffe6f560000 - 0x00007ffe6f567000 	C:\WINDOWS\system32\wshunix.dll
0x00007fff02a10000 - 0x00007fff02a2e000 	C:\Users\lee\AppData\Local\Temp\native-platform5318227933677059328dir\native-platform.dll
0x00007fff0abd0000 - 0x00007fff0abd7000 	C:\Program Files\Android\Android Studio\jbr\bin\rmi.dll

dbghelp: loaded successfully - version: 4.0.5 - missing functions: none
symbol engine: initialized successfully - sym options: 0x614 - pdb path: .;C:\Program Files\Android\Android Studio\jbr\bin;C:\WINDOWS\SYSTEM32;C:\WINDOWS\WinSxS\amd64_microsoft.windows.common-controls_6595b64144ccf1df_6.0.19041.1110_none_60b5254171f9507e;C:\Program Files\Android\Android Studio\jbr\bin\server;C:\Users\lee\.gradle\native\e1d6ef7f7dcc3fd88c89a11ec53ec762bb8ba0a96d01ffa2cd45eb1d1d8dd5c5\windows-amd64;C:\Users\lee\.gradle\native\5664cfc778a61ccfe75a443a1ab52a65af34e5dc3c78e0209fed803814484fcb\windows-amd64;C:\Users\lee\AppData\Local\Temp\native-platform5318227933677059328dir

VM Arguments:
jvm_args: --add-opens=java.base/java.io=ALL-UNNAMED --add-opens=java.base/java.util=ALL-UNNAMED --add-opens=java.base/java.lang=ALL-UNNAMED --add-opens=java.base/java.lang.invoke=ALL-UNNAMED --add-opens=java.base/java.util=ALL-UNNAMED --add-opens=java.prefs/java.util.prefs=ALL-UNNAMED --add-opens=java.prefs/java.util.prefs=ALL-UNNAMED --add-opens=java.base/java.nio.charset=ALL-UNNAMED --add-opens=java.base/java.net=ALL-UNNAMED --add-opens=java.base/java.util.concurrent.atomic=ALL-UNNAMED -Dfile.encoding=x-windows-949 -Duser.country=KR -Duser.language=ko -Duser.variant 
java_command: org.gradle.launcher.daemon.bootstrap.GradleDaemon 7.2
java_class_path (initial): C:\Users\lee\.gradle\wrapper\dists\gradle-7.2-bin\2dnblmf4td7x66yl1d74lt32g\gradle-7.2\lib\gradle-launcher-7.2.jar
Launcher Type: SUN_STANDARD

[Global flags]
     intx CICompilerCount                          = 4                                         {product} {ergonomic}
     uint ConcGCThreads                            = 2                                         {product} {ergonomic}
     uint G1ConcRefinementThreads                  = 8                                         {product} {ergonomic}
   size_t G1HeapRegionSize                         = 2097152                                   {product} {ergonomic}
    uintx GCDrainStackTargetSize                   = 64                                        {product} {ergonomic}
   size_t InitialHeapSize                          = 266338304                                 {product} {ergonomic}
   size_t MarkStackSize                            = 4194304                                   {product} {ergonomic}
   size_t MaxHeapSize                              = 4250927104                                {product} {ergonomic}
   size_t MaxNewSize                               = 2550136832                                {product} {ergonomic}
   size_t MinHeapDeltaBytes                        = 2097152                                   {product} {ergonomic}
   size_t MinHeapSize                              = 8388608                                   {product} {ergonomic}
    uintx NonNMethodCodeHeapSize                   = 5839372                                {pd product} {ergonomic}
    uintx NonProfiledCodeHeapSize                  = 122909434                              {pd product} {ergonomic}
    uintx ProfiledCodeHeapSize                     = 122909434                              {pd product} {ergonomic}
    uintx ReservedCodeCacheSize                    = 251658240                              {pd product} {ergonomic}
     bool SegmentedCodeCache                       = true                                      {product} {ergonomic}
   size_t SoftMaxHeapSize                          = 4250927104                             {manageable} {ergonomic}
     bool UseCompressedClassPointers               = true                           {product lp64_product} {ergonomic}
     bool UseCompressedOops                        = true                           {product lp64_product} {ergonomic}
     bool UseG1GC                                  = true                                      {product} {ergonomic}
     bool UseLargePagesIndividualAllocation        = false                                  {pd product} {ergonomic}

Logging:
Log output configuration:
 #0: stdout all=warning uptime,level,tags
 #1: stderr all=off uptime,level,tags

Environment Variables:
PATH=C:\app\lee\product\21c\dbhomeXE\bin;C:\Users\lee\Downloads\WINDOWS.X64_193000_db_home\bin;C:\Windows\system32;C:\Windows;C:\Windows\System32\Wbem;C:\Windows\System32\WindowsPowerShell\v1.0\;C:\Windows\System32\OpenSSH\;C:\Program Files (x86)\NVIDIA Corporation\PhysX\Common;C:\Program Files\NVIDIA Corporation\NVIDIA NvDLISR;C:\WINDOWS\system32;C:\WINDOWS;C:\WINDOWS\System32\Wbem;C:\WINDOWS\System32\WindowsPowerShell\v1.0\;C:\WINDOWS\System32\OpenSSH\;C:\Program Files (x86)\NetSarang\Xshell 7\;C:\Program Files\Bandizip\;C:\Users\lee\AppData\Local\Programs\Python\Python310\Scripts\;C:\Users\lee\AppData\Local\Programs\Python\Python310\;C:\Users\lee\AppData\Local\Microsoft\WindowsApps;C:\Users\lee\AppData\Local\GitHubDesktop\bin;C:\Users\lee\AppData\Local\Programs\Microsoft VS Code\bin
USERNAME=lee
OS=Windows_NT
PROCESSOR_IDENTIFIER=Intel64 Family 6 Model 165 Stepping 3, GenuineIntel
TMP=C:\Users\lee\AppData\Local\Temp
TEMP=C:\Users\lee\AppData\Local\Temp


JNI global refs:
JNI global refs: 28, weak refs: 0

JNI global refs memory usage: 843, weak refs: 841


---------------  S Y S T E M  ---------------

OS:
 Windows 10 , 64 bit Build 19041 (10.0.19041.3155)
OS uptime: 1 days 14:36 hours

CPU: total 8 (initial active 8) (4 cores per cpu, 2 threads per core) family 6 model 165 stepping 3 microcode 0xca, cx8, cmov, fxsr, ht, mmx, 3dnowpref, sse, sse2, sse3, ssse3, sse4.1, sse4.2, popcnt, lzcnt, tsc, tscinvbit, avx, avx2, aes, erms, clmul, bmi1, bmi2, adx, fma, vzeroupper, clflush, clflushopt

Memory: 4k page, system-wide physical 16210M (1954M free)
TotalPageFile size 54113M (AvailPageFile size 69M)
current process WorkingSet (physical memory assigned to process): 524M, peak: 633M
current process commit charge ("private bytes"): 657M, peak: 746M

vm_info: OpenJDK 64-Bit Server VM (17.0.6+0-b2043.56-10027231) for windows-amd64 JRE (17.0.6+0-b2043.56-10027231), built on Apr 28 2023 00:43:19 by "androidbuild" with MS VC++ 16.10 / 16.11 (VS2019)

END.
